#
# There is insufficient memory for the Java Runtime Environment to continue.
# Native memory allocation (malloc) failed to allocate 65552 bytes. Error detail: Chunk::new
# Possible reasons:
#   The system is out of physical RAM or swap space
#   This process is running with CompressedOops enabled, and the Java Heap may be blocking the growth of the native heap
# Possible solutions:
#   Reduce memory load on the system
#   Increase physical memory or swap space
#   Check if swap backing store is full
#   Decrease Java heap size (-Xmx/-Xms)
#   Decrease number of Java threads
#   Decrease Java thread stack sizes (-Xss)
#   Set larger code cache with -XX:ReservedCodeCacheSize=
#   JVM is running with Unscaled Compressed Oops mode in which the Java heap is
#     placed in the first 4GB address space. The Java Heap base address is the
#     maximum limit for the native heap growth. Please use -XX:HeapBaseMinAddress
#     to set the Java Heap base and to place the Java Heap above 4GB virtual address.
# This output file may be truncated or incomplete.
#
#  Out of Memory Error (arena.cpp:168), pid=4256, tid=18360
#
# JRE version: OpenJDK Runtime Environment Temurin-21.0.8+9 (21.0.8+9) (build 21.0.8+9-LTS)
# Java VM: OpenJDK 64-Bit Server VM Temurin-21.0.8+9 (21.0.8+9-LTS, mixed mode, sharing, tiered, compressed oops, compressed class ptrs, parallel gc, windows-amd64)
# No core dump will be written. Minidumps are not enabled by default on client versions of Windows
#

---------------  S U M M A R Y ------------

Command Line: --add-modules=ALL-SYSTEM --add-opens=java.base/java.util=ALL-UNNAMED --add-opens=java.base/java.lang=ALL-UNNAMED --add-opens=java.base/sun.nio.fs=ALL-UNNAMED -Declipse.application=org.eclipse.jdt.ls.core.id1 -Dosgi.bundles.defaultStartLevel=4 -Declipse.product=org.eclipse.jdt.ls.core.product -Djava.import.generatesMetadataFilesAtProjectRoot=false -DDetectVMInstallationsJob.disabled=true -Dfile.encoding=utf8 -XX:+UseParallelGC -XX:GCTimeRatio=4 -XX:AdaptiveSizePolicyWeight=90 -Dsun.zip.disableMemoryMapping=true -Xmx2G -Xms100m -Xlog:disable -javaagent:c:\Users\Administrator\.vscode\extensions\redhat.java-1.45.0-win32-x64\lombok\lombok-1.18.39-4050.jar -XX:+HeapDumpOnOutOfMemoryError -XX:HeapDumpPath=c:\Users\Administrator\AppData\Roaming\Code\User\workspaceStorage\9f562e75b6faa5378a3157675aea7a30\redhat.java -Daether.dependencyCollector.impl=bf c:\Users\Administrator\.vscode\extensions\redhat.java-1.45.0-win32-x64\server\plugins\org.eclipse.equinox.launcher_1.7.0.v20250519-0528.jar -configuration c:\Users\Administrator\AppData\Roaming\Code\User\globalStorage\redhat.java\1.45.0\config_win -data c:\Users\Administrator\AppData\Roaming\Code\User\workspaceStorage\9f562e75b6faa5378a3157675aea7a30\redhat.java\jdt_ws --pipe=\\.\pipe\lsp-00b9941613fb7106b0e0909b1d0a02b5-sock

Host: Intel Xeon Processor (Cascadelake), 2 cores, 5G,  Windows 11 , 64 bit Build 26100 (10.0.26100.5074)
Time: Tue Sep 16 08:26:55 2025 GMT Summer Time elapsed time: 7.870499 seconds (0d 0h 0m 7s)

---------------  T H R E A D  ---------------

Current thread (0x000002c17e072b90):  JavaThread "C2 CompilerThread0" daemon [_thread_in_native, id=18360, stack(0x000000e353b00000,0x000000e353c00000) (1024K)]


Current CompileTask:
C2:7870 3384       4       java.lang.invoke.MethodType::makeImpl (109 bytes)

Stack: [0x000000e353b00000,0x000000e353c00000]
Native frames: (J=compiled Java code, j=interpreted, Vv=VM code, C=native code)
V  [jvm.dll+0x6d2449]
V  [jvm.dll+0x8ae341]
V  [jvm.dll+0x8b08be]
V  [jvm.dll+0x8b0fa3]
V  [jvm.dll+0x280c96]
V  [jvm.dll+0xc581d]
V  [jvm.dll+0xc5d53]
V  [jvm.dll+0xc5945]
V  [jvm.dll+0x6ad73c]
V  [jvm.dll+0x250789]
V  [jvm.dll+0x6f7c7c]
V  [jvm.dll+0x24a1b3]
V  [jvm.dll+0x2483a4]
V  [jvm.dll+0x1c89ee]
V  [jvm.dll+0x257d4d]
V  [jvm.dll+0x2562ea]
V  [jvm.dll+0x3f2d16]
V  [jvm.dll+0x857e6b]
V  [jvm.dll+0x6d0b0d]
C  [ucrtbase.dll+0x37b0]
C  [KERNEL32.DLL+0x2e8d7]
C  [ntdll.dll+0x8d9c]


---------------  P R O C E S S  ---------------

Threads class SMR info:
_java_thread_list=0x000002c17f220100, length=19, elements={
0x000002c174688c30, 0x000002c174867080, 0x000002c17486b9a0, 0x000002c17486d400,
0x000002c17486de50, 0x000002c17e06f210, 0x000002c17e06fad0, 0x000002c17e072b90,
0x000002c17e0e8890, 0x000002c17e7e64e0, 0x000002c17e9ff2b0, 0x000002c17ee87510,
0x000002c17f155630, 0x000002c17eff6f90, 0x000002c17eff8d50, 0x000002c17ef4dff0,
0x000002c17ef69680, 0x000002c1544be010, 0x000002c17f28d480
}

Java Threads: ( => current thread )
  0x000002c174688c30 JavaThread "main"                              [_thread_blocked, id=6724, stack(0x000000e353100000,0x000000e353200000) (1024K)]
  0x000002c174867080 JavaThread "Reference Handler"          daemon [_thread_blocked, id=2800, stack(0x000000e353500000,0x000000e353600000) (1024K)]
  0x000002c17486b9a0 JavaThread "Finalizer"                  daemon [_thread_blocked, id=12496, stack(0x000000e353600000,0x000000e353700000) (1024K)]
  0x000002c17486d400 JavaThread "Signal Dispatcher"          daemon [_thread_blocked, id=15272, stack(0x000000e353700000,0x000000e353800000) (1024K)]
  0x000002c17486de50 JavaThread "Attach Listener"            daemon [_thread_blocked, id=4676, stack(0x000000e353800000,0x000000e353900000) (1024K)]
  0x000002c17e06f210 JavaThread "Service Thread"             daemon [_thread_blocked, id=804, stack(0x000000e353900000,0x000000e353a00000) (1024K)]
  0x000002c17e06fad0 JavaThread "Monitor Deflation Thread"   daemon [_thread_blocked, id=5644, stack(0x000000e353a00000,0x000000e353b00000) (1024K)]
=>0x000002c17e072b90 JavaThread "C2 CompilerThread0"         daemon [_thread_in_native, id=18360, stack(0x000000e353b00000,0x000000e353c00000) (1024K)]
  0x000002c17e0e8890 JavaThread "C1 CompilerThread0"         daemon [_thread_blocked, id=14460, stack(0x000000e353c00000,0x000000e353d00000) (1024K)]
  0x000002c17e7e64e0 JavaThread "Common-Cleaner"             daemon [_thread_blocked, id=13736, stack(0x000000e353d00000,0x000000e353e00000) (1024K)]
  0x000002c17e9ff2b0 JavaThread "Notification Thread"        daemon [_thread_blocked, id=4668, stack(0x000000e353e00000,0x000000e353f00000) (1024K)]
  0x000002c17ee87510 JavaThread "Active Thread: Equinox Container: bbe4084e-e42c-415f-8310-e69f96d13373"        [_thread_blocked, id=15388, stack(0x000000e354000000,0x000000e354100000) (1024K)]
  0x000002c17f155630 JavaThread "Refresh Thread: Equinox Container: bbe4084e-e42c-415f-8310-e69f96d13373" daemon [_thread_blocked, id=15916, stack(0x000000e354100000,0x000000e354200000) (1024K)]
  0x000002c17eff6f90 JavaThread "Framework Event Dispatcher: Equinox Container: bbe4084e-e42c-415f-8310-e69f96d13373" daemon [_thread_blocked, id=16496, stack(0x000000e354200000,0x000000e354300000) (1024K)]
  0x000002c17eff8d50 JavaThread "Start Level: Equinox Container: bbe4084e-e42c-415f-8310-e69f96d13373" daemon [_thread_in_native, id=17516, stack(0x000000e354300000,0x000000e354400000) (1024K)]
  0x000002c17ef4dff0 JavaThread "Bundle File Closer"         daemon [_thread_blocked, id=14028, stack(0x000000e354400000,0x000000e354500000) (1024K)]
  0x000002c17ef69680 JavaThread "SCR Component Actor"        daemon [_thread_blocked, id=6128, stack(0x000000e354500000,0x000000e354600000) (1024K)]
  0x000002c1544be010 JavaThread "SCR Component Registry"     daemon [_thread_blocked, id=16108, stack(0x000000e354600000,0x000000e354700000) (1024K)]
  0x000002c17f28d480 JavaThread "Worker-JM"                         [_thread_blocked, id=9448, stack(0x000000e354700000,0x000000e354800000) (1024K)]
Total: 19

Other Threads:
  0x000002c17e06da60 VMThread "VM Thread"                           [id=8460, stack(0x000000e353400000,0x000000e353500000) (1024K)]
  0x000002c17481a490 WatcherThread "VM Periodic Task Thread"        [id=7112, stack(0x000000e353300000,0x000000e353400000) (1024K)]
  0x000002c1747c9b90 WorkerThread "GC Thread#0"                     [id=11980, stack(0x000000e353200000,0x000000e353300000) (1024K)]
  0x000002c17f0da360 WorkerThread "GC Thread#1"                     [id=7396, stack(0x000000e353f00000,0x000000e354000000) (1024K)]
Total: 4

Threads with active compile tasks:
C2 CompilerThread0  7892 3384       4       java.lang.invoke.MethodType::makeImpl (109 bytes)
Total: 1

VM state: not at safepoint (normal execution)

VM Mutex/Monitor currently owned by a thread: None

Heap address: 0x0000000080000000, size: 2048 MB, Compressed Oops mode: 32-bit

CDS archive(s) mapped at: [0x000002c10f000000-0x000002c10fba0000-0x000002c10fba0000), size 12189696, SharedBaseAddress: 0x000002c10f000000, ArchiveRelocationMode: 1.
Compressed class space mapped at: 0x000002c110000000-0x000002c150000000, reserved size: 1073741824
Narrow klass base: 0x000002c10f000000, Narrow klass shift: 0, Narrow klass range: 0x100000000

GC Precious Log:
 CardTable entry size: 512
 CPUs: 2 total, 2 available
 Memory: 6060M
 Large Page Support: Disabled
 NUMA Support: Disabled
 Compressed Oops: Enabled (32-bit)
 Alignments: Space 512K, Generation 512K, Heap 2M
 Heap Min Capacity: 100M
 Heap Initial Capacity: 100M
 Heap Max Capacity: 2G
 Pre-touch: Disabled
 Parallel Workers: 2

Heap:
 PSYoungGen      total 29184K, used 13079K [0x00000000d5580000, 0x00000000d7a00000, 0x0000000100000000)
  eden space 25088K, 35% used [0x00000000d5580000,0x00000000d5e4d230,0x00000000d6e00000)
  from space 4096K, 99% used [0x00000000d6e80000,0x00000000d7278bb0,0x00000000d7280000)
  to   space 6144K, 0% used [0x00000000d7400000,0x00000000d7400000,0x00000000d7a00000)
 ParOldGen       total 68608K, used 7905K [0x0000000080000000, 0x0000000084300000, 0x00000000d5580000)
  object space 68608K, 11% used [0x0000000080000000,0x00000000807b84f0,0x0000000084300000)
 Metaspace       used 16736K, committed 17344K, reserved 1114112K
  class space    used 1714K, committed 1984K, reserved 1048576K

Card table byte_map: [0x000002c1794b0000,0x000002c1798c0000] _byte_map_base: 0x000002c1790b0000

Marking Bits: (ParMarkBitMap*) 0x00007fffa6d1a340
 Begin Bits: [0x000002c179b70000, 0x000002c17bb70000)
 End Bits:   [0x000002c17bb70000, 0x000002c17db70000)

Polling page: 0x000002c174b90000

Metaspace:

Usage:
  Non-class:     14.67 MB used.
      Class:      1.67 MB used.
       Both:     16.34 MB used.

Virtual space:
  Non-class space:       64.00 MB reserved,      15.00 MB ( 23%) committed,  1 nodes.
      Class space:        1.00 GB reserved,       1.94 MB ( <1%) committed,  1 nodes.
             Both:        1.06 GB reserved,      16.94 MB (  2%) committed. 

Chunk freelists:
   Non-Class:  1.02 MB
       Class:  13.89 MB
        Both:  14.92 MB

MaxMetaspaceSize: unlimited
CompressedClassSpaceSize: 1.00 GB
Initial GC threshold: 21.00 MB
Current GC threshold: 21.00 MB
CDS: on
 - commit_granule_bytes: 65536.
 - commit_granule_words: 8192.
 - virtual_space_node_default_size: 8388608.
 - enlarge_chunks_in_place: 1.
 - use_allocation_guard: 0.


Internal statistics:

num_allocs_failed_limit: 0.
num_arena_births: 452.
num_arena_deaths: 0.
num_vsnodes_births: 2.
num_vsnodes_deaths: 0.
num_space_committed: 271.
num_space_uncommitted: 0.
num_chunks_returned_to_freelist: 0.
num_chunks_taken_from_freelist: 1034.
num_chunk_merges: 0.
num_chunk_splits: 657.
num_chunks_enlarged: 420.
num_inconsistent_stats: 0.

CodeHeap 'non-profiled nmethods': size=120064Kb used=1518Kb max_used=1518Kb free=118546Kb
 bounds [0x000002c107ac0000, 0x000002c107d30000, 0x000002c10f000000]
CodeHeap 'profiled nmethods': size=120000Kb used=7018Kb max_used=7018Kb free=112981Kb
 bounds [0x000002c100000000, 0x000002c1006e0000, 0x000002c107530000]
CodeHeap 'non-nmethods': size=5696Kb used=1285Kb max_used=1298Kb free=4411Kb
 bounds [0x000002c107530000, 0x000002c1077a0000, 0x000002c107ac0000]
CodeCache: size=245760Kb, used=9821Kb, max_used=9834Kb, free=235938Kb
 total_blobs=3936, nmethods=3383, adapters=459, full_count=0
Compilation: enabled, stopped_count=0, restarted_count=0

Compilation events (20 events):
Event: 7.755 Thread 0x000002c17e072b90 nmethod 3373 0x000002c107c3ab10 code [0x000002c107c3ac80, 0x000002c107c3acf0]
Event: 7.763 Thread 0x000002c17e0e8890 3374       3       sun.security.provider.SHA::implCompress0 (478 bytes)
Event: 7.764 Thread 0x000002c17e0e8890 nmethod 3374 0x000002c1006d5010 code [0x000002c1006d5280, 0x000002c1006d5f68]
Event: 7.768 Thread 0x000002c17e0e8890 3375       3       sun.security.provider.SHA::implCompress (13 bytes)
Event: 7.768 Thread 0x000002c17e0e8890 nmethod 3375 0x000002c1006d6610 code [0x000002c1006d6800, 0x000002c1006d6c38]
Event: 7.796 Thread 0x000002c17e0e8890 3376       3       sun.nio.fs.WindowsPath::<init> (26 bytes)
Event: 7.796 Thread 0x000002c17e0e8890 nmethod 3376 0x000002c1006d6e90 code [0x000002c1006d7040, 0x000002c1006d71f8]
Event: 7.797 Thread 0x000002c17e0e8890 3377       3       java.security.MessageDigest::update (14 bytes)
Event: 7.797 Thread 0x000002c17e0e8890 nmethod 3377 0x000002c1006d7290 code [0x000002c1006d7440, 0x000002c1006d7718]
Event: 7.797 Thread 0x000002c17e0e8890 3378   !   3       java.nio.charset.Charset::defaultCharset (52 bytes)
Event: 7.797 Thread 0x000002c17e0e8890 nmethod 3378 0x000002c1006d7890 code [0x000002c1006d7a20, 0x000002c1006d7b28]
Event: 7.798 Thread 0x000002c17e0e8890 3379       3       java.lang.String::getBytes (15 bytes)
Event: 7.798 Thread 0x000002c17e0e8890 nmethod 3379 0x000002c1006d7b90 code [0x000002c1006d7d60, 0x000002c1006d7f70]
Event: 7.799 Thread 0x000002c17e0e8890 3380       3       java.lang.String::encodeUTF8 (141 bytes)
Event: 7.799 Thread 0x000002c17e0e8890 nmethod 3380 0x000002c1006d8090 code [0x000002c1006d82e0, 0x000002c1006d89e0]
Event: 7.800 Thread 0x000002c17e072b90 3381       4       jdk.internal.misc.Unsafe::getLong (7 bytes)
Event: 7.800 Thread 0x000002c17e072b90 nmethod 3381 0x000002c107c3ae10 code [0x000002c107c3afa0, 0x000002c107c3b030]
Event: 7.802 Thread 0x000002c17e0e8890 3382       3       java.lang.invoke.MethodTypeForm::<init> (322 bytes)
Event: 7.803 Thread 0x000002c17e0e8890 nmethod 3382 0x000002c1006d8c90 code [0x000002c1006d8f80, 0x000002c1006da3f8]
Event: 7.804 Thread 0x000002c17e072b90 3384       4       java.lang.invoke.MethodType::makeImpl (109 bytes)

GC Heap History (10 events):
Event: 1.313 GC heap before
{Heap before GC invocations=1 (full 0):
 PSYoungGen      total 29696K, used 25600K [0x00000000d5580000, 0x00000000d7680000, 0x0000000100000000)
  eden space 25600K, 100% used [0x00000000d5580000,0x00000000d6e80000,0x00000000d6e80000)
  from space 4096K, 0% used [0x00000000d7280000,0x00000000d7280000,0x00000000d7680000)
  to   space 4096K, 0% used [0x00000000d6e80000,0x00000000d6e80000,0x00000000d7280000)
 ParOldGen       total 68608K, used 0K [0x0000000080000000, 0x0000000084300000, 0x00000000d5580000)
  object space 68608K, 0% used [0x0000000080000000,0x0000000080000000,0x0000000084300000)
 Metaspace       used 4367K, committed 4608K, reserved 1114112K
  class space    used 473K, committed 576K, reserved 1048576K
}
Event: 1.318 GC heap after
{Heap after GC invocations=1 (full 0):
 PSYoungGen      total 29696K, used 3344K [0x00000000d5580000, 0x00000000d7680000, 0x0000000100000000)
  eden space 25600K, 0% used [0x00000000d5580000,0x00000000d5580000,0x00000000d6e80000)
  from space 4096K, 81% used [0x00000000d6e80000,0x00000000d71c40c8,0x00000000d7280000)
  to   space 4096K, 0% used [0x00000000d7280000,0x00000000d7280000,0x00000000d7680000)
 ParOldGen       total 68608K, used 16K [0x0000000080000000, 0x0000000084300000, 0x00000000d5580000)
  object space 68608K, 0% used [0x0000000080000000,0x0000000080004000,0x0000000084300000)
 Metaspace       used 4367K, committed 4608K, reserved 1114112K
  class space    used 473K, committed 576K, reserved 1048576K
}
Event: 3.250 GC heap before
{Heap before GC invocations=2 (full 0):
 PSYoungGen      total 29696K, used 28944K [0x00000000d5580000, 0x00000000d7680000, 0x0000000100000000)
  eden space 25600K, 100% used [0x00000000d5580000,0x00000000d6e80000,0x00000000d6e80000)
  from space 4096K, 81% used [0x00000000d6e80000,0x00000000d71c40c8,0x00000000d7280000)
  to   space 4096K, 0% used [0x00000000d7280000,0x00000000d7280000,0x00000000d7680000)
 ParOldGen       total 68608K, used 16K [0x0000000080000000, 0x0000000084300000, 0x00000000d5580000)
  object space 68608K, 0% used [0x0000000080000000,0x0000000080004000,0x0000000084300000)
 Metaspace       used 8036K, committed 8256K, reserved 1114112K
  class space    used 837K, committed 960K, reserved 1048576K
}
Event: 3.259 GC heap after
{Heap after GC invocations=2 (full 0):
 PSYoungGen      total 29696K, used 4087K [0x00000000d5580000, 0x00000000d7680000, 0x0000000100000000)
  eden space 25600K, 0% used [0x00000000d5580000,0x00000000d5580000,0x00000000d6e80000)
  from space 4096K, 99% used [0x00000000d7280000,0x00000000d767de28,0x00000000d7680000)
  to   space 4096K, 0% used [0x00000000d6e80000,0x00000000d6e80000,0x00000000d7280000)
 ParOldGen       total 68608K, used 1770K [0x0000000080000000, 0x0000000084300000, 0x00000000d5580000)
  object space 68608K, 2% used [0x0000000080000000,0x00000000801bab18,0x0000000084300000)
 Metaspace       used 8036K, committed 8256K, reserved 1114112K
  class space    used 837K, committed 960K, reserved 1048576K
}
Event: 3.996 GC heap before
{Heap before GC invocations=3 (full 0):
 PSYoungGen      total 29696K, used 29687K [0x00000000d5580000, 0x00000000d7680000, 0x0000000100000000)
  eden space 25600K, 100% used [0x00000000d5580000,0x00000000d6e80000,0x00000000d6e80000)
  from space 4096K, 99% used [0x00000000d7280000,0x00000000d767de28,0x00000000d7680000)
  to   space 4096K, 0% used [0x00000000d6e80000,0x00000000d6e80000,0x00000000d7280000)
 ParOldGen       total 68608K, used 1770K [0x0000000080000000, 0x0000000084300000, 0x00000000d5580000)
  object space 68608K, 2% used [0x0000000080000000,0x00000000801bab18,0x0000000084300000)
 Metaspace       used 9501K, committed 9792K, reserved 1114112K
  class space    used 1011K, committed 1152K, reserved 1048576K
}
Event: 4.004 GC heap after
{Heap after GC invocations=3 (full 0):
 PSYoungGen      total 29696K, used 4078K [0x00000000d5580000, 0x00000000d7680000, 0x0000000100000000)
  eden space 25600K, 0% used [0x00000000d5580000,0x00000000d5580000,0x00000000d6e80000)
  from space 4096K, 99% used [0x00000000d6e80000,0x00000000d727ba98,0x00000000d7280000)
  to   space 4096K, 0% used [0x00000000d7280000,0x00000000d7280000,0x00000000d7680000)
 ParOldGen       total 68608K, used 4742K [0x0000000080000000, 0x0000000084300000, 0x00000000d5580000)
  object space 68608K, 6% used [0x0000000080000000,0x00000000804a1b30,0x0000000084300000)
 Metaspace       used 9501K, committed 9792K, reserved 1114112K
  class space    used 1011K, committed 1152K, reserved 1048576K
}
Event: 5.892 GC heap before
{Heap before GC invocations=4 (full 0):
 PSYoungGen      total 29696K, used 29678K [0x00000000d5580000, 0x00000000d7680000, 0x0000000100000000)
  eden space 25600K, 100% used [0x00000000d5580000,0x00000000d6e80000,0x00000000d6e80000)
  from space 4096K, 99% used [0x00000000d6e80000,0x00000000d727ba98,0x00000000d7280000)
  to   space 4096K, 0% used [0x00000000d7280000,0x00000000d7280000,0x00000000d7680000)
 ParOldGen       total 68608K, used 4742K [0x0000000080000000, 0x0000000084300000, 0x00000000d5580000)
  object space 68608K, 6% used [0x0000000080000000,0x00000000804a1b30,0x0000000084300000)
 Metaspace       used 12275K, committed 12672K, reserved 1114112K
  class space    used 1304K, committed 1472K, reserved 1048576K
}
Event: 5.898 GC heap after
{Heap after GC invocations=4 (full 0):
 PSYoungGen      total 29696K, used 4084K [0x00000000d5580000, 0x00000000d7680000, 0x0000000100000000)
  eden space 25600K, 0% used [0x00000000d5580000,0x00000000d5580000,0x00000000d6e80000)
  from space 4096K, 99% used [0x00000000d7280000,0x00000000d767d110,0x00000000d7680000)
  to   space 4096K, 0% used [0x00000000d6e80000,0x00000000d6e80000,0x00000000d7280000)
 ParOldGen       total 68608K, used 6364K [0x0000000080000000, 0x0000000084300000, 0x00000000d5580000)
  object space 68608K, 9% used [0x0000000080000000,0x0000000080637188,0x0000000084300000)
 Metaspace       used 12275K, committed 12672K, reserved 1114112K
  class space    used 1304K, committed 1472K, reserved 1048576K
}
Event: 7.190 GC heap before
{Heap before GC invocations=5 (full 0):
 PSYoungGen      total 29696K, used 29684K [0x00000000d5580000, 0x00000000d7680000, 0x0000000100000000)
  eden space 25600K, 100% used [0x00000000d5580000,0x00000000d6e80000,0x00000000d6e80000)
  from space 4096K, 99% used [0x00000000d7280000,0x00000000d767d110,0x00000000d7680000)
  to   space 4096K, 0% used [0x00000000d6e80000,0x00000000d6e80000,0x00000000d7280000)
 ParOldGen       total 68608K, used 6364K [0x0000000080000000, 0x0000000084300000, 0x00000000d5580000)
  object space 68608K, 9% used [0x0000000080000000,0x0000000080637188,0x0000000084300000)
 Metaspace       used 15417K, committed 16000K, reserved 1114112K
  class space    used 1579K, committed 1856K, reserved 1048576K
}
Event: 7.197 GC heap after
{Heap after GC invocations=5 (full 0):
 PSYoungGen      total 29184K, used 4066K [0x00000000d5580000, 0x00000000d7a00000, 0x0000000100000000)
  eden space 25088K, 0% used [0x00000000d5580000,0x00000000d5580000,0x00000000d6e00000)
  from space 4096K, 99% used [0x00000000d6e80000,0x00000000d7278bb0,0x00000000d7280000)
  to   space 6144K, 0% used [0x00000000d7400000,0x00000000d7400000,0x00000000d7a00000)
 ParOldGen       total 68608K, used 7905K [0x0000000080000000, 0x0000000084300000, 0x00000000d5580000)
  object space 68608K, 11% used [0x0000000080000000,0x00000000807b84f0,0x0000000084300000)
 Metaspace       used 15417K, committed 16000K, reserved 1114112K
  class space    used 1579K, committed 1856K, reserved 1048576K
}

Dll operation events (9 events):
Event: 0.015 Loaded shared library c:\Users\Administrator\.vscode\extensions\redhat.java-1.45.0-win32-x64\jre\21.0.8-win32-x86_64\bin\java.dll
Event: 0.220 Loaded shared library c:\Users\Administrator\.vscode\extensions\redhat.java-1.45.0-win32-x64\jre\21.0.8-win32-x86_64\bin\zip.dll
Event: 0.254 Loaded shared library C:\Users\Administrator\.vscode\extensions\redhat.java-1.45.0-win32-x64\jre\21.0.8-win32-x86_64\bin\instrument.dll
Event: 0.259 Loaded shared library C:\Users\Administrator\.vscode\extensions\redhat.java-1.45.0-win32-x64\jre\21.0.8-win32-x86_64\bin\net.dll
Event: 0.262 Loaded shared library C:\Users\Administrator\.vscode\extensions\redhat.java-1.45.0-win32-x64\jre\21.0.8-win32-x86_64\bin\nio.dll
Event: 0.265 Loaded shared library C:\Users\Administrator\.vscode\extensions\redhat.java-1.45.0-win32-x64\jre\21.0.8-win32-x86_64\bin\zip.dll
Event: 0.301 Loaded shared library C:\Users\Administrator\.vscode\extensions\redhat.java-1.45.0-win32-x64\jre\21.0.8-win32-x86_64\bin\jimage.dll
Event: 0.419 Loaded shared library c:\Users\Administrator\.vscode\extensions\redhat.java-1.45.0-win32-x64\jre\21.0.8-win32-x86_64\bin\verify.dll
Event: 3.277 Loaded shared library C:\Users\Administrator\AppData\Roaming\Code\User\globalStorage\redhat.java\1.45.0\config_win\org.eclipse.equinox.launcher\org.eclipse.equinox.launcher.win32.win32.x86_64_1.2.1400.v20250801-0854\eclipse_11916.dll

Deoptimization events (20 events):
Event: 7.502 Thread 0x000002c17eff8d50 DEOPT PACKING pc=0x000002c107c286a8 sp=0x000000e3543f94f0
Event: 7.502 Thread 0x000002c17eff8d50 DEOPT UNPACKING pc=0x000002c107586da2 sp=0x000000e3543f9480 mode 2
Event: 7.514 Thread 0x000002c17eff8d50 Uncommon trap: trap_request=0xffffff45 fr.pc=0x000002c107c29758 relative=0x0000000000000bd8
Event: 7.514 Thread 0x000002c17eff8d50 Uncommon trap: reason=unstable_if action=reinterpret pc=0x000002c107c29758 method=java.io.DataInputStream.readFully([BII)V @ 37 c2
Event: 7.514 Thread 0x000002c17eff8d50 DEOPT PACKING pc=0x000002c107c29758 sp=0x000000e3543f9310
Event: 7.514 Thread 0x000002c17eff8d50 DEOPT UNPACKING pc=0x000002c107586da2 sp=0x000000e3543f91d0 mode 2
Event: 7.531 Thread 0x000002c17eff8d50 Uncommon trap: trap_request=0xffffffde fr.pc=0x000002c107c2e078 relative=0x0000000000000538
Event: 7.531 Thread 0x000002c17eff8d50 Uncommon trap: reason=class_check action=maybe_recompile pc=0x000002c107c2e078 method=java.util.regex.Pattern$Start.match(Ljava/util/regex/Matcher;ILjava/lang/CharSequence;)Z @ 44 c2
Event: 7.531 Thread 0x000002c17eff8d50 DEOPT PACKING pc=0x000002c107c2e078 sp=0x000000e3543f7dc0
Event: 7.531 Thread 0x000002c17eff8d50 DEOPT UNPACKING pc=0x000002c107586da2 sp=0x000000e3543f7d20 mode 2
Event: 7.531 Thread 0x000002c17eff8d50 Uncommon trap: trap_request=0xffffffde fr.pc=0x000002c107c2e078 relative=0x0000000000000538
Event: 7.531 Thread 0x000002c17eff8d50 Uncommon trap: reason=class_check action=maybe_recompile pc=0x000002c107c2e078 method=java.util.regex.Pattern$Start.match(Ljava/util/regex/Matcher;ILjava/lang/CharSequence;)Z @ 44 c2
Event: 7.531 Thread 0x000002c17eff8d50 DEOPT PACKING pc=0x000002c107c2e078 sp=0x000000e3543f7dc0
Event: 7.531 Thread 0x000002c17eff8d50 DEOPT UNPACKING pc=0x000002c107586da2 sp=0x000000e3543f7d20 mode 2
Event: 7.654 Thread 0x000002c17eff8d50 DEOPT PACKING pc=0x000002c1003462c6 sp=0x000000e3543f6190
Event: 7.654 Thread 0x000002c17eff8d50 DEOPT UNPACKING pc=0x000002c1075878e2 sp=0x000000e3543f5710 mode 0
Event: 7.684 Thread 0x000002c17eff8d50 Uncommon trap: trap_request=0xffffff45 fr.pc=0x000002c107af6024 relative=0x0000000000000664
Event: 7.684 Thread 0x000002c17eff8d50 Uncommon trap: reason=unstable_if action=reinterpret pc=0x000002c107af6024 method=java.lang.String.replace(Ljava/lang/CharSequence;Ljava/lang/CharSequence;)Ljava/lang/String; @ 42 c2
Event: 7.684 Thread 0x000002c17eff8d50 DEOPT PACKING pc=0x000002c107af6024 sp=0x000000e3543f72a0
Event: 7.684 Thread 0x000002c17eff8d50 DEOPT UNPACKING pc=0x000002c107586da2 sp=0x000000e3543f7210 mode 2

Classes loaded (20 events):
Event: 7.696 Loading class sun/security/provider/SHA
Event: 7.696 Loading class sun/security/provider/SHA done
Event: 7.696 Loading class sun/security/provider/SeedGenerator$1
Event: 7.696 Loading class sun/security/provider/SeedGenerator$1 done
Event: 7.785 Loading class java/net/NetworkInterface$1
Event: 7.785 Loading class java/net/NetworkInterface$1 done
Event: 7.785 Loading class java/nio/file/Files$AcceptAllFilter
Event: 7.785 Loading class java/nio/file/DirectoryStream$Filter
Event: 7.785 Loading class java/nio/file/DirectoryStream$Filter done
Event: 7.785 Loading class java/nio/file/Files$AcceptAllFilter done
Event: 7.785 Loading class sun/nio/fs/WindowsDirectoryStream
Event: 7.786 Loading class java/nio/file/DirectoryStream
Event: 7.786 Loading class java/nio/file/DirectoryStream done
Event: 7.786 Loading class sun/nio/fs/WindowsDirectoryStream done
Event: 7.789 Loading class sun/nio/fs/WindowsDirectoryStream$WindowsDirectoryIterator
Event: 7.789 Loading class sun/nio/fs/WindowsDirectoryStream$WindowsDirectoryIterator done
Event: 7.791 Loading class sun/nio/fs/WindowsPath$WindowsPathWithAttributes
Event: 7.791 Loading class sun/nio/fs/BasicFileAttributesHolder
Event: 7.791 Loading class sun/nio/fs/BasicFileAttributesHolder done
Event: 7.791 Loading class sun/nio/fs/WindowsPath$WindowsPathWithAttributes done

Classes unloaded (0 events):
No events

Classes redefined (0 events):
No events

Internal exceptions (20 events):
Event: 3.306 Thread 0x000002c17f155630 Exception <a 'java/lang/NoSuchMethodError'{0x00000000d5881b70}: 'void java.lang.invoke.DirectMethodHandle$Holder.invokeInterface(java.lang.Object, java.lang.Object, java.lang.Object)'> (0x00000000d5881b70) 
thrown [s\src\hotspot\share\interpreter\linkResolver.cpp, line 773]
Event: 3.406 Thread 0x000002c17eff8d50 Exception <a 'java/lang/NoSuchMethodError'{0x00000000d5c55d70}: 'java.lang.Object java.lang.invoke.DirectMethodHandle$Holder.newInvokeSpecial(java.lang.Object, java.lang.Object, int, java.lang.Object)'> (0x00000000d5c55d70) 
thrown [s\src\hotspot\share\interpreter\linkResolver.cpp, line 773]
Event: 3.406 Thread 0x000002c17eff8d50 Exception <a 'java/lang/NoSuchMethodError'{0x00000000d5c59be0}: 'java.lang.Object java.lang.invoke.DirectMethodHandle$Holder.invokeSpecial(java.lang.Object, java.lang.Object, java.lang.Object, int, java.lang.Object)'> (0x00000000d5c59be0) 
thrown [s\src\hotspot\share\interpreter\linkResolver.cpp, line 773]
Event: 3.441 Thread 0x000002c17eff8d50 Exception <a 'java/lang/NoClassDefFoundError'{0x00000000d5cfa530}: jakarta/servlet/ServletContainerInitializer> (0x00000000d5cfa530) 
thrown [s\src\hotspot\share\classfile\systemDictionary.cpp, line 301]
Event: 3.476 Thread 0x000002c17eff8d50 Exception <a 'java/lang/NoSuchMethodError'{0x00000000d5e20220}: 'java.lang.Object java.lang.invoke.DirectMethodHandle$Holder.invokeStatic(java.lang.Object, int, java.lang.Object)'> (0x00000000d5e20220) 
thrown [s\src\hotspot\share\interpreter\linkResolver.cpp, line 773]
Event: 3.492 Thread 0x000002c17eff8d50 Exception <a 'java/lang/ClassNotFoundException'{0x00000000d5e8bf68}: sun/util/logging/resources/spi/loggingProvider> (0x00000000d5e8bf68) 
thrown [s\src\hotspot\share\classfile\systemDictionary.cpp, line 312]
Event: 5.564 Thread 0x000002c17eff8d50 Exception <a 'java/lang/NullPointerException'{0x00000000d63c8ce8}> (0x00000000d63c8ce8) 
thrown [s\src\hotspot\share\interpreter\linkResolver.cpp, line 1372]
Event: 5.564 Thread 0x000002c17eff8d50 Exception <a 'java/lang/NullPointerException'{0x00000000d63c8fc8}> (0x00000000d63c8fc8) 
thrown [s\src\hotspot\share\interpreter\linkResolver.cpp, line 1372]
Event: 5.864 Thread 0x000002c17eff8d50 Exception <a 'java/lang/NoSuchMethodError'{0x00000000d6db4d00}: 'void java.lang.invoke.Invokers$Holder.invokeExact_MT(java.lang.Object, java.lang.Object, java.lang.Object)'> (0x00000000d6db4d00) 
thrown [s\src\hotspot\share\interpreter\linkResolver.cpp, line 773]
Event: 6.558 Thread 0x000002c17eff8d50 Exception <a 'java/io/FileNotFoundException'{0x00000000d5df4430}> (0x00000000d5df4430) 
thrown [s\src\hotspot\share\prims\jni.cpp, line 520]
Event: 6.771 Thread 0x000002c17eff8d50 Exception <a 'java/lang/NoSuchMethodError'{0x00000000d62a66f0}: 'java.lang.Object java.lang.invoke.Invokers$Holder.linkToTargetMethod(java.lang.Object, long, java.lang.Object)'> (0x00000000d62a66f0) 
thrown [s\src\hotspot\share\interpreter\linkResolver.cpp, line 773]
Event: 7.081 Thread 0x000002c17eff8d50 Exception <a 'java/lang/NoSuchMethodError'{0x00000000d6a8e568}: 'java.lang.Object java.lang.invoke.DirectMethodHandle$Holder.invokeVirtual(java.lang.Object, java.lang.Object, java.lang.Object)'> (0x00000000d6a8e568) 
thrown [s\src\hotspot\share\interpreter\linkResolver.cpp, line 773]
Event: 7.085 Thread 0x000002c17eff8d50 Exception <a 'java/lang/NoSuchMethodError'{0x00000000d6aa6548}: 'java.lang.Object java.lang.invoke.DelegatingMethodHandle$Holder.reinvoke_L(java.lang.Object, java.lang.Object, java.lang.Object, java.lang.Object, int, int)'> (0x00000000d6aa6548) 
thrown [s\src\hotspot\share\interpreter\linkResolver.cpp, line 773]
Event: 7.087 Thread 0x000002c17eff8d50 Exception <a 'java/lang/NoSuchMethodError'{0x00000000d6ac2768}: 'java.lang.Object java.lang.invoke.DirectMethodHandle$Holder.newInvokeSpecial(java.lang.Object, java.lang.Object, java.lang.Object, java.lang.Object, java.lang.Object, java.lang.Object)'> (0x00000000d6ac2768) 
thrown [s\src\hotspot\share\interpreter\linkResolver.cpp, line 773]
Event: 7.098 Thread 0x000002c17eff8d50 Exception <a 'java/lang/NoSuchMethodError'{0x00000000d6aee2e0}: 'void java.lang.invoke.Invokers$Holder.invokeExact_MT(java.lang.Object, java.lang.Object, java.lang.Object, java.lang.Object)'> (0x00000000d6aee2e0) 
thrown [s\src\hotspot\share\interpreter\linkResolver.cpp, line 773]
Event: 7.165 Thread 0x000002c17eff8d50 Exception <a 'java/io/FileNotFoundException'{0x00000000d6d7fb70}> (0x00000000d6d7fb70) 
thrown [s\src\hotspot\share\prims\jni.cpp, line 520]
Event: 7.170 Thread 0x000002c17eff8d50 Exception <a 'java/io/FileNotFoundException'{0x00000000d6d86ec8}> (0x00000000d6d86ec8) 
thrown [s\src\hotspot\share\prims\jni.cpp, line 520]
Event: 7.578 Thread 0x000002c17eff8d50 Exception <a 'java/lang/NoSuchMethodError'{0x00000000d5b1d608}: 'java.lang.Object java.lang.invoke.DirectMethodHandle$Holder.invokeStaticInit(java.lang.Object, int)'> (0x00000000d5b1d608) 
thrown [s\src\hotspot\share\interpreter\linkResolver.cpp, line 773]
Event: 7.687 Thread 0x000002c17eff8d50 Exception <a 'java/lang/NoSuchMethodError'{0x00000000d5d902f8}: 'java.lang.Object java.lang.invoke.DirectMethodHandle$Holder.invokeStaticInit(java.lang.Object, int, int, int, int)'> (0x00000000d5d902f8) 
thrown [s\src\hotspot\share\interpreter\linkResolver.cpp, line 773]
Event: 7.827 Thread 0x000002c17eff8d50 Exception <a 'java/lang/NoSuchMethodError'{0x00000000d5e3f548}: 'java.lang.Object java.lang.invoke.DirectMethodHandle$Holder.invokeStaticInit(java.lang.Object, java.lang.Object, int, int, int, int)'> (0x00000000d5e3f548) 
thrown [s\src\hotspot\share\interpreter\linkResolver.cpp, line 773]

ZGC Phase Switch (0 events):
No events

VM Operations (20 events):
Event: 3.995 Executing VM operation: ParallelGCFailedAllocation (Allocation Failure)
Event: 4.004 Executing VM operation: ParallelGCFailedAllocation (Allocation Failure) done
Event: 5.012 Executing VM operation: Cleanup
Event: 5.012 Executing VM operation: Cleanup done
Event: 5.706 Executing VM operation: HandshakeAllThreads (Deoptimize)
Event: 5.720 Executing VM operation: HandshakeAllThreads (Deoptimize) done
Event: 5.891 Executing VM operation: ParallelGCFailedAllocation (Allocation Failure)
Event: 5.898 Executing VM operation: ParallelGCFailedAllocation (Allocation Failure) done
Event: 6.900 Executing VM operation: Cleanup
Event: 6.900 Executing VM operation: Cleanup done
Event: 7.189 Executing VM operation: HandshakeAllThreads (Deoptimize)
Event: 7.189 Executing VM operation: HandshakeAllThreads (Deoptimize) done
Event: 7.190 Executing VM operation: ParallelGCFailedAllocation (Allocation Failure)
Event: 7.197 Executing VM operation: ParallelGCFailedAllocation (Allocation Failure) done
Event: 7.587 Executing VM operation: HandshakeAllThreads (Deoptimize)
Event: 7.587 Executing VM operation: HandshakeAllThreads (Deoptimize) done
Event: 7.778 Executing VM operation: HandshakeAllThreads (Deoptimize)
Event: 7.778 Executing VM operation: HandshakeAllThreads (Deoptimize) done
Event: 7.793 Executing VM operation: HandshakeAllThreads (Deoptimize)
Event: 7.793 Executing VM operation: HandshakeAllThreads (Deoptimize) done

Memory protections (0 events):
No events

Nmethod flushes (0 events):
No events

Events (19 events):
Event: 0.048 Thread 0x000002c174688c30 Thread added: 0x000002c174688c30
Event: 0.068 Thread 0x000002c174688c30 Thread added: 0x000002c174867080
Event: 0.068 Thread 0x000002c174688c30 Thread added: 0x000002c17486b9a0
Event: 0.068 Thread 0x000002c174688c30 Thread added: 0x000002c17486d400
Event: 0.068 Thread 0x000002c174688c30 Thread added: 0x000002c17486de50
Event: 0.069 Thread 0x000002c174688c30 Thread added: 0x000002c17e06f210
Event: 0.069 Thread 0x000002c174688c30 Thread added: 0x000002c17e06fad0
Event: 0.069 Thread 0x000002c174688c30 Thread added: 0x000002c17e072b90
Event: 0.080 Thread 0x000002c174688c30 Thread added: 0x000002c17e0e8890
Event: 0.123 Thread 0x000002c174688c30 Thread added: 0x000002c17e7e64e0
Event: 0.536 Thread 0x000002c174688c30 Thread added: 0x000002c17e9ff2b0
Event: 2.692 Thread 0x000002c174688c30 Thread added: 0x000002c17ee87510
Event: 3.248 Thread 0x000002c174688c30 Thread added: 0x000002c17f155630
Event: 3.310 Thread 0x000002c17f155630 Thread added: 0x000002c17eff6f90
Event: 3.317 Thread 0x000002c174688c30 Thread added: 0x000002c17eff8d50
Event: 4.310 Thread 0x000002c17eff8d50 Thread added: 0x000002c17ef4dff0
Event: 5.492 Thread 0x000002c17eff8d50 Thread added: 0x000002c17ef69680
Event: 5.694 Thread 0x000002c17eff8d50 Thread added: 0x000002c1544be010
Event: 6.954 Thread 0x000002c17eff8d50 Thread added: 0x000002c17f28d480


Dynamic libraries:
0x00007ff628520000 - 0x00007ff62852e000 	c:\Users\Administrator\.vscode\extensions\redhat.java-1.45.0-win32-x64\jre\21.0.8-win32-x86_64\bin\java.exe
0x00007fffd85e0000 - 0x00007fffd8849000 	C:\Windows\SYSTEM32\ntdll.dll
0x00007fffd7790000 - 0x00007fffd7859000 	C:\Windows\System32\KERNEL32.DLL
0x00007fffd5bc0000 - 0x00007fffd5fb3000 	C:\Windows\System32\KERNELBASE.dll
0x00007fffd5a40000 - 0x00007fffd5b8b000 	C:\Windows\System32\ucrtbase.dll
0x00007fffca300000 - 0x00007fffca31e000 	c:\Users\Administrator\.vscode\extensions\redhat.java-1.45.0-win32-x64\jre\21.0.8-win32-x86_64\bin\VCRUNTIME140.dll
0x00007fffca4f0000 - 0x00007fffca508000 	c:\Users\Administrator\.vscode\extensions\redhat.java-1.45.0-win32-x64\jre\21.0.8-win32-x86_64\bin\jli.dll
0x00007fffd7410000 - 0x00007fffd75d4000 	C:\Windows\System32\USER32.dll
0x00007fffd5b90000 - 0x00007fffd5bb7000 	C:\Windows\System32\win32u.dll
0x00007fffd83e0000 - 0x00007fffd840b000 	C:\Windows\System32\GDI32.dll
0x00007fffd5fc0000 - 0x00007fffd60ed000 	C:\Windows\System32\gdi32full.dll
0x00007fffd6300000 - 0x00007fffd63a3000 	C:\Windows\System32\msvcp_win.dll
0x00007fffc7100000 - 0x00007fffc7393000 	C:\Windows\WinSxS\amd64_microsoft.windows.common-controls_6595b64144ccf1df_6.0.26100.5074_none_3e0d6f78e32fd63f\COMCTL32.dll
0x00007fffd8030000 - 0x00007fffd80d9000 	C:\Windows\System32\msvcrt.dll
0x00007fffd66c0000 - 0x00007fffd66ef000 	C:\Windows\System32\IMM32.DLL
0x00007fffcd800000 - 0x00007fffcd80c000 	c:\Users\Administrator\.vscode\extensions\redhat.java-1.45.0-win32-x64\jre\21.0.8-win32-x86_64\bin\vcruntime140_1.dll
0x00007fffaa570000 - 0x00007fffaa5fd000 	c:\Users\Administrator\.vscode\extensions\redhat.java-1.45.0-win32-x64\jre\21.0.8-win32-x86_64\bin\msvcp140.dll
0x00007fffa6060000 - 0x00007fffa6df7000 	c:\Users\Administrator\.vscode\extensions\redhat.java-1.45.0-win32-x64\jre\21.0.8-win32-x86_64\bin\server\jvm.dll
0x00007fffd8290000 - 0x00007fffd8344000 	C:\Windows\System32\ADVAPI32.dll
0x00007fffd81c0000 - 0x00007fffd8266000 	C:\Windows\System32\sechost.dll
0x00007fffd8410000 - 0x00007fffd8528000 	C:\Windows\System32\RPCRT4.dll
0x00007fffd7fb0000 - 0x00007fffd8024000 	C:\Windows\System32\WS2_32.dll
0x00007fffd5620000 - 0x00007fffd567e000 	C:\Windows\SYSTEM32\POWRPROF.dll
0x00007fffb5900000 - 0x00007fffb5935000 	C:\Windows\SYSTEM32\WINMM.dll
0x00007fffc74b0000 - 0x00007fffc74bb000 	C:\Windows\SYSTEM32\VERSION.dll
0x00007fffd55d0000 - 0x00007fffd55e4000 	C:\Windows\SYSTEM32\UMPDC.dll
0x00007fffd4550000 - 0x00007fffd456b000 	C:\Windows\SYSTEM32\kernel.appcore.dll
0x00007fffcd4e0000 - 0x00007fffcd4ea000 	c:\Users\Administrator\.vscode\extensions\redhat.java-1.45.0-win32-x64\jre\21.0.8-win32-x86_64\bin\jimage.dll
0x00007fffbb510000 - 0x00007fffbb752000 	C:\Windows\SYSTEM32\DBGHELP.DLL
0x00007fffd6840000 - 0x00007fffd6bbb000 	C:\Windows\System32\combase.dll
0x00007fffd7860000 - 0x00007fffd7937000 	C:\Windows\System32\OLEAUT32.dll
0x00007fff84c40000 - 0x00007fff84c7d000 	C:\Windows\SYSTEM32\dbgcore.DLL
0x00007fffd60f0000 - 0x00007fffd6189000 	C:\Windows\System32\bcryptPrimitives.dll
0x00007fffccbd0000 - 0x00007fffccbdf000 	c:\Users\Administrator\.vscode\extensions\redhat.java-1.45.0-win32-x64\jre\21.0.8-win32-x86_64\bin\instrument.dll
0x00007fffc61d0000 - 0x00007fffc61ef000 	c:\Users\Administrator\.vscode\extensions\redhat.java-1.45.0-win32-x64\jre\21.0.8-win32-x86_64\bin\java.dll
0x00007fffd6cc0000 - 0x00007fffd740d000 	C:\Windows\System32\SHELL32.dll
0x00007fffd6190000 - 0x00007fffd62fc000 	C:\Windows\System32\wintypes.dll
0x00007fffd3410000 - 0x00007fffd3c69000 	C:\Windows\SYSTEM32\windows.storage.dll
0x00007fffd6bc0000 - 0x00007fffd6cb0000 	C:\Windows\System32\SHCORE.dll
0x00007fffd8530000 - 0x00007fffd8592000 	C:\Windows\System32\shlwapi.dll
0x00007fffd5690000 - 0x00007fffd56b9000 	C:\Windows\SYSTEM32\profapi.dll
0x00007fffb8110000 - 0x00007fffb8128000 	c:\Users\Administrator\.vscode\extensions\redhat.java-1.45.0-win32-x64\jre\21.0.8-win32-x86_64\bin\zip.dll
0x00007fffcc360000 - 0x00007fffcc370000 	C:\Users\Administrator\.vscode\extensions\redhat.java-1.45.0-win32-x64\jre\21.0.8-win32-x86_64\bin\net.dll
0x00007fffcf6b0000 - 0x00007fffcf7cf000 	C:\Windows\SYSTEM32\WINHTTP.dll
0x00007fffd4ad0000 - 0x00007fffd4b3b000 	C:\Windows\system32\mswsock.dll
0x00007fffbe180000 - 0x00007fffbe196000 	C:\Users\Administrator\.vscode\extensions\redhat.java-1.45.0-win32-x64\jre\21.0.8-win32-x86_64\bin\nio.dll
0x00007fffc7470000 - 0x00007fffc7480000 	c:\Users\Administrator\.vscode\extensions\redhat.java-1.45.0-win32-x64\jre\21.0.8-win32-x86_64\bin\verify.dll
0x00007fffa9640000 - 0x00007fffa9684000 	C:\Users\Administrator\AppData\Roaming\Code\User\globalStorage\redhat.java\1.45.0\config_win\org.eclipse.equinox.launcher\org.eclipse.equinox.launcher.win32.win32.x86_64_1.2.1400.v20250801-0854\eclipse_11916.dll
0x00007fffd6520000 - 0x00007fffd66b8000 	C:\Windows\System32\ole32.dll
0x00007fffd4d80000 - 0x00007fffd4d9b000 	C:\Windows\SYSTEM32\CRYPTSP.dll
0x00007fffd44b0000 - 0x00007fffd44eb000 	C:\Windows\system32\rsaenh.dll
0x00007fffd4b70000 - 0x00007fffd4b9b000 	C:\Windows\SYSTEM32\USERENV.dll
0x00007fffd55f0000 - 0x00007fffd5616000 	C:\Windows\SYSTEM32\bcrypt.dll
0x00007fffd4d70000 - 0x00007fffd4d7c000 	C:\Windows\SYSTEM32\CRYPTBASE.dll
0x00007fffd3f70000 - 0x00007fffd3fa4000 	C:\Windows\SYSTEM32\IPHLPAPI.DLL
0x00007fffd8380000 - 0x00007fffd838a000 	C:\Windows\System32\NSI.dll

JVMTI agents:
c:\Users\Administrator\.vscode\extensions\redhat.java-1.45.0-win32-x64\lombok\lombok-1.18.39-4050.jar path:c:\Users\Administrator\.vscode\extensions\redhat.java-1.45.0-win32-x64\jre\21.0.8-win32-x86_64\bin\instrument.dll, loaded, initialized, instrumentlib options:none

dbghelp: loaded successfully - version: 4.0.5 - missing functions: none
symbol engine: initialized successfully - sym options: 0x614 - pdb path: .;c:\Users\Administrator\.vscode\extensions\redhat.java-1.45.0-win32-x64\jre\21.0.8-win32-x86_64\bin;C:\Windows\SYSTEM32;C:\Windows\WinSxS\amd64_microsoft.windows.common-controls_6595b64144ccf1df_6.0.26100.5074_none_3e0d6f78e32fd63f;c:\Users\Administrator\.vscode\extensions\redhat.java-1.45.0-win32-x64\jre\21.0.8-win32-x86_64\bin\server;C:\Users\Administrator\AppData\Roaming\Code\User\globalStorage\redhat.java\1.45.0\config_win\org.eclipse.equinox.launcher\org.eclipse.equinox.launcher.win32.win32.x86_64_1.2.1400.v20250801-0854

VM Arguments:
jvm_args: --add-modules=ALL-SYSTEM --add-opens=java.base/java.util=ALL-UNNAMED --add-opens=java.base/java.lang=ALL-UNNAMED --add-opens=java.base/sun.nio.fs=ALL-UNNAMED -Declipse.application=org.eclipse.jdt.ls.core.id1 -Dosgi.bundles.defaultStartLevel=4 -Declipse.product=org.eclipse.jdt.ls.core.product -Djava.import.generatesMetadataFilesAtProjectRoot=false -DDetectVMInstallationsJob.disabled=true -Dfile.encoding=utf8 -XX:+UseParallelGC -XX:GCTimeRatio=4 -XX:AdaptiveSizePolicyWeight=90 -Dsun.zip.disableMemoryMapping=true -Xmx2G -Xms100m -Xlog:disable -javaagent:c:\Users\Administrator\.vscode\extensions\redhat.java-1.45.0-win32-x64\lombok\lombok-1.18.39-4050.jar -XX:+HeapDumpOnOutOfMemoryError -XX:HeapDumpPath=c:\Users\Administrator\AppData\Roaming\Code\User\workspaceStorage\9f562e75b6faa5378a3157675aea7a30\redhat.java -Daether.dependencyCollector.impl=bf 
java_command: c:\Users\Administrator\.vscode\extensions\redhat.java-1.45.0-win32-x64\server\plugins\org.eclipse.equinox.launcher_1.7.0.v20250519-0528.jar -configuration c:\Users\Administrator\AppData\Roaming\Code\User\globalStorage\redhat.java\1.45.0\config_win -data c:\Users\Administrator\AppData\Roaming\Code\User\workspaceStorage\9f562e75b6faa5378a3157675aea7a30\redhat.java\jdt_ws --pipe=\\.\pipe\lsp-00b9941613fb7106b0e0909b1d0a02b5-sock
java_class_path (initial): c:\Users\Administrator\.vscode\extensions\redhat.java-1.45.0-win32-x64\server\plugins\org.eclipse.equinox.launcher_1.7.0.v20250519-0528.jar
Launcher Type: SUN_STANDARD

[Global flags]
    uintx AdaptiveSizePolicyWeight                 = 90                                        {product} {command line}
     intx CICompilerCount                          = 2                                         {product} {ergonomic}
    uintx GCTimeRatio                              = 4                                         {product} {command line}
     bool HeapDumpOnOutOfMemoryError               = true                                   {manageable} {command line}
    ccstr HeapDumpPath                             = c:\Users\Administrator\AppData\Roaming\Code\User\workspaceStorage\9f562e75b6faa5378a3157675aea7a30\redhat.java         {manageable} {command line}
   size_t InitialHeapSize                          = 104857600                                 {product} {command line}
   size_t MaxHeapSize                              = 2147483648                                {product} {command line}
   size_t MaxNewSize                               = 715653120                                 {product} {ergonomic}
   size_t MinHeapDeltaBytes                        = 524288                                    {product} {ergonomic}
   size_t MinHeapSize                              = 104857600                                 {product} {command line}
   size_t NewSize                                  = 34603008                                  {product} {ergonomic}
    uintx NonNMethodCodeHeapSize                   = 5826188                                {pd product} {ergonomic}
    uintx NonProfiledCodeHeapSize                  = 122916026                              {pd product} {ergonomic}
   size_t OldSize                                  = 70254592                                  {product} {ergonomic}
    uintx ProfiledCodeHeapSize                     = 122916026                              {pd product} {ergonomic}
    uintx ReservedCodeCacheSize                    = 251658240                              {pd product} {ergonomic}
     bool SegmentedCodeCache                       = true                                      {product} {ergonomic}
   size_t SoftMaxHeapSize                          = 2147483648                             {manageable} {ergonomic}
     bool UseCompressedOops                        = true                           {product lp64_product} {ergonomic}
     bool UseLargePagesIndividualAllocation        = false                                  {pd product} {ergonomic}
     bool UseParallelGC                            = true                                      {product} {command line}

Logging:
Log output configuration:
 #0: stdout all=off uptime,level,tags foldmultilines=false
 #1: stderr all=off uptime,level,tags foldmultilines=false

Environment Variables:
PATH=C:\Program Files\Common Files\Oracle\Java\javapath;C:\Python313\Scripts\;C:\Python313\;C:\Program Files\Python313\Scripts\;C:\Program Files\Python313\;C:\Windows\system32;C:\Windows;C:\Windows\System32\Wbem;C:\Windows\System32\WindowsPowerShell\v1.0\;C:\Windows\System32\OpenSSH\;C:\Program Files\Microsoft SQL Server\150\Tools\Binn\;C:\Program Files\Microsoft SQL Server\Client SDK\ODBC\170\Tools\Binn\;C:\Program Files\dotnet\;C:\Program Files\Git\cmd;C:\Program Files\Azure Data Studio\bin;C:\ProgramData\chocolatey\bin;C:\Program Files\Git\usr\bin;C:\Program Files (x86)\Windows Kits\10\Windows Performance Toolkit\;C:\Program Files\Microsoft VS Code\bin;C:\ProgramData\chocolatey\lib\maven\apache-maven-3.9.11\bin;C:\Program Files\Java\jdk-24\bin;C:\Program Files\PostgreSQL\17\bin;C:\Users\Administrator\AppData\Local\nvm;C:\nvm4w\nodejs;C:\Users\Administrator\AppData\Local\Microsoft\WindowsApps;C:\Users\Administrator\AppData\Roaming\npm;C:\Users\Administrator\AppData\Local\nvm;C:\nvm4w\nodejs
USERNAME=Administrator
OS=Windows_NT
PROCESSOR_IDENTIFIER=Intel64 Family 6 Model 85 Stepping 6, GenuineIntel
TMP=C:\Users\ADMINI~1\AppData\Local\Temp
TEMP=C:\Users\ADMINI~1\AppData\Local\Temp




Periodic native trim disabled

---------------  S Y S T E M  ---------------

OS:
 Windows 11 , 64 bit Build 26100 (10.0.26100.5074)
OS uptime: 6 days 6:23 hours
KVM virtualization detected

CPU: total 2 (initial active 2) (2 cores per cpu, 1 threads per core) family 6 model 85 stepping 6 microcode 0x1, cx8, cmov, fxsr, mmx, 3dnowpref, sse, sse2, sse3, ssse3, sse4.1, sse4.2, popcnt, lzcnt, tsc, avx, avx2, aes, erms, clmul, bmi1, bmi2, adx, avx512f, avx512dq, avx512cd, avx512bw, avx512vl, fma, vzeroupper, avx512_vnni, clflush, clflushopt, clwb, hv, rdtscp, f16c
Processor Information for the first 2 processors :
  Max Mhz: 3392, Current Mhz: 3392, Mhz Limit: 3392

Memory: 4k page, system-wide physical 6060M (205M free)
TotalPageFile size 18745M (AvailPageFile size 3M)
current process WorkingSet (physical memory assigned to process): 122M, peak: 122M
current process commit charge ("private bytes"): 243M, peak: 243M

vm_info: OpenJDK 64-Bit Server VM (21.0.8+9-LTS) for windows-amd64 JRE (21.0.8+9-LTS), built on 2025-07-15T00:00:00Z by "admin" with MS VC++ 17.7 (VS2022)

END.
