#
# There is insufficient memory for the Java Runtime Environment to continue.
# Native memory allocation (mmap) failed to map 5242880 bytes. Error detail: G1 virtual space
# Possible reasons:
#   The system is out of physical RAM or swap space
#   This process is running with CompressedOops enabled, and the Java Heap may be blocking the growth of the native heap
# Possible solutions:
#   Reduce memory load on the system
#   Increase physical memory or swap space
#   Check if swap backing store is full
#   Decrease Java heap size (-Xmx/-Xms)
#   Decrease number of Java threads
#   Decrease Java thread stack sizes (-Xss)
#   Set larger code cache with -XX:ReservedCodeCacheSize=
#   JVM is running with Unscaled Compressed Oops mode in which the Java heap is
#     placed in the first 4GB address space. The Java Heap base address is the
#     maximum limit for the native heap growth. Please use -XX:HeapBaseMinAddress
#     to set the Java Heap base and to place the Java Heap above 4GB virtual address.
# This output file may be truncated or incomplete.
#
#  Out of Memory Error (os_windows.cpp:3564), pid=18720, tid=8104
#
# JRE version: Java(TM) SE Runtime Environment (24.0.2+12) (build 24.0.2+12-54)
# Java VM: Java HotSpot(TM) 64-Bit Server VM (24.0.2+12-54, mixed mode, emulated-client, sharing, tiered, compressed oops, compressed class ptrs, g1 gc, windows-amd64)
# No core dump will be written. Minidumps are not enabled by default on client versions of Windows
#

---------------  S U M M A R Y ------------

Command Line: -XX:TieredStopAtLevel=1 com.dorsetsoftware.PennyPal.PennyPalApplication

Host: Intel Xeon Processor (Cascadelake), 2 cores, 5G,  Windows 11 , 64 bit Build 26100 (10.0.26100.5074)
Time: Tue Sep 16 08:29:39 2025 GMT Summer Time elapsed time: 9.707922 seconds (0d 0h 0m 9s)

---------------  T H R E A D  ---------------

Current thread (0x0000024558973720):  VMThread "VM Thread"          [id=8104, stack(0x000000ec6c000000,0x000000ec6c100000) (1024K)]

Stack: [0x000000ec6c000000,0x000000ec6c100000]
Native frames: (J=compiled Java code, j=interpreted, Vv=VM code, C=native code)
V  [jvm.dll+0x730829]  (no source info available)
V  [jvm.dll+0x8d9da3]  (no source info available)
V  [jvm.dll+0x8dc28d]  (no source info available)
V  [jvm.dll+0x8dc903]  (no source info available)
V  [jvm.dll+0x2a9f56]  (no source info available)
V  [jvm.dll+0x72cd55]  (no source info available)
V  [jvm.dll+0x72066a]  (no source info available)
V  [jvm.dll+0x390b7a]  (no source info available)
V  [jvm.dll+0x398906]  (no source info available)
V  [jvm.dll+0x3850de]  (no source info available)
V  [jvm.dll+0x385398]  (no source info available)
V  [jvm.dll+0x35d10c]  (no source info available)
V  [jvm.dll+0x35d19a]  (no source info available)
V  [jvm.dll+0x3aa602]  (no source info available)
V  [jvm.dll+0x3a8c32]  (no source info available)
V  [jvm.dll+0x35c8d7]  (no source info available)
V  [jvm.dll+0x3a83e4]  (no source info available)
V  [jvm.dll+0x8e29c2]  (no source info available)
V  [jvm.dll+0x8e3d0c]  (no source info available)
V  [jvm.dll+0x8e4278]  (no source info available)
V  [jvm.dll+0x8e4513]  (no source info available)
V  [jvm.dll+0x87d9eb]  (no source info available)
V  [jvm.dll+0x72ef45]  (no source info available)
C  [ucrtbase.dll+0x37b0]  (no source info available)
C  [KERNEL32.DLL+0x2e8d7]  (no source info available)
C  [ntdll.dll+0x8d9c]  (no source info available)

VM_Operation (0x000000ec6b9f6c60): G1CollectForAllocation, mode: safepoint, requested by thread 0x00000245494cb010


---------------  P R O C E S S  ---------------

Threads class SMR info:
_java_thread_list=0x0000024546cfc690, length=17, elements={
0x00000245494cb010, 0x00000245589848e0, 0x00000245589863f0, 0x000002455898bd20,
0x000002455898c940, 0x000002455898e570, 0x000002455898f190, 0x000002455898fdb0,
0x0000024558a05c40, 0x0000024558a08f00, 0x0000024558a1e240, 0x0000024546154b30,
0x0000024546900010, 0x0000024546942630, 0x0000024546acfd80, 0x000002454627c430,
0x00000245462ca3c0
}

Java Threads: ( => current thread )
  0x00000245494cb010 JavaThread "main"                              [_thread_blocked, id=9816, stack(0x000000ec6b900000,0x000000ec6ba00000) (1024K)]
  0x00000245589848e0 JavaThread "Reference Handler"          daemon [_thread_blocked, id=12052, stack(0x000000ec6c100000,0x000000ec6c200000) (1024K)]
  0x00000245589863f0 JavaThread "Finalizer"                  daemon [_thread_blocked, id=20020, stack(0x000000ec6c200000,0x000000ec6c300000) (1024K)]
  0x000002455898bd20 JavaThread "Signal Dispatcher"          daemon [_thread_blocked, id=13428, stack(0x000000ec6c300000,0x000000ec6c400000) (1024K)]
  0x000002455898c940 JavaThread "Attach Listener"            daemon [_thread_blocked, id=5200, stack(0x000000ec6c400000,0x000000ec6c500000) (1024K)]
  0x000002455898e570 JavaThread "Service Thread"             daemon [_thread_blocked, id=12736, stack(0x000000ec6c500000,0x000000ec6c600000) (1024K)]
  0x000002455898f190 JavaThread "Monitor Deflation Thread"   daemon [_thread_blocked, id=196, stack(0x000000ec6c600000,0x000000ec6c700000) (1024K)]
  0x000002455898fdb0 JavaThread "C1 CompilerThread0"         daemon [_thread_blocked, id=5668, stack(0x000000ec6c700000,0x000000ec6c800000) (1024K)]
  0x0000024558a05c40 JavaThread "Notification Thread"        daemon [_thread_blocked, id=7716, stack(0x000000ec6c800000,0x000000ec6c900000) (1024K)]
  0x0000024558a08f00 JavaThread "Common-Cleaner"             daemon [_thread_blocked, id=14080, stack(0x000000ec6c900000,0x000000ec6ca00000) (1024K)]
  0x0000024558a1e240 JavaThread "C1 CompilerThread1"         daemon [_thread_blocked, id=2516, stack(0x000000ec6ca00000,0x000000ec6cb00000) (1024K)]
  0x0000024546154b30 JavaThread "PostgreSQL-JDBC-Cleaner"    daemon [_thread_blocked, id=6900, stack(0x000000ec6cd00000,0x000000ec6ce00000) (1024K)]
  0x0000024546900010 JavaThread "HikariPool-1:housekeeper"   daemon [_thread_blocked, id=14580, stack(0x000000ec6ce00000,0x000000ec6cf00000) (1024K)]
  0x0000024546942630 JavaThread "HikariPool-1:connection-adder" daemon [_thread_blocked, id=12344, stack(0x000000ec6cf00000,0x000000ec6d000000) (1024K)]
  0x0000024546acfd80 JavaThread "Catalina-utility-1"                [_thread_blocked, id=14440, stack(0x000000ec6d000000,0x000000ec6d100000) (1024K)]
  0x000002454627c430 JavaThread "Catalina-utility-2"                [_thread_blocked, id=14772, stack(0x000000ec6d100000,0x000000ec6d200000) (1024K)]
  0x00000245462ca3c0 JavaThread "container-0"                       [_thread_blocked, id=14836, stack(0x000000ec6d200000,0x000000ec6d300000) (1024K)]
Total: 17

Other Threads:
=>0x0000024558973720 VMThread "VM Thread"                           [id=8104, stack(0x000000ec6c000000,0x000000ec6c100000) (1024K)]
  0x00000245589674b0 WatcherThread "VM Periodic Task Thread"        [id=14676, stack(0x000000ec6bf00000,0x000000ec6c000000) (1024K)]
  0x000002454951f650 WorkerThread "GC Thread#0"                     [id=6700, stack(0x000000ec6ba00000,0x000000ec6bb00000) (1024K)]
  0x0000024545bb08a0 WorkerThread "GC Thread#1"                     [id=6660, stack(0x000000ec6cb00000,0x000000ec6cc00000) (1024K)]
  0x000002454952f380 ConcurrentGCThread "G1 Main Marker"            [id=10472, stack(0x000000ec6bb00000,0x000000ec6bc00000) (1024K)]
  0x0000024549530d80 WorkerThread "G1 Conc#0"                       [id=11552, stack(0x000000ec6bc00000,0x000000ec6bd00000) (1024K)]
  0x00000245588310a0 ConcurrentGCThread "G1 Refine#0"               [id=1872, stack(0x000000ec6bd00000,0x000000ec6be00000) (1024K)]
  0x00000245495882d0 ConcurrentGCThread "G1 Service"                [id=5692, stack(0x000000ec6be00000,0x000000ec6bf00000) (1024K)]
Total: 8

Threads with active compile tasks:
Total: 0

VM state: at safepoint (normal execution)

VM Mutex/Monitor currently owned by a thread:  ([mutex/lock_event])
[0x00007fffa5f744f0] Threads_lock - owner thread: 0x0000024558973720
[0x00007fffa5f745f0] Heap_lock - owner thread: 0x00000245494cb010

Heap address: 0x00000000a1400000, size: 1516 MB, Compressed Oops mode: 32-bit

CDS archive(s) mapped at: [0x0000024500000000-0x0000024500d40000-0x0000024500d40000), size 13893632, SharedBaseAddress: 0x0000024500000000, ArchiveRelocationMode: 1.
Compressed class space mapped at: 0x0000024501000000-0x0000024541000000, reserved size: 1073741824
UseCompressedClassPointers 1, UseCompactObjectHeaders 0
Narrow klass pointer bits 32, Max shift 3
Narrow klass base: 0x0000024500000000, Narrow klass shift: 0
Encoding Range: [0x0000024500000000 - 0x0000024600000000), (4294967296 bytes)
Klass Range:    [0x0000024500000000 - 0x0000024541000000), (1090519040 bytes)
Klass ID Range:  [8 - 1090519033) (1090519025)

GC Precious Log:
 CardTable entry size: 512
 Card Set container configuration: InlinePtr #cards 5 size 8 Array Of Cards #cards 10 size 36 Howl #buckets 4 coarsen threshold 1843 Howl Bitmap #cards 512 size 80 coarsen threshold 460 Card regions per heap region 1 cards per card region 2048
 CPUs: 2 total, 2 available
 Memory: 6060M
 Large Page Support: Disabled
 NUMA Support: Disabled
 Compressed Oops: Enabled (32-bit)
 Heap Region Size: 1M
 Heap Min Capacity: 8M
 Heap Initial Capacity: 96M
 Heap Max Capacity: 1516M
 Pre-touch: Disabled
 Parallel Workers: 2
 Concurrent Workers: 1
 Concurrent Refinement Workers: 2
 Periodic GC: Disabled

Heap:
 garbage-first heap   total reserved 1552384K, committed 99328K, used 49152K [0x00000000a1400000, 0x0000000100000000)
  region size 1024K, 3 young (3072K), 3 survivors (3072K)
 Metaspace       used 63700K, committed 64192K, reserved 1114112K
  class space    used 7590K, committed 7808K, reserved 1048576K

Heap Regions: E=young(eden), S=young(survivor), O=old, HS=humongous(starts), HC=humongous(continues), CS=collection set, F=free, TAMS=top-at-mark-start, PB=parsable bottom
|   0|0x00000000a1400000, 0x00000000a1500000, 0x00000000a1500000|100%|HS|  |TAMS 0x00000000a1400000| PB 0x00000000a1400000| Complete |  0
|   1|0x00000000a1500000, 0x00000000a1600000, 0x00000000a1600000|100%|HS|  |TAMS 0x00000000a1500000| PB 0x00000000a1500000| Complete |  0
|   2|0x00000000a1600000, 0x00000000a1700000, 0x00000000a1700000|100%| O|  |TAMS 0x00000000a1600000| PB 0x00000000a1600000| Untracked |  0
|   3|0x00000000a1700000, 0x00000000a1800000, 0x00000000a1800000|100%| O|  |TAMS 0x00000000a1700000| PB 0x00000000a1700000| Untracked |  0
|   4|0x00000000a1800000, 0x00000000a1900000, 0x00000000a1900000|100%| O|  |TAMS 0x00000000a1800000| PB 0x00000000a1800000| Untracked |  0
|   5|0x00000000a1900000, 0x00000000a1a00000, 0x00000000a1a00000|100%| O|  |TAMS 0x00000000a1900000| PB 0x00000000a1900000| Untracked |  0
|   6|0x00000000a1a00000, 0x00000000a1b00000, 0x00000000a1b00000|100%| O|  |TAMS 0x00000000a1a00000| PB 0x00000000a1a00000| Untracked |  0
|   7|0x00000000a1b00000, 0x00000000a1c00000, 0x00000000a1c00000|100%| O|  |TAMS 0x00000000a1b00000| PB 0x00000000a1b00000| Untracked |  0
|   8|0x00000000a1c00000, 0x00000000a1d00000, 0x00000000a1d00000|100%| O|  |TAMS 0x00000000a1c00000| PB 0x00000000a1c00000| Untracked |  0
|   9|0x00000000a1d00000, 0x00000000a1e00000, 0x00000000a1e00000|100%| O|  |TAMS 0x00000000a1d00000| PB 0x00000000a1d00000| Untracked |  0
|  10|0x00000000a1e00000, 0x00000000a1f00000, 0x00000000a1f00000|100%| O|  |TAMS 0x00000000a1e00000| PB 0x00000000a1e00000| Untracked |  0
|  11|0x00000000a1f00000, 0x00000000a2000000, 0x00000000a2000000|100%| O|  |TAMS 0x00000000a1f00000| PB 0x00000000a1f00000| Untracked |  0
|  12|0x00000000a2000000, 0x00000000a2100000, 0x00000000a2100000|100%| O|  |TAMS 0x00000000a2000000| PB 0x00000000a2000000| Untracked |  0
|  13|0x00000000a2100000, 0x00000000a2200000, 0x00000000a2200000|100%| O|  |TAMS 0x00000000a2100000| PB 0x00000000a2100000| Untracked |  0
|  14|0x00000000a2200000, 0x00000000a2300000, 0x00000000a2300000|100%| O|  |TAMS 0x00000000a2200000| PB 0x00000000a2200000| Untracked |  0
|  15|0x00000000a2300000, 0x00000000a2400000, 0x00000000a2400000|100%| O|  |TAMS 0x00000000a2300000| PB 0x00000000a2300000| Untracked |  0
|  16|0x00000000a2400000, 0x00000000a2500000, 0x00000000a2500000|100%| O|  |TAMS 0x00000000a2400000| PB 0x00000000a2400000| Untracked |  0
|  17|0x00000000a2500000, 0x00000000a2600000, 0x00000000a2600000|100%| O|  |TAMS 0x00000000a2500000| PB 0x00000000a2500000| Untracked |  0
|  18|0x00000000a2600000, 0x00000000a2700000, 0x00000000a2700000|100%| O|  |TAMS 0x00000000a2600000| PB 0x00000000a2600000| Untracked |  0
|  19|0x00000000a2700000, 0x00000000a2800000, 0x00000000a2800000|100%| O|  |TAMS 0x00000000a2700000| PB 0x00000000a2700000| Untracked |  0
|  20|0x00000000a2800000, 0x00000000a2900000, 0x00000000a2900000|100%| O|  |TAMS 0x00000000a2800000| PB 0x00000000a2800000| Untracked |  0
|  21|0x00000000a2900000, 0x00000000a2a00000, 0x00000000a2a00000|100%| O|  |TAMS 0x00000000a2900000| PB 0x00000000a2900000| Untracked |  0
|  22|0x00000000a2a00000, 0x00000000a2b00000, 0x00000000a2b00000|100%| O|  |TAMS 0x00000000a2a00000| PB 0x00000000a2a00000| Untracked |  0
|  23|0x00000000a2b00000, 0x00000000a2c00000, 0x00000000a2c00000|100%| O|  |TAMS 0x00000000a2b00000| PB 0x00000000a2b00000| Untracked |  0
|  24|0x00000000a2c00000, 0x00000000a2d00000, 0x00000000a2d00000|100%| O|  |TAMS 0x00000000a2c00000| PB 0x00000000a2c00000| Untracked |  0
|  25|0x00000000a2d00000, 0x00000000a2e00000, 0x00000000a2e00000|100%| O|  |TAMS 0x00000000a2d00000| PB 0x00000000a2d00000| Untracked |  0
|  26|0x00000000a2e00000, 0x00000000a2f00000, 0x00000000a2f00000|100%| O|  |TAMS 0x00000000a2e00000| PB 0x00000000a2e00000| Untracked |  0
|  27|0x00000000a2f00000, 0x00000000a3000000, 0x00000000a3000000|100%| O|  |TAMS 0x00000000a2f00000| PB 0x00000000a2f00000| Untracked |  0
|  28|0x00000000a3000000, 0x00000000a3100000, 0x00000000a3100000|100%| O|  |TAMS 0x00000000a3000000| PB 0x00000000a3000000| Untracked |  0
|  29|0x00000000a3100000, 0x00000000a3200000, 0x00000000a3200000|100%| O|  |TAMS 0x00000000a3100000| PB 0x00000000a3100000| Untracked |  0
|  30|0x00000000a3200000, 0x00000000a3300000, 0x00000000a3300000|100%| O|  |TAMS 0x00000000a3200000| PB 0x00000000a3200000| Untracked |  0
|  31|0x00000000a3300000, 0x00000000a3400000, 0x00000000a3400000|100%| O|  |TAMS 0x00000000a3300000| PB 0x00000000a3300000| Untracked |  0
|  32|0x00000000a3400000, 0x00000000a3500000, 0x00000000a3500000|100%| O|  |TAMS 0x00000000a3400000| PB 0x00000000a3400000| Untracked |  0
|  33|0x00000000a3500000, 0x00000000a3600000, 0x00000000a3600000|100%| O|  |TAMS 0x00000000a3500000| PB 0x00000000a3500000| Untracked |  0
|  34|0x00000000a3600000, 0x00000000a3600000, 0x00000000a3700000|  0%| F|  |TAMS 0x00000000a3600000| PB 0x00000000a3600000| Untracked |  0
|  35|0x00000000a3700000, 0x00000000a3800000, 0x00000000a3800000|100%| O|  |TAMS 0x00000000a3700000| PB 0x00000000a3700000| Untracked |  0
|  36|0x00000000a3800000, 0x00000000a3800000, 0x00000000a3900000|  0%| F|  |TAMS 0x00000000a3800000| PB 0x00000000a3800000| Untracked |  0
|  37|0x00000000a3900000, 0x00000000a3900000, 0x00000000a3a00000|  0%| F|  |TAMS 0x00000000a3900000| PB 0x00000000a3900000| Untracked |  0
|  38|0x00000000a3a00000, 0x00000000a3a00000, 0x00000000a3b00000|  0%| F|  |TAMS 0x00000000a3a00000| PB 0x00000000a3a00000| Untracked |  0
|  39|0x00000000a3b00000, 0x00000000a3c00000, 0x00000000a3c00000|100%| O|  |TAMS 0x00000000a3b00000| PB 0x00000000a3b00000| Untracked |  0
|  40|0x00000000a3c00000, 0x00000000a3d00000, 0x00000000a3d00000|100%| O|  |TAMS 0x00000000a3c00000| PB 0x00000000a3c00000| Untracked |  0
|  41|0x00000000a3d00000, 0x00000000a3d00000, 0x00000000a3e00000|  0%| F|  |TAMS 0x00000000a3d00000| PB 0x00000000a3d00000| Untracked |  0
|  42|0x00000000a3e00000, 0x00000000a3f00000, 0x00000000a3f00000|100%| O|  |TAMS 0x00000000a3e00000| PB 0x00000000a3e00000| Untracked |  0
|  43|0x00000000a3f00000, 0x00000000a4000000, 0x00000000a4000000|100%| O|  |TAMS 0x00000000a3f00000| PB 0x00000000a3f00000| Untracked |  0
|  44|0x00000000a4000000, 0x00000000a4100000, 0x00000000a4100000|100%| O|  |TAMS 0x00000000a4000000| PB 0x00000000a4000000| Untracked |  0
|  45|0x00000000a4100000, 0x00000000a4100000, 0x00000000a4200000|  0%| F|  |TAMS 0x00000000a4100000| PB 0x00000000a4100000| Untracked |  0
|  46|0x00000000a4200000, 0x00000000a4200000, 0x00000000a4300000|  0%| F|  |TAMS 0x00000000a4200000| PB 0x00000000a4200000| Untracked |  0
|  47|0x00000000a4300000, 0x00000000a4300000, 0x00000000a4400000|  0%| F|  |TAMS 0x00000000a4300000| PB 0x00000000a4300000| Untracked |  0
|  48|0x00000000a4400000, 0x00000000a4500000, 0x00000000a4500000|100%| S|CS|TAMS 0x00000000a4400000| PB 0x00000000a4400000| Complete |  0
|  49|0x00000000a4500000, 0x00000000a4600000, 0x00000000a4600000|100%| S|CS|TAMS 0x00000000a4500000| PB 0x00000000a4500000| Complete |  0
|  50|0x00000000a4600000, 0x00000000a4700000, 0x00000000a4700000|100%| S|CS|TAMS 0x00000000a4600000| PB 0x00000000a4600000| Complete |  0
|  51|0x00000000a4700000, 0x00000000a4700000, 0x00000000a4800000|  0%| F|  |TAMS 0x00000000a4700000| PB 0x00000000a4700000| Untracked |  0
|  52|0x00000000a4800000, 0x00000000a4800000, 0x00000000a4900000|  0%| F|  |TAMS 0x00000000a4800000| PB 0x00000000a4800000| Untracked |  0
|  53|0x00000000a4900000, 0x00000000a4900000, 0x00000000a4a00000|  0%| F|  |TAMS 0x00000000a4900000| PB 0x00000000a4900000| Untracked |  0
|  54|0x00000000a4a00000, 0x00000000a4a00000, 0x00000000a4b00000|  0%| F|  |TAMS 0x00000000a4a00000| PB 0x00000000a4a00000| Untracked |  0
|  55|0x00000000a4b00000, 0x00000000a4b00000, 0x00000000a4c00000|  0%| F|  |TAMS 0x00000000a4b00000| PB 0x00000000a4b00000| Untracked |  0
|  56|0x00000000a4c00000, 0x00000000a4c00000, 0x00000000a4d00000|  0%| F|  |TAMS 0x00000000a4c00000| PB 0x00000000a4c00000| Untracked |  0
|  57|0x00000000a4d00000, 0x00000000a4d00000, 0x00000000a4e00000|  0%| F|  |TAMS 0x00000000a4d00000| PB 0x00000000a4d00000| Untracked |  0
|  58|0x00000000a4e00000, 0x00000000a4e00000, 0x00000000a4f00000|  0%| F|  |TAMS 0x00000000a4e00000| PB 0x00000000a4e00000| Untracked |  0
|  59|0x00000000a4f00000, 0x00000000a4f00000, 0x00000000a5000000|  0%| F|  |TAMS 0x00000000a4f00000| PB 0x00000000a4f00000| Untracked |  0
|  60|0x00000000a5000000, 0x00000000a5000000, 0x00000000a5100000|  0%| F|  |TAMS 0x00000000a5000000| PB 0x00000000a5000000| Untracked |  0
|  61|0x00000000a5100000, 0x00000000a5100000, 0x00000000a5200000|  0%| F|  |TAMS 0x00000000a5100000| PB 0x00000000a5100000| Untracked |  0
|  62|0x00000000a5200000, 0x00000000a5200000, 0x00000000a5300000|  0%| F|  |TAMS 0x00000000a5200000| PB 0x00000000a5200000| Untracked |  0
|  63|0x00000000a5300000, 0x00000000a5300000, 0x00000000a5400000|  0%| F|  |TAMS 0x00000000a5300000| PB 0x00000000a5300000| Untracked |  0
|  64|0x00000000a5400000, 0x00000000a5400000, 0x00000000a5500000|  0%| F|  |TAMS 0x00000000a5400000| PB 0x00000000a5400000| Untracked |  0
|  65|0x00000000a5500000, 0x00000000a5500000, 0x00000000a5600000|  0%| F|  |TAMS 0x00000000a5500000| PB 0x00000000a5500000| Untracked |  0
|  66|0x00000000a5600000, 0x00000000a5600000, 0x00000000a5700000|  0%| F|  |TAMS 0x00000000a5600000| PB 0x00000000a5600000| Untracked |  0
|  67|0x00000000a5700000, 0x00000000a5700000, 0x00000000a5800000|  0%| F|  |TAMS 0x00000000a5700000| PB 0x00000000a5700000| Untracked |  0
|  68|0x00000000a5800000, 0x00000000a5800000, 0x00000000a5900000|  0%| F|  |TAMS 0x00000000a5800000| PB 0x00000000a5800000| Untracked |  0
|  69|0x00000000a5900000, 0x00000000a5900000, 0x00000000a5a00000|  0%| F|  |TAMS 0x00000000a5900000| PB 0x00000000a5900000| Untracked |  0
|  70|0x00000000a5a00000, 0x00000000a5a00000, 0x00000000a5b00000|  0%| F|  |TAMS 0x00000000a5a00000| PB 0x00000000a5a00000| Untracked |  0
|  71|0x00000000a5b00000, 0x00000000a5b00000, 0x00000000a5c00000|  0%| F|  |TAMS 0x00000000a5b00000| PB 0x00000000a5b00000| Untracked |  0
|  72|0x00000000a5c00000, 0x00000000a5c00000, 0x00000000a5d00000|  0%| F|  |TAMS 0x00000000a5c00000| PB 0x00000000a5c00000| Untracked |  0
|  73|0x00000000a5d00000, 0x00000000a5d00000, 0x00000000a5e00000|  0%| F|  |TAMS 0x00000000a5d00000| PB 0x00000000a5d00000| Untracked |  0
|  74|0x00000000a5e00000, 0x00000000a5e00000, 0x00000000a5f00000|  0%| F|  |TAMS 0x00000000a5e00000| PB 0x00000000a5e00000| Untracked |  0
|  75|0x00000000a5f00000, 0x00000000a5f00000, 0x00000000a6000000|  0%| F|  |TAMS 0x00000000a5f00000| PB 0x00000000a5f00000| Untracked |  0
|  76|0x00000000a6000000, 0x00000000a6000000, 0x00000000a6100000|  0%| F|  |TAMS 0x00000000a6000000| PB 0x00000000a6000000| Untracked |  0
|  77|0x00000000a6100000, 0x00000000a6100000, 0x00000000a6200000|  0%| F|  |TAMS 0x00000000a6100000| PB 0x00000000a6100000| Untracked |  0
|  78|0x00000000a6200000, 0x00000000a6200000, 0x00000000a6300000|  0%| F|  |TAMS 0x00000000a6200000| PB 0x00000000a6200000| Untracked |  0
|  79|0x00000000a6300000, 0x00000000a6300000, 0x00000000a6400000|  0%| F|  |TAMS 0x00000000a6300000| PB 0x00000000a6300000| Untracked |  0
|  80|0x00000000a6400000, 0x00000000a6400000, 0x00000000a6500000|  0%| F|  |TAMS 0x00000000a6400000| PB 0x00000000a6400000| Untracked |  0
|  81|0x00000000a6500000, 0x00000000a6500000, 0x00000000a6600000|  0%| F|  |TAMS 0x00000000a6500000| PB 0x00000000a6500000| Untracked |  0
|  82|0x00000000a6600000, 0x00000000a6600000, 0x00000000a6700000|  0%| F|  |TAMS 0x00000000a6600000| PB 0x00000000a6600000| Untracked |  0
|  83|0x00000000a6700000, 0x00000000a6700000, 0x00000000a6800000|  0%| F|  |TAMS 0x00000000a6700000| PB 0x00000000a6700000| Untracked |  0
|  84|0x00000000a6800000, 0x00000000a6800000, 0x00000000a6900000|  0%| F|  |TAMS 0x00000000a6800000| PB 0x00000000a6800000| Untracked |  0
|  85|0x00000000a6900000, 0x00000000a6900000, 0x00000000a6a00000|  0%| F|  |TAMS 0x00000000a6900000| PB 0x00000000a6900000| Untracked |  0
|  86|0x00000000a6a00000, 0x00000000a6a00000, 0x00000000a6b00000|  0%| F|  |TAMS 0x00000000a6a00000| PB 0x00000000a6a00000| Untracked |  0
|  87|0x00000000a6b00000, 0x00000000a6b00000, 0x00000000a6c00000|  0%| F|  |TAMS 0x00000000a6b00000| PB 0x00000000a6b00000| Untracked |  0
|  88|0x00000000a6c00000, 0x00000000a6c00000, 0x00000000a6d00000|  0%| F|  |TAMS 0x00000000a6c00000| PB 0x00000000a6c00000| Untracked |  0
|  89|0x00000000a6d00000, 0x00000000a6d00000, 0x00000000a6e00000|  0%| F|  |TAMS 0x00000000a6d00000| PB 0x00000000a6d00000| Untracked |  0
|  95|0x00000000a7300000, 0x00000000a7300000, 0x00000000a7400000|  0%| F|  |TAMS 0x00000000a7300000| PB 0x00000000a7300000| Untracked |  0
|1510|0x00000000ffa00000, 0x00000000ffb00000, 0x00000000ffb00000|100%| O|  |TAMS 0x00000000ffa00000| PB 0x00000000ffa00000| Untracked |  0
|1511|0x00000000ffb00000, 0x00000000ffc00000, 0x00000000ffc00000|100%| O|  |TAMS 0x00000000ffb00000| PB 0x00000000ffb00000| Untracked |  0
|1512|0x00000000ffc00000, 0x00000000ffd00000, 0x00000000ffd00000|100%| O|  |TAMS 0x00000000ffc00000| PB 0x00000000ffc00000| Untracked |  0
|1513|0x00000000ffd00000, 0x00000000ffe00000, 0x00000000ffe00000|100%| O|  |TAMS 0x00000000ffd00000| PB 0x00000000ffd00000| Untracked |  0
|1514|0x00000000ffe00000, 0x00000000fff00000, 0x00000000fff00000|100%| O|  |TAMS 0x00000000ffe00000| PB 0x00000000ffe00000| Untracked |  0
|1515|0x00000000fff00000, 0x00000000fff00000, 0x0000000100000000|  0%| F|  |TAMS 0x00000000fff00000| PB 0x00000000fff00000| Untracked |  0

Card table byte_map: [0x0000024554d70000,0x0000024555070000] _byte_map_base: 0x0000024554866000

Marking Bits: (CMBitMap*) 0x000002454951fd60
 Bits: [0x0000024555070000, 0x0000024556820000)

Polling page: 0x0000024547560000

Metaspace:

Usage:
  Non-class:     54.80 MB used.
      Class:      7.41 MB used.
       Both:     62.21 MB used.

Virtual space:
  Non-class space:       64.00 MB reserved,      55.06 MB ( 86%) committed,  1 nodes.
      Class space:        1.00 GB reserved,       7.62 MB ( <1%) committed,  1 nodes.
             Both:        1.06 GB reserved,      62.69 MB (  6%) committed. 

Chunk freelists:
   Non-Class:  8.88 MB
       Class:  8.38 MB
        Both:  17.25 MB

MaxMetaspaceSize: unlimited
CompressedClassSpaceSize: 1.00 GB
Initial GC threshold: 21.00 MB
Current GC threshold: 104.50 MB
CDS: on
 - commit_granule_bytes: 65536.
 - commit_granule_words: 8192.
 - virtual_space_node_default_size: 8388608.
 - enlarge_chunks_in_place: 1.
UseCompressedClassPointers 1, UseCompactObjectHeaders 0
Narrow klass pointer bits 32, Max shift 3
Narrow klass base: 0x0000024500000000, Narrow klass shift: 0
Encoding Range: [0x0000024500000000 - 0x0000024600000000), (4294967296 bytes)
Klass Range:    [0x0000024500000000 - 0x0000024541000000), (1090519040 bytes)
Klass ID Range:  [8 - 1090519033) (1090519025)


Internal statistics:

num_allocs_failed_limit: 9.
num_arena_births: 624.
num_arena_deaths: 0.
num_vsnodes_births: 2.
num_vsnodes_deaths: 0.
num_space_committed: 1003.
num_space_uncommitted: 0.
num_chunks_returned_to_freelist: 9.
num_chunks_taken_from_freelist: 2877.
num_chunk_merges: 9.
num_chunk_splits: 2179.
num_chunks_enlarged: 1816.
num_inconsistent_stats: 0.

CodeCache: size=49152Kb used=8814Kb max_used=8814Kb free=40337Kb
 bounds [0x0000024551d70000, 0x0000024552610000, 0x0000024554d70000]
 total_blobs=6393, nmethods=5704, adapters=614, full_count=0
Compilation: enabled, stopped_count=0, restarted_count=0

Compilation events (20 events):
Event: 9.432 Thread 0x000002455898fdb0 nmethod 5794 0x00000245524c4988 code [0x00000245524c4b60, 0x00000245524c5280]
Event: 9.432 Thread 0x000002455898fdb0 5797       1       org.antlr.v4.runtime.CommonToken::<init> (86 bytes)
Event: 9.432 Thread 0x0000024558a1e240 nmethod 5796 0x00000245524c4408 code [0x00000245524c4560, 0x00000245524c4920]
Event: 9.432 Thread 0x000002455898fdb0 nmethod 5797 0x00000245524c3f08 code [0x00000245524c4040, 0x00000245524c4350]
Event: 9.432 Thread 0x0000024558a1e240 5798       1       org.antlr.v4.runtime.Lexer::emit (51 bytes)
Event: 9.432 Thread 0x000002455898fdb0 5799       1       org.antlr.v4.runtime.Lexer::getCharIndex (10 bytes)
Event: 9.433 Thread 0x000002455898fdb0 nmethod 5799 0x00000245524c3988 code [0x00000245524c3aa0, 0x00000245524c3ba8]
Event: 9.433 Thread 0x0000024558a1e240 nmethod 5798 0x0000024552384088 code [0x00000245523841a0, 0x00000245523843c0]
Event: 9.437 Thread 0x0000024558a1e240 5800   !   1       org.antlr.v4.runtime.atn.ParserATNSimulator::addDFAState (173 bytes)
Event: 9.437 Thread 0x000002455898fdb0 5801       1       org.antlr.v4.runtime.misc.FlexibleHashMap::createEntryListArray (7 bytes)
Event: 9.437 Thread 0x000002455898fdb0 nmethod 5801 0x0000024552383d88 code [0x0000024552383ea0, 0x0000024552383fd8]
Event: 9.438 Thread 0x0000024558a1e240 nmethod 5800 0x0000024552383108 code [0x0000024552383360, 0x0000024552383cf8]
Event: 9.451 Thread 0x0000024558a1e240 5802       1       org.antlr.v4.runtime.atn.EmptyPredictionContext::getReturnState (5 bytes)
Event: 9.451 Thread 0x0000024558a1e240 nmethod 5802 0x0000024552382e08 code [0x0000024552382f00, 0x0000024552382fc8]
Event: 9.459 Thread 0x000002455898fdb0 5803       1       org.antlr.v4.runtime.atn.ParserATNSimulator::computeTargetState (286 bytes)
Event: 9.460 Thread 0x000002455898fdb0 nmethod 5803 0x0000024552381e08 code [0x0000024552382120, 0x0000024552382d10]
Event: 9.480 Thread 0x000002455898fdb0 5804   !   1       org.antlr.v4.runtime.atn.ParserATNSimulator::addDFAEdge (207 bytes)
Event: 9.480 Thread 0x000002455898fdb0 nmethod 5804 0x000002455260b408 code [0x000002455260b6a0, 0x000002455260c2b0]
Event: 9.515 Thread 0x0000024558a1e240 5805       1       org.antlr.v4.runtime.Parser::getTokenStream (5 bytes)
Event: 9.515 Thread 0x0000024558a1e240 nmethod 5805 0x0000024552381b08 code [0x0000024552381c00, 0x0000024552381cc8]

GC Heap History (20 events):
Event: 4.883 GC heap after
{Heap after GC invocations=8 (full 0):
 garbage-first heap   total reserved 1552384K, committed 58368K, used 22272K [0x00000000a1400000, 0x0000000100000000)
  region size 1024K, 2 young (2048K), 2 survivors (2048K)
 Metaspace       used 35705K, committed 36160K, reserved 1114112K
  class space    used 4064K, committed 4288K, reserved 1048576K
}
Event: 6.206 GC heap before
{Heap before GC invocations=9 (full 0):
 garbage-first heap   total reserved 1552384K, committed 58368K, used 45824K [0x00000000a1400000, 0x0000000100000000)
  region size 1024K, 26 young (26624K), 2 survivors (2048K)
 Metaspace       used 43090K, committed 43584K, reserved 1114112K
  class space    used 4801K, committed 4992K, reserved 1048576K
}
Event: 6.211 GC heap after
{Heap after GC invocations=10 (full 0):
 garbage-first heap   total reserved 1552384K, committed 58368K, used 24091K [0x00000000a1400000, 0x0000000100000000)
  region size 1024K, 3 young (3072K), 3 survivors (3072K)
 Metaspace       used 43090K, committed 43584K, reserved 1114112K
  class space    used 4801K, committed 4992K, reserved 1048576K
}
Event: 6.895 GC heap before
{Heap before GC invocations=10 (full 0):
 garbage-first heap   total reserved 1552384K, committed 58368K, used 47643K [0x00000000a1400000, 0x0000000100000000)
  region size 1024K, 27 young (27648K), 3 survivors (3072K)
 Metaspace       used 50401K, committed 50816K, reserved 1114112K
  class space    used 5555K, committed 5696K, reserved 1048576K
}
Event: 6.902 GC heap after
{Heap after GC invocations=11 (full 0):
 garbage-first heap   total reserved 1552384K, committed 58368K, used 25026K [0x00000000a1400000, 0x0000000100000000)
  region size 1024K, 4 young (4096K), 4 survivors (4096K)
 Metaspace       used 50401K, committed 50816K, reserved 1114112K
  class space    used 5555K, committed 5696K, reserved 1048576K
}
Event: 7.816 GC heap before
{Heap before GC invocations=11 (full 0):
 garbage-first heap   total reserved 1552384K, committed 58368K, used 47554K [0x00000000a1400000, 0x0000000100000000)
  region size 1024K, 27 young (27648K), 4 survivors (4096K)
 Metaspace       used 55940K, committed 56384K, reserved 1114112K
  class space    used 6286K, committed 6464K, reserved 1048576K
}
Event: 7.823 GC heap after
{Heap after GC invocations=12 (full 0):
 garbage-first heap   total reserved 1552384K, committed 70656K, used 26167K [0x00000000a1400000, 0x0000000100000000)
  region size 1024K, 3 young (3072K), 3 survivors (3072K)
 Metaspace       used 55940K, committed 56384K, reserved 1114112K
  class space    used 6286K, committed 6464K, reserved 1048576K
}
Event: 8.379 GC heap before
{Heap before GC invocations=12 (full 0):
 garbage-first heap   total reserved 1552384K, committed 70656K, used 48695K [0x00000000a1400000, 0x0000000100000000)
  region size 1024K, 26 young (26624K), 3 survivors (3072K)
 Metaspace       used 59871K, committed 60416K, reserved 1114112K
  class space    used 6708K, committed 6976K, reserved 1048576K
}
Event: 8.386 GC heap after
{Heap after GC invocations=13 (full 0):
 garbage-first heap   total reserved 1552384K, committed 70656K, used 27591K [0x00000000a1400000, 0x0000000100000000)
  region size 1024K, 4 young (4096K), 4 survivors (4096K)
 Metaspace       used 59871K, committed 60416K, reserved 1114112K
  class space    used 6708K, committed 6976K, reserved 1048576K
}
Event: 8.981 GC heap before
{Heap before GC invocations=14 (full 0):
 garbage-first heap   total reserved 1552384K, committed 70656K, used 61383K [0x00000000a1400000, 0x0000000100000000)
  region size 1024K, 37 young (37888K), 4 survivors (4096K)
 Metaspace       used 61900K, committed 62400K, reserved 1114112K
  class space    used 7202K, committed 7424K, reserved 1048576K
}
Event: 8.992 GC heap after
{Heap after GC invocations=15 (full 0):
 garbage-first heap   total reserved 1552384K, committed 70656K, used 31744K [0x00000000a1400000, 0x0000000100000000)
  region size 1024K, 5 young (5120K), 5 survivors (5120K)
 Metaspace       used 61900K, committed 62400K, reserved 1114112K
  class space    used 7202K, committed 7424K, reserved 1048576K
}
Event: 9.061 GC heap before
{Heap before GC invocations=15 (full 0):
 garbage-first heap   total reserved 1552384K, committed 70656K, used 61440K [0x00000000a1400000, 0x0000000100000000)
  region size 1024K, 34 young (34816K), 5 survivors (5120K)
 Metaspace       used 61903K, committed 62400K, reserved 1114112K
  class space    used 7202K, committed 7424K, reserved 1048576K
}
Event: 9.074 GC heap after
{Heap after GC invocations=16 (full 0):
 garbage-first heap   total reserved 1552384K, committed 72704K, used 36241K [0x00000000a1400000, 0x0000000100000000)
  region size 1024K, 5 young (5120K), 5 survivors (5120K)
 Metaspace       used 61903K, committed 62400K, reserved 1114112K
  class space    used 7202K, committed 7424K, reserved 1048576K
}
Event: 9.139 GC heap before
{Heap before GC invocations=16 (full 0):
 garbage-first heap   total reserved 1552384K, committed 72704K, used 61841K [0x00000000a1400000, 0x0000000100000000)
  region size 1024K, 30 young (30720K), 5 survivors (5120K)
 Metaspace       used 61904K, committed 62400K, reserved 1114112K
  class space    used 7202K, committed 7424K, reserved 1048576K
}
Event: 9.142 GC heap after
{Heap after GC invocations=17 (full 0):
 garbage-first heap   total reserved 1552384K, committed 72704K, used 34774K [0x00000000a1400000, 0x0000000100000000)
  region size 1024K, 1 young (1024K), 1 survivors (1024K)
 Metaspace       used 61904K, committed 62400K, reserved 1114112K
  class space    used 7202K, committed 7424K, reserved 1048576K
}
Event: 9.351 GC heap before
{Heap before GC invocations=17 (full 0):
 garbage-first heap   total reserved 1552384K, committed 72704K, used 63446K [0x00000000a1400000, 0x0000000100000000)
  region size 1024K, 29 young (29696K), 1 survivors (1024K)
 Metaspace       used 63696K, committed 64192K, reserved 1114112K
  class space    used 7590K, committed 7808K, reserved 1048576K
}
Event: 9.355 GC heap after
{Heap after GC invocations=18 (full 0):
 garbage-first heap   total reserved 1552384K, committed 72704K, used 35772K [0x00000000a1400000, 0x0000000100000000)
  region size 1024K, 2 young (2048K), 2 survivors (2048K)
 Metaspace       used 63696K, committed 64192K, reserved 1114112K
  class space    used 7590K, committed 7808K, reserved 1048576K
}
Event: 9.463 GC heap before
{Heap before GC invocations=19 (full 0):
 garbage-first heap   total reserved 1552384K, committed 72704K, used 64444K [0x00000000a1400000, 0x0000000100000000)
  region size 1024K, 30 young (30720K), 2 survivors (2048K)
 Metaspace       used 63696K, committed 64192K, reserved 1114112K
  class space    used 7590K, committed 7808K, reserved 1048576K
}
Event: 9.478 GC heap after
{Heap after GC invocations=20 (full 0):
 garbage-first heap   total reserved 1552384K, committed 76800K, used 46025K [0x00000000a1400000, 0x0000000100000000)
  region size 1024K, 4 young (4096K), 4 survivors (4096K)
 Metaspace       used 63696K, committed 64192K, reserved 1114112K
  class space    used 7590K, committed 7808K, reserved 1048576K
}
Event: 9.516 GC heap before
{Heap before GC invocations=20 (full 0):
 garbage-first heap   total reserved 1552384K, committed 76800K, used 65481K [0x00000000a1400000, 0x0000000100000000)
  region size 1024K, 23 young (23552K), 4 survivors (4096K)
 Metaspace       used 63700K, committed 64192K, reserved 1114112K
  class space    used 7590K, committed 7808K, reserved 1048576K
}

Dll operation events (10 events):
Event: 0.011 Loaded shared library C:\Program Files\Java\jdk-24\bin\java.dll
Event: 0.152 Loaded shared library C:\Program Files\Java\jdk-24\bin\net.dll
Event: 0.153 Loaded shared library C:\Program Files\Java\jdk-24\bin\nio.dll
Event: 0.159 Loaded shared library C:\Program Files\Java\jdk-24\bin\zip.dll
Event: 0.297 Loaded shared library C:\Program Files\Java\jdk-24\bin\jimage.dll
Event: 2.367 Loaded shared library C:\Program Files\Java\jdk-24\bin\sunmscapi.dll
Event: 3.729 Loaded shared library C:\Program Files\Java\jdk-24\bin\management.dll
Event: 3.763 Loaded shared library C:\Program Files\Java\jdk-24\bin\management_ext.dll
Event: 4.771 Loaded shared library C:\Program Files\Java\jdk-24\bin\verify.dll
Event: 5.248 Loaded shared library C:\Program Files\Java\jdk-24\bin\extnet.dll

Deoptimization events (6 events):
Event: 3.059 Thread 0x00000245494cb010 DEOPT PACKING pc=0x000002455206c62c sp=0x000000ec6b9fc390
Event: 3.059 Thread 0x00000245494cb010 DEOPT UNPACKING pc=0x0000024551dc6642 sp=0x000000ec6b9fb888 mode 0
Event: 5.646 Thread 0x0000024546900010 DEOPT PACKING pc=0x000002455214b231 sp=0x000000ec6ceff160
Event: 5.646 Thread 0x0000024546900010 DEOPT UNPACKING pc=0x0000024551dc6642 sp=0x000000ec6cefe5b8 mode 3
Event: 5.647 Thread 0x00000245494cb010 DEOPT PACKING pc=0x0000024552161596 sp=0x000000ec6b9f9b90
Event: 5.647 Thread 0x00000245494cb010 DEOPT UNPACKING pc=0x0000024551dc6642 sp=0x000000ec6b9f9020 mode 3

Classes loaded (20 events):
Event: 8.299 Loading class java/util/regex/Pattern$Bound
Event: 8.299 Loading class java/util/regex/Pattern$Bound done
Event: 8.299 Loading class java/util/regex/Pattern$SliceI
Event: 8.299 Loading class java/util/regex/Pattern$SliceI done
Event: 8.300 Loading class java/util/regex/Pattern$LookBehindEndNode
Event: 8.300 Loading class java/util/regex/Pattern$LookBehindEndNode done
Event: 8.300 Loading class java/util/regex/Pattern$NotBehind
Event: 8.300 Loading class java/util/regex/Pattern$NotBehind done
Event: 8.300 Loading class java/util/regex/Pattern$Neg
Event: 8.300 Loading class java/util/regex/Pattern$Neg done
Event: 8.300 Loading class java/util/regex/Pattern$Behind
Event: 8.300 Loading class java/util/regex/Pattern$Behind done
Event: 8.343 Loading class java/util/stream/SortedOps$SizedRefSortingSink
Event: 8.343 Loading class java/util/stream/SortedOps$SizedRefSortingSink done
Event: 8.372 Loading class java/nio/channels/CompletionHandler
Event: 8.372 Loading class java/nio/channels/CompletionHandler done
Event: 8.635 Loading class java/util/EmptyStackException
Event: 8.635 Loading class java/util/EmptyStackException done
Event: 8.865 Loading class java/io/InvalidClassException
Event: 8.866 Loading class java/io/InvalidClassException done

Classes unloaded (0 events):
No events

Classes redefined (0 events):
No events

Internal exceptions (20 events):
Event: 7.232 Thread 0x00000245494cb010 Exception <a 'java/lang/NoSuchMethodError'{0x00000000a3d66008}: 'java.lang.Object java.lang.invoke.Invokers$Holder.linkToTargetMethod(java.lang.Object, java.lang.Object, java.lang.Object, java.lang.Object, java.lang.Object, java.lang.Object, java.lang.Object, java.lang.Object, java.lang.Object, java.lang.Object, java.lang.Object, java.lang.Object)'> (0x00000000a3d66008) 
thrown [s\open\src\hotspot\share\interpreter\linkResolver.cpp, line 805]
Event: 7.262 Thread 0x00000245494cb010 Exception <a 'java/lang/IncompatibleClassChangeError'{0x00000000a3cf59f8}: Found class java.lang.Object, but interface was expected> (0x00000000a3cf59f8) 
thrown [s\open\src\hotspot\share\interpreter\linkResolver.cpp, line 872]
Event: 7.273 Thread 0x00000245494cb010 Exception <a 'java/lang/NoSuchMethodError'{0x00000000a3ba4788}: 'java.lang.Object java.lang.invoke.DirectMethodHandle$Holder.newInvokeSpecial(java.lang.Object, java.lang.Object, int, java.lang.Object, int, java.lang.Object, java.lang.Object)'> (0x00000000a3ba4788) 
thrown [s\open\src\hotspot\share\interpreter\linkResolver.cpp, line 805]
Event: 7.282 Thread 0x00000245494cb010 Exception <a 'java/lang/NoSuchMethodError'{0x00000000a3a3ed40}: 'java.lang.Object java.lang.invoke.DirectMethodHandle$Holder.newInvokeSpecial(java.lang.Object, java.lang.Object, java.lang.Object, java.lang.Object, java.lang.Object, java.lang.Object, java.lang.Object, int)'> (0x00000000a3a3ed40) 
thrown [s\open\src\hotspot\share\interpreter\linkResolver.cpp, line 805]
Event: 7.282 Thread 0x00000245494cb010 Exception <a 'java/lang/NoSuchMethodError'{0x00000000a3a48c18}: 'java.lang.Object java.lang.invoke.DirectMethodHandle$Holder.invokeSpecial(java.lang.Object, java.lang.Object, java.lang.Object, java.lang.Object, java.lang.Object, java.lang.Object, java.lang.Object, java.lang.Object, int)'> (0x00000000a3a48c18) 
thrown [s\open\src\hotspot\share\interpreter\linkResolver.cpp, line 805]
Event: 7.282 Thread 0x00000245494cb010 Exception <a 'java/lang/NoSuchMethodError'{0x00000000a3a51f98}: 'java.lang.Object java.lang.invoke.Invokers$Holder.linkToTargetMethod(java.lang.Object, java.lang.Object, java.lang.Object, java.lang.Object, java.lang.Object, java.lang.Object, int, java.lang.Object)'> (0x00000000a3a51f98) 
thrown [s\open\src\hotspot\share\interpreter\linkResolver.cpp, line 805]
Event: 7.333 Thread 0x00000245494cb010 Exception <a 'java/io/IOException'{0x00000000a38db8e8}> (0x00000000a38db8e8) 
thrown [s\open\src\hotspot\share\prims\jni.cpp, line 518]
Event: 7.338 Thread 0x00000245494cb010 Exception <a 'java/io/IOException'{0x00000000a3709da8}> (0x00000000a3709da8) 
thrown [s\open\src\hotspot\share\prims\jni.cpp, line 518]
Event: 7.338 Thread 0x00000245494cb010 Exception <a 'java/io/IOException'{0x00000000a3715880}> (0x00000000a3715880) 
thrown [s\open\src\hotspot\share\prims\jni.cpp, line 518]
Event: 7.339 Thread 0x00000245494cb010 Exception <a 'java/io/IOException'{0x00000000a3721558}> (0x00000000a3721558) 
thrown [s\open\src\hotspot\share\prims\jni.cpp, line 518]
Event: 7.720 Thread 0x00000245494cb010 Exception <a 'java/lang/NoSuchMethodError'{0x00000000a358aae8}: 'java.lang.Object java.lang.invoke.DirectMethodHandle$Holder.invokeSpecial(java.lang.Object, java.lang.Object, int, java.lang.Object, int)'> (0x00000000a358aae8) 
thrown [s\open\src\hotspot\share\interpreter\linkResolver.cpp, line 805]
Event: 7.720 Thread 0x00000245494cb010 Exception <a 'java/lang/NoSuchMethodError'{0x00000000a3593db8}: 'java.lang.Object java.lang.invoke.DirectMethodHandle$Holder.invokeSpecial(java.lang.Object, java.lang.Object, java.lang.Object, int, java.lang.Object, int)'> (0x00000000a3593db8) 
thrown [s\open\src\hotspot\share\interpreter\linkResolver.cpp, line 805]
Event: 7.721 Thread 0x00000245494cb010 Exception <a 'java/lang/NoSuchMethodError'{0x00000000a359cab0}: 'java.lang.Object java.lang.invoke.DelegatingMethodHandle$Holder.reinvoke_L(java.lang.Object, java.lang.Object, int, java.lang.Object, int)'> (0x00000000a359cab0) 
thrown [s\open\src\hotspot\share\interpreter\linkResolver.cpp, line 805]
Event: 7.952 Thread 0x00000245494cb010 Exception <a 'java/lang/IncompatibleClassChangeError'{0x00000000a5464b68}: Found class java.lang.Object, but interface was expected> (0x00000000a5464b68) 
thrown [s\open\src\hotspot\share\interpreter\linkResolver.cpp, line 872]
Event: 8.052 Thread 0x00000245494cb010 Exception <a 'java/lang/IncompatibleClassChangeError'{0x00000000a53f9e30}: Found class java.lang.Object, but interface was expected> (0x00000000a53f9e30) 
thrown [s\open\src\hotspot\share\interpreter\linkResolver.cpp, line 872]
Event: 8.148 Thread 0x00000245494cb010 Exception <a 'java/lang/IncompatibleClassChangeError'{0x00000000a4cfe3b8}: Found class java.lang.Object, but interface was expected> (0x00000000a4cfe3b8) 
thrown [s\open\src\hotspot\share\interpreter\linkResolver.cpp, line 872]
Event: 8.269 Thread 0x00000245494cb010 Exception <a 'java/lang/IncompatibleClassChangeError'{0x00000000a46b6058}: Found class java.lang.Object, but interface was expected> (0x00000000a46b6058) 
thrown [s\open\src\hotspot\share\interpreter\linkResolver.cpp, line 872]
Event: 8.269 Thread 0x00000245494cb010 Exception <a 'java/lang/IncompatibleClassChangeError'{0x00000000a46c6398}: Found class java.lang.Object, but interface was expected> (0x00000000a46c6398) 
thrown [s\open\src\hotspot\share\interpreter\linkResolver.cpp, line 872]
Event: 8.372 Thread 0x00000245494cb010 Exception <a 'java/lang/NoSuchMethodError'{0x00000000a42e2cd0}: 'long java.lang.invoke.DirectMethodHandle$Holder.invokeVirtual(java.lang.Object, java.lang.Object)'> (0x00000000a42e2cd0) 
thrown [s\open\src\hotspot\share\interpreter\linkResolver.cpp, line 805]
Event: 8.453 Thread 0x00000245494cb010 Exception <a 'java/lang/NoSuchMethodError'{0x00000000a7375ab8}: 'void java.lang.invoke.DirectMethodHandle$Holder.invokeVirtual(java.lang.Object, java.lang.Object, long)'> (0x00000000a7375ab8) 
thrown [s\open\src\hotspot\share\interpreter\linkResolver.cpp, line 805]

VM Operations (20 events):
Event: 8.881 Executing VM operation: HandshakeAllThreads (Deoptimize) done
Event: 8.981 Executing VM operation: G1CollectForAllocation (G1 Evacuation Pause)
Event: 8.992 Executing VM operation: G1CollectForAllocation (G1 Evacuation Pause) done
Event: 9.061 Executing VM operation: G1CollectForAllocation (G1 Evacuation Pause)
Event: 9.074 Executing VM operation: G1CollectForAllocation (G1 Evacuation Pause) done
Event: 9.097 Executing VM operation: HandshakeAllThreads (Deoptimize)
Event: 9.098 Executing VM operation: HandshakeAllThreads (Deoptimize) done
Event: 9.139 Executing VM operation: G1CollectForAllocation (G1 Evacuation Pause)
Event: 9.142 Executing VM operation: G1CollectForAllocation (G1 Evacuation Pause) done
Event: 9.315 Executing VM operation: HandshakeAllThreads (Deoptimize)
Event: 9.315 Executing VM operation: HandshakeAllThreads (Deoptimize) done
Event: 9.351 Executing VM operation: G1CollectForAllocation (G1 Evacuation Pause)
Event: 9.355 Executing VM operation: G1CollectForAllocation (G1 Evacuation Pause) done
Event: 9.393 Executing VM operation: G1PauseRemark
Event: 9.397 Executing VM operation: G1PauseRemark done
Event: 9.411 Executing VM operation: G1PauseCleanup
Event: 9.411 Executing VM operation: G1PauseCleanup done
Event: 9.463 Executing VM operation: G1CollectForAllocation (G1 Evacuation Pause)
Event: 9.478 Executing VM operation: G1CollectForAllocation (G1 Evacuation Pause) done
Event: 9.516 Executing VM operation: G1CollectForAllocation (G1 Evacuation Pause)

Memory protections (0 events):
No events

Nmethod flushes (20 events):
Event: 8.428 Thread 0x0000024558973720 flushing  nmethod 0x0000024552313d08
Event: 8.428 Thread 0x0000024558973720 flushing  nmethod 0x0000024552325b88
Event: 8.428 Thread 0x0000024558973720 flushing  nmethod 0x0000024552385f08
Event: 8.428 Thread 0x0000024558973720 flushing  nmethod 0x000002455238a488
Event: 8.428 Thread 0x0000024558973720 flushing  nmethod 0x0000024552423308
Event: 9.397 Thread 0x0000024558973720 flushing  nmethod 0x0000024551fdd088
Event: 9.397 Thread 0x0000024558973720 flushing  nmethod 0x00000245520f3508
Event: 9.397 Thread 0x0000024558973720 flushing  nmethod 0x0000024552161388
Event: 9.397 Thread 0x0000024558973720 flushing  nmethod 0x000002455236de08
Event: 9.397 Thread 0x0000024558973720 flushing  nmethod 0x0000024552381188
Event: 9.397 Thread 0x0000024558973720 flushing  nmethod 0x0000024552409a88
Event: 9.397 Thread 0x0000024558973720 flushing  nmethod 0x0000024552429488
Event: 9.397 Thread 0x0000024558973720 flushing  nmethod 0x000002455203ae88
Event: 9.397 Thread 0x0000024558973720 flushing  nmethod 0x00000245520df308
Event: 9.397 Thread 0x0000024558973720 flushing  nmethod 0x000002455214af88
Event: 9.397 Thread 0x0000024558973720 flushing  nmethod 0x0000024552274008
Event: 9.397 Thread 0x0000024558973720 flushing  nmethod 0x0000024552290a88
Event: 9.397 Thread 0x0000024558973720 flushing  nmethod 0x00000245522c0188
Event: 9.397 Thread 0x0000024558973720 flushing  nmethod 0x00000245524c3988
Event: 9.397 Thread 0x0000024558973720 flushing  nmethod 0x00000245524c7a88

Events (20 events):
Event: 0.093 Thread 0x00000245494cb010 Thread added: 0x00000245589848e0
Event: 0.093 Thread 0x00000245494cb010 Thread added: 0x00000245589863f0
Event: 0.093 Thread 0x00000245494cb010 Thread added: 0x000002455898bd20
Event: 0.093 Thread 0x00000245494cb010 Thread added: 0x000002455898c940
Event: 0.093 Thread 0x00000245494cb010 Thread added: 0x000002455898e570
Event: 0.093 Thread 0x00000245494cb010 Thread added: 0x000002455898f190
Event: 0.093 Thread 0x00000245494cb010 Thread added: 0x000002455898fdb0
Event: 0.138 Thread 0x00000245494cb010 Thread added: 0x0000024558a05c40
Event: 0.148 Thread 0x00000245494cb010 Thread added: 0x0000024558a08f00
Event: 0.156 Thread 0x000002455898fdb0 Thread added: 0x0000024558a1e240
Event: 1.264 Thread 0x00000245494cb010 Thread added: 0x0000024545d26c80
Event: 1.891 Thread 0x00000245494cb010 Thread added: 0x0000024545fd6620
Event: 1.950 Thread 0x0000024545fd6620 Thread exited: 0x0000024545fd6620
Event: 2.409 Thread 0x0000024545d26c80 Thread exited: 0x0000024545d26c80
Event: 5.620 Thread 0x00000245494cb010 Thread added: 0x0000024546154b30
Event: 5.644 Thread 0x00000245494cb010 Thread added: 0x0000024546900010
Event: 5.774 Thread 0x0000024546900010 Thread added: 0x0000024546942630
Event: 8.434 Thread 0x00000245494cb010 Thread added: 0x0000024546acfd80
Event: 8.436 Thread 0x00000245494cb010 Thread added: 0x000002454627c430
Event: 8.444 Thread 0x00000245494cb010 Thread added: 0x00000245462ca3c0


Dynamic libraries:
0x00007ff705730000 - 0x00007ff705740000 	C:\Program Files\Java\jdk-24\bin\java.exe
0x00007fffd85e0000 - 0x00007fffd8849000 	C:\Windows\SYSTEM32\ntdll.dll
0x00007fffd7790000 - 0x00007fffd7859000 	C:\Windows\System32\KERNEL32.DLL
0x00007fffd5bc0000 - 0x00007fffd5fb3000 	C:\Windows\System32\KERNELBASE.dll
0x00007fffd5a40000 - 0x00007fffd5b8b000 	C:\Windows\System32\ucrtbase.dll
0x00007fffb76d0000 - 0x00007fffb76e6000 	C:\Program Files\Java\jdk-24\bin\jli.dll
0x00007fffd7410000 - 0x00007fffd75d4000 	C:\Windows\System32\USER32.dll
0x00007fffd5b90000 - 0x00007fffd5bb7000 	C:\Windows\System32\win32u.dll
0x00007fffd83e0000 - 0x00007fffd840b000 	C:\Windows\System32\GDI32.dll
0x00007fffd5fc0000 - 0x00007fffd60ed000 	C:\Windows\System32\gdi32full.dll
0x00007fffd6300000 - 0x00007fffd63a3000 	C:\Windows\System32\msvcp_win.dll
0x00007fffb76b0000 - 0x00007fffb76cb000 	C:\Program Files\Java\jdk-24\bin\VCRUNTIME140.dll
0x00007fffc7100000 - 0x00007fffc7393000 	C:\Windows\WinSxS\amd64_microsoft.windows.common-controls_6595b64144ccf1df_6.0.26100.5074_none_3e0d6f78e32fd63f\COMCTL32.dll
0x00007fffd8030000 - 0x00007fffd80d9000 	C:\Windows\System32\msvcrt.dll
0x00007fffd66c0000 - 0x00007fffd66ef000 	C:\Windows\System32\IMM32.DLL
0x00007fffc6ab0000 - 0x00007fffc6abc000 	C:\Program Files\Java\jdk-24\bin\vcruntime140_1.dll
0x00007fffb0f20000 - 0x00007fffb0fae000 	C:\Program Files\Java\jdk-24\bin\msvcp140.dll
0x00007fffa52b0000 - 0x00007fffa6051000 	C:\Program Files\Java\jdk-24\bin\server\jvm.dll
0x00007fffd8290000 - 0x00007fffd8344000 	C:\Windows\System32\ADVAPI32.dll
0x00007fffd81c0000 - 0x00007fffd8266000 	C:\Windows\System32\sechost.dll
0x00007fffd8410000 - 0x00007fffd8528000 	C:\Windows\System32\RPCRT4.dll
0x00007fffd7fb0000 - 0x00007fffd8024000 	C:\Windows\System32\WS2_32.dll
0x00007fffd5620000 - 0x00007fffd567e000 	C:\Windows\SYSTEM32\POWRPROF.dll
0x00007fffb5900000 - 0x00007fffb5935000 	C:\Windows\SYSTEM32\WINMM.dll
0x00007fffc74b0000 - 0x00007fffc74bb000 	C:\Windows\SYSTEM32\VERSION.dll
0x00007fffd55d0000 - 0x00007fffd55e4000 	C:\Windows\SYSTEM32\UMPDC.dll
0x00007fffd4550000 - 0x00007fffd456b000 	C:\Windows\SYSTEM32\kernel.appcore.dll
0x00007fffc67f0000 - 0x00007fffc67fa000 	C:\Program Files\Java\jdk-24\bin\jimage.dll
0x00007fffbb510000 - 0x00007fffbb752000 	C:\Windows\SYSTEM32\DBGHELP.DLL
0x00007fffd6840000 - 0x00007fffd6bbb000 	C:\Windows\System32\combase.dll
0x00007fffd7860000 - 0x00007fffd7937000 	C:\Windows\System32\OLEAUT32.dll
0x00007fff84c40000 - 0x00007fff84c7d000 	C:\Windows\SYSTEM32\dbgcore.DLL
0x00007fffd60f0000 - 0x00007fffd6189000 	C:\Windows\System32\bcryptPrimitives.dll
0x00007fffb7690000 - 0x00007fffb76ae000 	C:\Program Files\Java\jdk-24\bin\java.dll
0x00007fffd6520000 - 0x00007fffd66b8000 	C:\Windows\System32\ole32.dll
0x00007fffd6cc0000 - 0x00007fffd740d000 	C:\Windows\System32\SHELL32.dll
0x00007fffd6190000 - 0x00007fffd62fc000 	C:\Windows\System32\wintypes.dll
0x00007fffd3410000 - 0x00007fffd3c69000 	C:\Windows\SYSTEM32\windows.storage.dll
0x00007fffd6bc0000 - 0x00007fffd6cb0000 	C:\Windows\System32\SHCORE.dll
0x00007fffd8530000 - 0x00007fffd8592000 	C:\Windows\System32\shlwapi.dll
0x00007fffd5690000 - 0x00007fffd56b9000 	C:\Windows\SYSTEM32\profapi.dll
0x00007fffc59d0000 - 0x00007fffc59e0000 	C:\Program Files\Java\jdk-24\bin\net.dll
0x00007fffd4ad0000 - 0x00007fffd4b3b000 	C:\Windows\system32\mswsock.dll
0x00007fffb7670000 - 0x00007fffb7686000 	C:\Program Files\Java\jdk-24\bin\nio.dll
0x00007fffb7650000 - 0x00007fffb7667000 	C:\Program Files\Java\jdk-24\bin\zip.dll
0x00007fffc2ce0000 - 0x00007fffc2cee000 	C:\Program Files\Java\jdk-24\bin\sunmscapi.dll
0x00007fffd58c0000 - 0x00007fffd5a37000 	C:\Windows\System32\CRYPT32.dll
0x00007fffd4f90000 - 0x00007fffd4fc0000 	C:\Windows\SYSTEM32\ncrypt.dll
0x00007fffd4f40000 - 0x00007fffd4f7f000 	C:\Windows\SYSTEM32\NTASN1.dll
0x00007fffd4d80000 - 0x00007fffd4d9b000 	C:\Windows\SYSTEM32\CRYPTSP.dll
0x00007fffd44b0000 - 0x00007fffd44eb000 	C:\Windows\system32\rsaenh.dll
0x00007fffd4b70000 - 0x00007fffd4b9b000 	C:\Windows\SYSTEM32\USERENV.dll
0x00007fffd55f0000 - 0x00007fffd5616000 	C:\Windows\SYSTEM32\bcrypt.dll
0x00007fffd4d70000 - 0x00007fffd4d7c000 	C:\Windows\SYSTEM32\CRYPTBASE.dll
0x00007fffd3f70000 - 0x00007fffd3fa4000 	C:\Windows\SYSTEM32\IPHLPAPI.DLL
0x00007fffd8380000 - 0x00007fffd838a000 	C:\Windows\System32\NSI.dll
0x00007fffc2ae0000 - 0x00007fffc2aea000 	C:\Program Files\Java\jdk-24\bin\management.dll
0x00007fffc1c20000 - 0x00007fffc1c2b000 	C:\Program Files\Java\jdk-24\bin\management_ext.dll
0x00007fffd75e0000 - 0x00007fffd75e8000 	C:\Windows\System32\PSAPI.DLL
0x00007fffc4240000 - 0x00007fffc4250000 	C:\Program Files\Java\jdk-24\bin\verify.dll
0x00007fffd3fb0000 - 0x00007fffd40d6000 	C:\Windows\SYSTEM32\DNSAPI.dll
0x00007fffcbba0000 - 0x00007fffcbbab000 	C:\Windows\System32\rasadhlp.dll
0x00007fffcde90000 - 0x00007fffcdf16000 	C:\Windows\System32\fwpuclnt.dll
0x00007fffccf00000 - 0x00007fffccf09000 	C:\Program Files\Java\jdk-24\bin\extnet.dll

JVMTI agents: none

dbghelp: loaded successfully - version: 4.0.5 - missing functions: none
symbol engine: initialized successfully - sym options: 0x614 - pdb path: .;C:\Program Files\Java\jdk-24\bin;C:\Windows\SYSTEM32;C:\Windows\WinSxS\amd64_microsoft.windows.common-controls_6595b64144ccf1df_6.0.26100.5074_none_3e0d6f78e32fd63f;C:\Program Files\Java\jdk-24\bin\server

VM Arguments:
jvm_args: -XX:TieredStopAtLevel=1 
java_command: com.dorsetsoftware.PennyPal.PennyPalApplication
java_class_path (initial): C:\Users\Administrator\Repos\PennyPal\target\classes;C:\Users\Administrator\.m2\repository\org\springframework\boot\spring-boot\3.5.5\spring-boot-3.5.5.jar;C:\Users\Administrator\.m2\repository\org\springframework\spring-context\6.2.10\spring-context-6.2.10.jar;C:\Users\Administrator\.m2\repository\org\springframework\boot\spring-boot-autoconfigure\3.5.5\spring-boot-autoconfigure-3.5.5.jar;C:\Users\Administrator\.m2\repository\ch\qos\logback\logback-classic\1.5.18\logback-classic-1.5.18.jar;C:\Users\Administrator\.m2\repository\ch\qos\logback\logback-core\1.5.18\logback-core-1.5.18.jar;C:\Users\Administrator\.m2\repository\org\apache\logging\log4j\log4j-to-slf4j\2.24.3\log4j-to-slf4j-2.24.3.jar;C:\Users\Administrator\.m2\repository\org\apache\logging\log4j\log4j-api\2.24.3\log4j-api-2.24.3.jar;C:\Users\Administrator\.m2\repository\org\slf4j\jul-to-slf4j\2.0.17\jul-to-slf4j-2.0.17.jar;C:\Users\Administrator\.m2\repository\jakarta\annotation\jakarta.annotation-api\2.1.1\jakarta.annotation-api-2.1.1.jar;C:\Users\Administrator\.m2\repository\org\springframework\spring-core\6.2.10\spring-core-6.2.10.jar;C:\Users\Administrator\.m2\repository\org\springframework\spring-jcl\6.2.10\spring-jcl-6.2.10.jar;C:\Users\Administrator\.m2\repository\org\yaml\snakeyaml\2.4\snakeyaml-2.4.jar;C:\Users\Administrator\.m2\repository\org\slf4j\slf4j-api\2.0.17\slf4j-api-2.0.17.jar;C:\Users\Administrator\.m2\repository\jakarta\xml\bind\jakarta.xml.bind-api\4.0.2\jakarta.xml.bind-api-4.0.2.jar;C:\Users\Administrator\.m2\repository\jakarta\activation\jakarta.activation-api\2.1.3\jakarta.activation-api-2.1.3.jar;C:\Users\Administrator\.m2\repository\net\bytebuddy\byte-buddy\1.17.7\byte-buddy-1.17.7.jar;C:\Users\Administrator\.m2\repository\com\fasterxml\jackson\datatype\jackson-datatype-jdk8\2.19.2\jackson-datatype-jdk8-2.19.2.jar;C:\Users\Administrator\.m2\repository\com\fasterxml\jackson\datatype\jackson-datatype-jsr310\2.19.2\jackson-datatype-jsr310-2.19.2.jar;C:\Users\Administrator\.m2\repository\com\fasterxml\jackson\module\jackson-module-parameter-names\2.19.2\jackson-module-parameter-names-2.19.2.jar;C:\Users\Administrator\.m2\repository\org\apache\tomcat\embed\tomcat-embed-core\10.1.44\tomcat-embed-core-10.1.44.jar;C:\Users\Administrator\.m2\repository\org\apache\tomcat\embed\tomcat-embed-websocket\10.1.44\tomcat-embed-websocket-10.1.44.jar;C:\Users\Administrator\.m2\repository\org\springframework\spring-web\6.2.10\spring-web-6.2.10.jar;C:\Users\Administrator\.m2\repository\org\springframework\spring-beans\6.2.10\spring-beans-6.2.10.jar;C:\Users\Administrator\.m2\repository\io\micrometer\micrometer-observation\1.15.3\micrometer-observation-1.15.3.jar;C:\Users\Administrator\.m2\repository\io\micrometer\micrometer-commons\1.15.3\micrometer-commons-1.15.3.jar;C:\Users\Administrator\.m2\repository\org\springframework\spring-webmvc\6.2.10\spring-webmvc-6.2.10.jar;C:\Users\Administrator\.m2\repository\org\springframework\spring-expression\6.2.10\spring-expression-6.2.10.jar;C:\Users\Administrator\.m2\repository\org\apache\tomcat\embed\tomcat-embed-el\10.1.44\tomcat-embed-el-10.1.44.jar;C:\Users\Administrator\.m2\repository\org\hibernate\validator\hibernate-validator\8.0.3.Final\hibernate-validator-8.0.3.Final.jar;C:\Users\Administrator\.m2\repository\jakarta\validation\jakarta.validation-api\3.0.2\jakarta.validation-api-3.0.2.jar;C:\Users\Administrator\.m2\repository\org\jboss\logging\jboss-logging\3.6.1.Final\jboss-logging-3.6.1.Final.jar;C:\Users\Administrator\.m2\repository\com\fasterxml\classmate\1.7.0\classmate-1.7.0.jar;C:\Users\Administrator\.m2\repository\com\zaxxer\HikariCP\6.3.2\HikariCP-6.3.2.jar;C:\Users\Administrator\.m2\repository\org\springframework\spring-jdbc\6.2.10\spring-jdbc-6.2.10.jar;C:\Users\Administrator\.m2\repository\org\hibernate\orm\hibernate-core\6.6.26.Final\hibernate-core-6.6.26.Final.jar;C:\Users\Administrator\.m2\repository\jakarta\persistence\jakarta.persistence-api\3.1.0\jakarta.persistence-api-3.1.0.jar;C:\Users\Administrator\.m2\repository\jakarta\transaction\jakarta.transaction-api\2.0.1\jakarta.transaction-api-2.0.1.jar;C:\Users\Administrator\.m2\repository\org\hibernate\common\hibernate-commons-annotations\7.0.3.Final\hibernate-commons-annotations-7.0.3.Final.jar;C:\Users\Administrator\.m2\repository\io\smallrye\jandex\3.2.0\jandex-3.2.0.jar;C:\Users\Administrator\.m2\repository\org\glassfish\jaxb\jaxb-runtime\4.0.5\jaxb-runtime-4.0.5.jar;C:\Users\Administrator\.m2\repository\org\glassfish\jaxb\jaxb-core\4.0.5\jaxb-core-4.0.5.jar;C:\Users\Administrator\.m2\repository\org\eclipse\angus\angus-activation\2.0.2\angus-activation-2.0.2.jar;C:\Users\Administrator\.m2\repository\org\glassfish\jaxb\txw2\4.0.5\txw2-4.0.5.jar;C:\Users\Administrator\.m2\repository\com\sun\istack\istack-commons-runtime\4.1.2\istack-commons-runtime-4.1.2.jar;C:\Users\Administrator\.m2\repository\jakarta\inject\jakarta.inject-api\2.0.1\jakarta.inject-api-2.0.1.jar;C:\Users\Administrator\.m2\repository\org\antlr\antlr4-runtime\4.13.0\antlr4-runtime-4.13.0.jar;C:\Users\Administrator\.m2\repository\org\springframework\data\spring-data-jpa\3.5.3\spring-data-jpa-3.5.3.jar;C:\Users\Administrator\.m2\repository\org\springframework\data\spring-data-commons\3.5.3\spring-data-commons-3.5.3.jar;C:\Users\Administrator\.m2\repository\org\springframework\spring-orm\6.2.10\spring-orm-6.2.10.jar;C:\Users\Administrator\.m2\repository\org\springframework\spring-tx\6.2.10\spring-tx-6.2.10.jar;C:\Users\Administrator\.m2\repository\org\springframework\spring-aspects\6.2.10\spring-aspects-6.2.10.jar;C:\Users\Administrator\.m2\repository\org\aspectj\aspectjweaver\1.9.24\aspectjweaver-1.9.24.jar;C:\Users\Administrator\.m2\repository\org\springframework\spring-aop\6.2.10\spring-aop-6.2.10.jar;C:\Users\Administrator\.m2\repository\org\springframework\security\spring-security-config\6.5.3\spring-security-config-6.5.3.jar;C:\Users\Administrator\.m2\repository\org\springframework\security\spring-security-core\6.5.3\spring-security-core-6.5.3.jar;C:\Users\Administrator\.m2\repository\org\springframework\security\spring-security-crypto\6.5.3\spring-security-crypto-6.5.3.jar;C:\Users\Administrator\.m2\repository\org\springframework\security\spring-security-web\6.5.3\spring-security-web-6.5.3.jar;C:\Users\Administrator\.m2\repository\org\postgresql\postgresql\42.7.7\postgresql-42.7.7.jar;C:\Users\Administrator\.m2\repository\org\checkerframework\checker-qual\3.49.3\checker-qual-3.49.3.jar;C:\Users\Administrator\.m2\repository\io\jsonwebtoken\jjwt-api\0.12.6\jjwt-api-0.12.6.jar;C:\Users\Administrator\.m2\repository\io\jsonwebtoken\jjwt-impl\0.12.6\jjwt-impl-0.12.6.jar;C:\Users\Administrator\.m2\repository\io\jsonwebtoken\jjwt-jackson\0.12.6\jjwt-jackson-0.12.6.jar;C:\Users\Administrator\.m2\repository\com\fasterxml\jackson\core\jackson-databind\2.19.2\jackson-databind-2.19.2.jar;C:\Users\Administrator\.m2\repository\com\fasterxml\jackson\core\jackson-annotations\2.19.2\jackson-annotations-2.19.2.jar;C:\Users\Administrator\.m2\repository\com\fasterxml\jackson\core\jackson-core\2.19.2\jackson-core-2.19.2.jar
Launcher Type: SUN_STANDARD

[Global flags]
     intx CICompilerCount                          = 2                                         {product} {ergonomic}
     uint ConcGCThreads                            = 1                                         {product} {ergonomic}
     uint G1ConcRefinementThreads                  = 2                                         {product} {ergonomic}
   size_t G1HeapRegionSize                         = 1048576                                   {product} {ergonomic}
   size_t InitialHeapSize                          = 100663296                                 {product} {ergonomic}
   size_t MarkStackSize                            = 4194304                                   {product} {ergonomic}
   size_t MarkStackSizeMax                         = 536870912                                 {product} {ergonomic}
   size_t MaxHeapSize                              = 1589641216                                {product} {ergonomic}
   size_t MaxNewSize                               = 953155584                                 {product} {ergonomic}
   size_t MinHeapDeltaBytes                        = 1048576                                   {product} {ergonomic}
   size_t MinHeapSize                              = 8388608                                   {product} {ergonomic}
    uintx NonNMethodCodeHeapSize                   = 4096                                   {pd product} {ergonomic}
    uintx NonProfiledCodeHeapSize                  = 0                                      {pd product} {ergonomic}
     bool ProfileInterpreter                       = false                                  {pd product} {command line}
    uintx ProfiledCodeHeapSize                     = 0                                      {pd product} {ergonomic}
   size_t SoftMaxHeapSize                          = 1589641216                             {manageable} {ergonomic}
     intx TieredStopAtLevel                        = 1                                         {product} {command line}
     bool UseCompressedOops                        = true                           {product lp64_product} {ergonomic}
     bool UseG1GC                                  = true                                      {product} {ergonomic}
     bool UseLargePagesIndividualAllocation        = false                                  {pd product} {ergonomic}

Logging:
Log output configuration:
 #0: stdout all=warning uptime,level,tags foldmultilines=false
 #1: stderr all=off uptime,level,tags foldmultilines=false

Environment Variables:
PATH=C:\Program Files\Common Files\Oracle\Java\javapath;C:\Python313\Scripts\;C:\Python313\;C:\Program Files\Python313\Scripts\;C:\Program Files\Python313\;C:\Windows\system32;C:\Windows;C:\Windows\System32\Wbem;C:\Windows\System32\WindowsPowerShell\v1.0\;C:\Windows\System32\OpenSSH\;C:\Program Files\Microsoft SQL Server\150\Tools\Binn\;C:\Program Files\Microsoft SQL Server\Client SDK\ODBC\170\Tools\Binn\;C:\Program Files\dotnet\;C:\Program Files\Git\cmd;C:\Program Files\Azure Data Studio\bin;C:\ProgramData\chocolatey\bin;C:\Program Files\Git\usr\bin;C:\Program Files (x86)\Windows Kits\10\Windows Performance Toolkit\;C:\Program Files\Microsoft VS Code\bin;C:\ProgramData\chocolatey\lib\maven\apache-maven-3.9.11\bin;C:\Program Files\Java\jdk-24\bin;C:\Program Files\PostgreSQL\17\bin;C:\Users\Administrator\AppData\Local\nvm;C:\nvm4w\nodejs;C:\Users\Administrator\AppData\Local\Microsoft\WindowsApps;C:\Users\Administrator\AppData\Roaming\npm;C:\Users\Administrator\AppData\Local\nvm;C:\nvm4w\nodejs
USERNAME=Administrator
LANG=en_US.UTF-8
OS=Windows_NT
PROCESSOR_IDENTIFIER=Intel64 Family 6 Model 85 Stepping 6, GenuineIntel
TMP=C:\Users\ADMINI~1\AppData\Local\Temp
TEMP=C:\Users\ADMINI~1\AppData\Local\Temp




Periodic native trim disabled

---------------  S Y S T E M  ---------------

OS:
 Windows 11 , 64 bit Build 26100 (10.0.26100.5074)
OS uptime: 6 days 6:25 hours
KVM virtualization detected

CPU: total 2 (initial active 2) (2 cores per cpu, 1 threads per core) family 6 model 85 stepping 6 microcode 0x1, cx8, cmov, fxsr, mmx, 3dnowpref, sse, sse2, sse3, ssse3, sse4.1, sse4.2, popcnt, lzcnt, tsc, avx, avx2, aes, erms, clmul, bmi1, bmi2, adx, avx512f, avx512dq, avx512cd, avx512bw, avx512vl, fma, vzeroupper, avx512_vnni, clflush, clflushopt, clwb, hv, rdtscp, f16c
Processor Information for the first 2 processors :
  Max Mhz: 3392, Current Mhz: 3392, Mhz Limit: 3392

Memory: 4k page, system-wide physical 6060M (296M free)
TotalPageFile size 18745M (AvailPageFile size 5M)
current process WorkingSet (physical memory assigned to process): 212M, peak: 212M
current process commit charge ("private bytes"): 259M, peak: 263M

vm_info: Java HotSpot(TM) 64-Bit Server VM (24.0.2+12-54) for windows-amd64 JRE (24.0.2+12-54), built on 2025-07-08T12:10:27Z with MS VC++ 17.6 (VS2022)

END.
