#
# There is insufficient memory for the Java Runtime Environment to continue.
# Native memory allocation (malloc) failed to allocate 1639456 bytes. Error detail: Chunk::new
# Possible reasons:
#   The system is out of physical RAM or swap space
#   This process is running with CompressedOops enabled, and the Java Heap may be blocking the growth of the native heap
# Possible solutions:
#   Reduce memory load on the system
#   Increase physical memory or swap space
#   Check if swap backing store is full
#   Decrease Java heap size (-Xmx/-Xms)
#   Decrease number of Java threads
#   Decrease Java thread stack sizes (-Xss)
#   Set larger code cache with -XX:ReservedCodeCacheSize=
#   JVM is running with Unscaled Compressed Oops mode in which the Java heap is
#     placed in the first 4GB address space. The Java Heap base address is the
#     maximum limit for the native heap growth. Please use -XX:HeapBaseMinAddress
#     to set the Java Heap base and to place the Java Heap above 4GB virtual address.
# This output file may be truncated or incomplete.
#
#  Out of Memory Error (arena.cpp:168), pid=7916, tid=6428
#
# JRE version: OpenJDK Runtime Environment Temurin-21.0.8+9 (21.0.8+9) (build 21.0.8+9-LTS)
# Java VM: OpenJDK 64-Bit Server VM Temurin-21.0.8+9 (21.0.8+9-LTS, mixed mode, sharing, tiered, compressed oops, compressed class ptrs, parallel gc, windows-amd64)
# No core dump will be written. Minidumps are not enabled by default on client versions of Windows
#

---------------  S U M M A R Y ------------

Command Line: --add-modules=ALL-SYSTEM --add-opens=java.base/java.util=ALL-UNNAMED --add-opens=java.base/java.lang=ALL-UNNAMED --add-opens=java.base/sun.nio.fs=ALL-UNNAMED -Declipse.application=org.eclipse.jdt.ls.core.id1 -Dosgi.bundles.defaultStartLevel=4 -Declipse.product=org.eclipse.jdt.ls.core.product -Djava.import.generatesMetadataFilesAtProjectRoot=false -DDetectVMInstallationsJob.disabled=true -Dfile.encoding=utf8 -XX:+UseParallelGC -XX:GCTimeRatio=4 -XX:AdaptiveSizePolicyWeight=90 -Dsun.zip.disableMemoryMapping=true -Xmx2G -Xms100m -Xlog:disable -javaagent:c:\Users\Administrator\.vscode\extensions\redhat.java-1.45.0-win32-x64\lombok\lombok-1.18.39-4050.jar -XX:+HeapDumpOnOutOfMemoryError -XX:HeapDumpPath=c:\Users\Administrator\AppData\Roaming\Code\User\workspaceStorage\9f562e75b6faa5378a3157675aea7a30\redhat.java -Daether.dependencyCollector.impl=bf c:\Users\Administrator\.vscode\extensions\redhat.java-1.45.0-win32-x64\server\plugins\org.eclipse.equinox.launcher_1.7.0.v20250519-0528.jar -configuration c:\Users\Administrator\AppData\Roaming\Code\User\globalStorage\redhat.java\1.45.0\config_win -data c:\Users\Administrator\AppData\Roaming\Code\User\workspaceStorage\9f562e75b6faa5378a3157675aea7a30\redhat.java\jdt_ws --pipe=\\.\pipe\lsp-70db3cbdd4f6b6433ff992b6225b97d9-sock

Host: Intel Xeon Processor (Cascadelake), 2 cores, 5G,  Windows 11 , 64 bit Build 26100 (10.0.26100.5074)
Time: Tue Sep 16 08:26:47 2025 GMT Summer Time elapsed time: 16.468527 seconds (0d 0h 0m 16s)

---------------  T H R E A D  ---------------

Current thread (0x000001e84abeec50):  JavaThread "C2 CompilerThread0" daemon [_thread_in_native, id=6428, stack(0x0000007874000000,0x0000007874100000) (1024K)]


Current CompileTask:
C2:16468 6296       4       java.lang.invoke.MethodType::makeImpl (109 bytes)

Stack: [0x0000007874000000,0x0000007874100000]
Native frames: (J=compiled Java code, j=interpreted, Vv=VM code, C=native code)
V  [jvm.dll+0x6d2449]
V  [jvm.dll+0x8ae341]
V  [jvm.dll+0x8b08be]
V  [jvm.dll+0x8b0fa3]
V  [jvm.dll+0x280c96]
V  [jvm.dll+0xc581d]
V  [jvm.dll+0xc5d53]
V  [jvm.dll+0x3b919c]
V  [jvm.dll+0x385315]
V  [jvm.dll+0x38477a]
V  [jvm.dll+0x248ed0]
V  [jvm.dll+0x2484af]
V  [jvm.dll+0x1c89ee]
V  [jvm.dll+0x257d4d]
V  [jvm.dll+0x2562ea]
V  [jvm.dll+0x3f2d16]
V  [jvm.dll+0x857e6b]
V  [jvm.dll+0x6d0b0d]
C  [ucrtbase.dll+0x37b0]
C  [KERNEL32.DLL+0x2e8d7]
C  [ntdll.dll+0x8d9c]


---------------  P R O C E S S  ---------------

Threads class SMR info:
_java_thread_list=0x000001e892b3d460, length=31, elements={
0x000001e83424bac0, 0x000001e84abe4a10, 0x000001e84abe7c30, 0x000001e84abebf30,
0x000001e84abec980, 0x000001e84abed3d0, 0x000001e84abede20, 0x000001e84abeec50,
0x000001e84ac691f0, 0x000001e84acd6eb0, 0x000001e88c88b580, 0x000001e88cac0c90,
0x000001e88c94d8e0, 0x000001e88c987330, 0x000001e88c9df3d0, 0x000001e88ccc7b00,
0x000001e8914612d0, 0x000001e88c5dd0b0, 0x000001e88c5dd740, 0x000001e88c5dddd0,
0x000001e88c5dca20, 0x000001e88c5dc390, 0x000001e88c5dbd00, 0x000001e88c5db670,
0x000001e88c5dafe0, 0x000001e8920054d0, 0x000001e892006f10, 0x000001e8920047b0,
0x000001e892004e40, 0x000001e892006880, 0x000001e892008950
}

Java Threads: ( => current thread )
  0x000001e83424bac0 JavaThread "main"                              [_thread_in_Java, id=11140, stack(0x0000007873600000,0x0000007873700000) (1024K)]
  0x000001e84abe4a10 JavaThread "Reference Handler"          daemon [_thread_blocked, id=8900, stack(0x0000007873a00000,0x0000007873b00000) (1024K)]
  0x000001e84abe7c30 JavaThread "Finalizer"                  daemon [_thread_blocked, id=6452, stack(0x0000007873b00000,0x0000007873c00000) (1024K)]
  0x000001e84abebf30 JavaThread "Signal Dispatcher"          daemon [_thread_blocked, id=6352, stack(0x0000007873c00000,0x0000007873d00000) (1024K)]
  0x000001e84abec980 JavaThread "Attach Listener"            daemon [_thread_blocked, id=9868, stack(0x0000007873d00000,0x0000007873e00000) (1024K)]
  0x000001e84abed3d0 JavaThread "Service Thread"             daemon [_thread_blocked, id=6244, stack(0x0000007873e00000,0x0000007873f00000) (1024K)]
  0x000001e84abede20 JavaThread "Monitor Deflation Thread"   daemon [_thread_blocked, id=6492, stack(0x0000007873f00000,0x0000007874000000) (1024K)]
=>0x000001e84abeec50 JavaThread "C2 CompilerThread0"         daemon [_thread_in_native, id=6428, stack(0x0000007874000000,0x0000007874100000) (1024K)]
  0x000001e84ac691f0 JavaThread "C1 CompilerThread0"         daemon [_thread_blocked, id=8612, stack(0x0000007874100000,0x0000007874200000) (1024K)]
  0x000001e84acd6eb0 JavaThread "Common-Cleaner"             daemon [_thread_blocked, id=8300, stack(0x0000007874200000,0x0000007874300000) (1024K)]
  0x000001e88c88b580 JavaThread "Notification Thread"        daemon [_thread_blocked, id=16200, stack(0x0000007874300000,0x0000007874400000) (1024K)]
  0x000001e88cac0c90 JavaThread "Active Thread: Equinox Container: fc61011a-7a93-4b8f-b859-7bd05adc0652"        [_thread_blocked, id=280, stack(0x0000007874500000,0x0000007874600000) (1024K)]
  0x000001e88c94d8e0 JavaThread "Refresh Thread: Equinox Container: fc61011a-7a93-4b8f-b859-7bd05adc0652" daemon [_thread_blocked, id=13488, stack(0x0000007874600000,0x0000007874700000) (1024K)]
  0x000001e88c987330 JavaThread "Framework Event Dispatcher: Equinox Container: fc61011a-7a93-4b8f-b859-7bd05adc0652" daemon [_thread_blocked, id=6640, stack(0x0000007874700000,0x0000007874800000) (1024K)]
  0x000001e88c9df3d0 JavaThread "Start Level: Equinox Container: fc61011a-7a93-4b8f-b859-7bd05adc0652" daemon [_thread_blocked, id=11828, stack(0x0000007874800000,0x0000007874900000) (1024K)]
  0x000001e88ccc7b00 JavaThread "Bundle File Closer"         daemon [_thread_blocked, id=2192, stack(0x0000007874900000,0x0000007874a00000) (1024K)]
  0x000001e8914612d0 JavaThread "SCR Component Actor"        daemon [_thread_blocked, id=11124, stack(0x0000007874a00000,0x0000007874b00000) (1024K)]
  0x000001e88c5dd0b0 JavaThread "Worker-JM"                         [_thread_blocked, id=11468, stack(0x0000007874c00000,0x0000007874d00000) (1024K)]
  0x000001e88c5dd740 JavaThread "JNA Cleaner"                daemon [_thread_blocked, id=4528, stack(0x0000007874d00000,0x0000007874e00000) (1024K)]
  0x000001e88c5dddd0 JavaThread "Worker-0"                          [_thread_blocked, id=13240, stack(0x0000007874e00000,0x0000007874f00000) (1024K)]
  0x000001e88c5dca20 JavaThread "Worker-1: Repository registry initialization"        [_thread_in_vm, id=10576, stack(0x0000007874f00000,0x0000007875000000) (1024K)]
  0x000001e88c5dc390 JavaThread "Worker-2: Initialize After Load"        [_thread_in_vm, id=4484, stack(0x0000007875000000,0x0000007875100000) (1024K)]
  0x000001e88c5dbd00 JavaThread "Java indexing"              daemon [_thread_blocked, id=7676, stack(0x0000007875100000,0x0000007875200000) (1024K)]
  0x000001e88c5db670 JavaThread "Worker-3"                          [_thread_blocked, id=948, stack(0x0000007875400000,0x0000007875500000) (1024K)]
  0x000001e88c5dafe0 JavaThread "Worker-4"                          [_thread_blocked, id=7592, stack(0x0000007875500000,0x0000007875600000) (1024K)]
  0x000001e8920054d0 JavaThread "Thread-2"                   daemon [_thread_in_native, id=19180, stack(0x0000007875600000,0x0000007875700000) (1024K)]
  0x000001e892006f10 JavaThread "Thread-3"                   daemon [_thread_in_native, id=4932, stack(0x0000007875700000,0x0000007875800000) (1024K)]
  0x000001e8920047b0 JavaThread "Thread-4"                   daemon [_thread_in_native, id=5696, stack(0x0000007875800000,0x0000007875900000) (1024K)]
  0x000001e892004e40 JavaThread "pool-2-thread-1"                   [_thread_blocked, id=1048, stack(0x0000007875900000,0x0000007875a00000) (1024K)]
  0x000001e892006880 JavaThread "WorkspaceEventsHandler"            [_thread_blocked, id=8128, stack(0x0000007875b00000,0x0000007875c00000) (1024K)]
  0x000001e892008950 JavaThread "pool-1-thread-1"                   [_thread_in_native, id=19280, stack(0x0000007875c00000,0x0000007875d00000) (1024K)]
Total: 31

Other Threads:
  0x000001e83430d520 VMThread "VM Thread"                           [id=6956, stack(0x0000007873900000,0x0000007873a00000) (1024K)]
  0x000001e8342b6040 WatcherThread "VM Periodic Task Thread"        [id=6808, stack(0x0000007873800000,0x0000007873900000) (1024K)]
  0x000001e834268bd0 WorkerThread "GC Thread#0"                     [id=6908, stack(0x0000007873700000,0x0000007873800000) (1024K)]
  0x000001e88ca1a340 WorkerThread "GC Thread#1"                     [id=5144, stack(0x0000007874400000,0x0000007874500000) (1024K)]
Total: 4

Threads with active compile tasks:
C2 CompilerThread0  16488 6296       4       java.lang.invoke.MethodType::makeImpl (109 bytes)
Total: 1

VM state: not at safepoint (normal execution)

VM Mutex/Monitor currently owned by a thread: None

Heap address: 0x0000000080000000, size: 2048 MB, Compressed Oops mode: 32-bit

CDS archive(s) mapped at: [0x000001e84b000000-0x000001e84bba0000-0x000001e84bba0000), size 12189696, SharedBaseAddress: 0x000001e84b000000, ArchiveRelocationMode: 1.
Compressed class space mapped at: 0x000001e84c000000-0x000001e88c000000, reserved size: 1073741824
Narrow klass base: 0x000001e84b000000, Narrow klass shift: 0, Narrow klass range: 0x100000000

GC Precious Log:
 CardTable entry size: 512
 CPUs: 2 total, 2 available
 Memory: 6060M
 Large Page Support: Disabled
 NUMA Support: Disabled
 Compressed Oops: Enabled (32-bit)
 Alignments: Space 512K, Generation 512K, Heap 2M
 Heap Min Capacity: 100M
 Heap Initial Capacity: 100M
 Heap Max Capacity: 2G
 Pre-touch: Disabled
 Parallel Workers: 2

Heap:
 PSYoungGen      total 23552K, used 15931K [0x00000000d5580000, 0x00000000d7080000, 0x0000000100000000)
  eden space 22016K, 67% used [0x00000000d5580000,0x00000000d63ec180,0x00000000d6b00000)
  from space 1536K, 75% used [0x00000000d6d00000,0x00000000d6e22b48,0x00000000d6e80000)
  to   space 1536K, 0% used [0x00000000d6f00000,0x00000000d6f00000,0x00000000d7080000)
 ParOldGen       total 68608K, used 22843K [0x0000000080000000, 0x0000000084300000, 0x00000000d5580000)
  object space 68608K, 33% used [0x0000000080000000,0x000000008164ee78,0x0000000084300000)
 Metaspace       used 47980K, committed 49216K, reserved 1114112K
  class space    used 5183K, committed 5760K, reserved 1048576K

Card table byte_map: [0x000001e833bf0000,0x000001e834000000] _byte_map_base: 0x000001e8337f0000

Marking Bits: (ParMarkBitMap*) 0x00007fffa6d1a340
 Begin Bits: [0x000001e8466f0000, 0x000001e8486f0000)
 End Bits:   [0x000001e8486f0000, 0x000001e84a6f0000)

Polling page: 0x000001e832110000

Metaspace:

Usage:
  Non-class:     41.79 MB used.
      Class:      5.06 MB used.
       Both:     46.86 MB used.

Virtual space:
  Non-class space:       64.00 MB reserved,      42.44 MB ( 66%) committed,  1 nodes.
      Class space:        1.00 GB reserved,       5.62 MB ( <1%) committed,  1 nodes.
             Both:        1.06 GB reserved,      48.06 MB (  4%) committed. 

Chunk freelists:
   Non-Class:  5.36 MB
       Class:  10.42 MB
        Both:  15.78 MB

MaxMetaspaceSize: unlimited
CompressedClassSpaceSize: 1.00 GB
Initial GC threshold: 21.00 MB
Current GC threshold: 58.38 MB
CDS: on
 - commit_granule_bytes: 65536.
 - commit_granule_words: 8192.
 - virtual_space_node_default_size: 8388608.
 - enlarge_chunks_in_place: 1.
 - use_allocation_guard: 0.


Internal statistics:

num_allocs_failed_limit: 6.
num_arena_births: 952.
num_arena_deaths: 14.
num_vsnodes_births: 2.
num_vsnodes_deaths: 0.
num_space_committed: 769.
num_space_uncommitted: 0.
num_chunks_returned_to_freelist: 20.
num_chunks_taken_from_freelist: 2970.
num_chunk_merges: 5.
num_chunk_splits: 1817.
num_chunks_enlarged: 992.
num_inconsistent_stats: 0.

CodeHeap 'non-profiled nmethods': size=120064Kb used=3009Kb max_used=3009Kb free=117054Kb
 bounds [0x000001e83ef00000, 0x000001e83f200000, 0x000001e846440000]
CodeHeap 'profiled nmethods': size=120000Kb used=12361Kb max_used=12361Kb free=107638Kb
 bounds [0x000001e837440000, 0x000001e838060000, 0x000001e83e970000]
CodeHeap 'non-nmethods': size=5696Kb used=1404Kb max_used=1423Kb free=4291Kb
 bounds [0x000001e83e970000, 0x000001e83ebe0000, 0x000001e83ef00000]
CodeCache: size=245760Kb, used=16774Kb, max_used=16793Kb, free=228983Kb
 total_blobs=6472, nmethods=5777, adapters=601, full_count=0
Compilation: enabled, stopped_count=0, restarted_count=0

Compilation events (20 events):
Event: 16.332 Thread 0x000001e84ac691f0 nmethod 6371 0x000001e838033c10 code [0x000001e838033ee0, 0x000001e838035018]
Event: 16.333 Thread 0x000001e84ac691f0 6372   !   3       java.io.PrintWriter::implClose (29 bytes)
Event: 16.333 Thread 0x000001e84ac691f0 nmethod 6372 0x000001e838035610 code [0x000001e8380357c0, 0x000001e838035a58]
Event: 16.333 Thread 0x000001e84ac691f0 6373       3       org.eclipse.jdt.ls.core.internal.LogReader$LogEntry::<init> (16 bytes)
Event: 16.333 Thread 0x000001e84ac691f0 nmethod 6373 0x000001e838035b90 code [0x000001e838035d60, 0x000001e8380360d8]
Event: 16.333 Thread 0x000001e84ac691f0 6374       3       java.time.format.DateTimeFormatter::parseUnresolved0 (65 bytes)
Event: 16.333 Thread 0x000001e84ac691f0 nmethod 6374 0x000001e838036290 code [0x000001e8380364a0, 0x000001e838036a40]
Event: 16.333 Thread 0x000001e84ac691f0 6375       3       java.time.format.DateTimeParseContext::<init> (51 bytes)
Event: 16.333 Thread 0x000001e84ac691f0 nmethod 6375 0x000001e838036c90 code [0x000001e838036ec0, 0x000001e838037920]
Event: 16.333 Thread 0x000001e84ac691f0 6376       3       java.time.format.Parsed::<init> (28 bytes)
Event: 16.333 Thread 0x000001e84ac691f0 nmethod 6376 0x000001e838037d10 code [0x000001e838037ee0, 0x000001e838038210]
Event: 16.333 Thread 0x000001e84ac691f0 6377       3       java.time.format.DateTimeParseContext::toResolved (45 bytes)
Event: 16.334 Thread 0x000001e84ac691f0 nmethod 6377 0x000001e838038390 code [0x000001e8380385c0, 0x000001e838039188]
Event: 16.334 Thread 0x000001e84ac691f0 6378       3       java.time.format.DateTimeParseContext::getEffectiveChronology (30 bytes)
Event: 16.334 Thread 0x000001e84ac691f0 nmethod 6378 0x000001e838039510 code [0x000001e838039700, 0x000001e838039d20]
Event: 16.334 Thread 0x000001e84ac691f0 6379       3       java.time.format.Parsed::resolve (51 bytes)
Event: 16.334 Thread 0x000001e84ac691f0 nmethod 6379 0x000001e838039f90 code [0x000001e83803a1c0, 0x000001e83803a640]
Event: 16.334 Thread 0x000001e84ac691f0 6380       3       java.time.format.Parsed::resolveFields (359 bytes)
Event: 16.465 Thread 0x000001e84ac691f0 nmethod 6380 0x000001e83803a810 code [0x000001e83803ad40, 0x000001e83803d830]
Event: 16.465 Thread 0x000001e84ac691f0 6381       3       java.time.format.Parsed::resolveInstantFields (67 bytes)

GC Heap History (20 events):
Event: 11.755 GC heap before
{Heap before GC invocations=10 (full 1):
 PSYoungGen      total 27648K, used 27187K [0x00000000d5580000, 0x00000000d7600000, 0x0000000100000000)
  eden space 24064K, 100% used [0x00000000d5580000,0x00000000d6d00000,0x00000000d6d00000)
  from space 3584K, 87% used [0x00000000d7280000,0x00000000d758cff8,0x00000000d7600000)
  to   space 3584K, 0% used [0x00000000d6f00000,0x00000000d6f00000,0x00000000d7280000)
 ParOldGen       total 68608K, used 12711K [0x0000000080000000, 0x0000000084300000, 0x00000000d5580000)
  object space 68608K, 18% used [0x0000000080000000,0x0000000080c69f80,0x0000000084300000)
 Metaspace       used 26191K, committed 27136K, reserved 1114112K
  class space    used 2622K, committed 3008K, reserved 1048576K
}
Event: 11.758 GC heap after
{Heap after GC invocations=10 (full 1):
 PSYoungGen      total 27136K, used 3323K [0x00000000d5580000, 0x00000000d7380000, 0x0000000100000000)
  eden space 23552K, 0% used [0x00000000d5580000,0x00000000d5580000,0x00000000d6c80000)
  from space 3584K, 92% used [0x00000000d6f00000,0x00000000d723ed58,0x00000000d7280000)
  to   space 1024K, 0% used [0x00000000d7280000,0x00000000d7280000,0x00000000d7380000)
 ParOldGen       total 68608K, used 12719K [0x0000000080000000, 0x0000000084300000, 0x00000000d5580000)
  object space 68608K, 18% used [0x0000000080000000,0x0000000080c6bf80,0x0000000084300000)
 Metaspace       used 26191K, committed 27136K, reserved 1114112K
  class space    used 2622K, committed 3008K, reserved 1048576K
}
Event: 12.149 GC heap before
{Heap before GC invocations=11 (full 1):
 PSYoungGen      total 27136K, used 26875K [0x00000000d5580000, 0x00000000d7380000, 0x0000000100000000)
  eden space 23552K, 100% used [0x00000000d5580000,0x00000000d6c80000,0x00000000d6c80000)
  from space 3584K, 92% used [0x00000000d6f00000,0x00000000d723ed58,0x00000000d7280000)
  to   space 1024K, 0% used [0x00000000d7280000,0x00000000d7280000,0x00000000d7380000)
 ParOldGen       total 68608K, used 12719K [0x0000000080000000, 0x0000000084300000, 0x00000000d5580000)
  object space 68608K, 18% used [0x0000000080000000,0x0000000080c6bf80,0x0000000084300000)
 Metaspace       used 27706K, committed 28672K, reserved 1114112K
  class space    used 2724K, committed 3136K, reserved 1048576K
}
Event: 12.155 GC heap after
{Heap after GC invocations=11 (full 1):
 PSYoungGen      total 24064K, used 855K [0x00000000d5580000, 0x00000000d7380000, 0x0000000100000000)
  eden space 23040K, 0% used [0x00000000d5580000,0x00000000d5580000,0x00000000d6c00000)
  from space 1024K, 83% used [0x00000000d7280000,0x00000000d7355db0,0x00000000d7380000)
  to   space 2048K, 0% used [0x00000000d6f80000,0x00000000d6f80000,0x00000000d7180000)
 ParOldGen       total 68608K, used 15317K [0x0000000080000000, 0x0000000084300000, 0x00000000d5580000)
  object space 68608K, 22% used [0x0000000080000000,0x0000000080ef5768,0x0000000084300000)
 Metaspace       used 27706K, committed 28672K, reserved 1114112K
  class space    used 2724K, committed 3136K, reserved 1048576K
}
Event: 13.193 GC heap before
{Heap before GC invocations=12 (full 1):
 PSYoungGen      total 24064K, used 23895K [0x00000000d5580000, 0x00000000d7380000, 0x0000000100000000)
  eden space 23040K, 100% used [0x00000000d5580000,0x00000000d6c00000,0x00000000d6c00000)
  from space 1024K, 83% used [0x00000000d7280000,0x00000000d7355db0,0x00000000d7380000)
  to   space 2048K, 0% used [0x00000000d6f80000,0x00000000d6f80000,0x00000000d7180000)
 ParOldGen       total 68608K, used 15317K [0x0000000080000000, 0x0000000084300000, 0x00000000d5580000)
  object space 68608K, 22% used [0x0000000080000000,0x0000000080ef5768,0x0000000084300000)
 Metaspace       used 30910K, committed 31936K, reserved 1114112K
  class space    used 3131K, committed 3584K, reserved 1048576K
}
Event: 13.196 GC heap after
{Heap after GC invocations=12 (full 1):
 PSYoungGen      total 24576K, used 1118K [0x00000000d5580000, 0x00000000d7300000, 0x0000000100000000)
  eden space 22528K, 0% used [0x00000000d5580000,0x00000000d5580000,0x00000000d6b80000)
  from space 2048K, 54% used [0x00000000d6f80000,0x00000000d7097b20,0x00000000d7180000)
  to   space 1536K, 0% used [0x00000000d7180000,0x00000000d7180000,0x00000000d7300000)
 ParOldGen       total 68608K, used 15994K [0x0000000080000000, 0x0000000084300000, 0x00000000d5580000)
  object space 68608K, 23% used [0x0000000080000000,0x0000000080f9e840,0x0000000084300000)
 Metaspace       used 30910K, committed 31936K, reserved 1114112K
  class space    used 3131K, committed 3584K, reserved 1048576K
}
Event: 13.857 GC heap before
{Heap before GC invocations=13 (full 1):
 PSYoungGen      total 24576K, used 23646K [0x00000000d5580000, 0x00000000d7300000, 0x0000000100000000)
  eden space 22528K, 100% used [0x00000000d5580000,0x00000000d6b80000,0x00000000d6b80000)
  from space 2048K, 54% used [0x00000000d6f80000,0x00000000d7097b20,0x00000000d7180000)
  to   space 1536K, 0% used [0x00000000d7180000,0x00000000d7180000,0x00000000d7300000)
 ParOldGen       total 68608K, used 15994K [0x0000000080000000, 0x0000000084300000, 0x00000000d5580000)
  object space 68608K, 23% used [0x0000000080000000,0x0000000080f9e840,0x0000000084300000)
 Metaspace       used 33264K, committed 34304K, reserved 1114112K
  class space    used 3403K, committed 3840K, reserved 1048576K
}
Event: 13.860 GC heap after
{Heap after GC invocations=13 (full 1):
 PSYoungGen      total 23040K, used 940K [0x00000000d5580000, 0x00000000d7280000, 0x0000000100000000)
  eden space 22016K, 0% used [0x00000000d5580000,0x00000000d5580000,0x00000000d6b00000)
  from space 1024K, 91% used [0x00000000d7180000,0x00000000d726b0a8,0x00000000d7280000)
  to   space 1024K, 0% used [0x00000000d7080000,0x00000000d7080000,0x00000000d7180000)
 ParOldGen       total 68608K, used 17010K [0x0000000080000000, 0x0000000084300000, 0x00000000d5580000)
  object space 68608K, 24% used [0x0000000080000000,0x000000008109c990,0x0000000084300000)
 Metaspace       used 33264K, committed 34304K, reserved 1114112K
  class space    used 3403K, committed 3840K, reserved 1048576K
}
Event: 14.428 GC heap before
{Heap before GC invocations=14 (full 1):
 PSYoungGen      total 23040K, used 19548K [0x00000000d5580000, 0x00000000d7280000, 0x0000000100000000)
  eden space 22016K, 84% used [0x00000000d5580000,0x00000000d67ac1c8,0x00000000d6b00000)
  from space 1024K, 91% used [0x00000000d7180000,0x00000000d726b0a8,0x00000000d7280000)
  to   space 1024K, 0% used [0x00000000d7080000,0x00000000d7080000,0x00000000d7180000)
 ParOldGen       total 68608K, used 17010K [0x0000000080000000, 0x0000000084300000, 0x00000000d5580000)
  object space 68608K, 24% used [0x0000000080000000,0x000000008109c990,0x0000000084300000)
 Metaspace       used 34846K, committed 35840K, reserved 1114112K
  class space    used 3603K, committed 4032K, reserved 1048576K
}
Event: 14.431 GC heap after
{Heap after GC invocations=14 (full 1):
 PSYoungGen      total 23040K, used 1005K [0x00000000d5580000, 0x00000000d7200000, 0x0000000100000000)
  eden space 22016K, 0% used [0x00000000d5580000,0x00000000d5580000,0x00000000d6b00000)
  from space 1024K, 98% used [0x00000000d7080000,0x00000000d717b7a8,0x00000000d7180000)
  to   space 512K, 0% used [0x00000000d7180000,0x00000000d7180000,0x00000000d7200000)
 ParOldGen       total 68608K, used 17895K [0x0000000080000000, 0x0000000084300000, 0x00000000d5580000)
  object space 68608K, 26% used [0x0000000080000000,0x0000000081179f38,0x0000000084300000)
 Metaspace       used 34846K, committed 35840K, reserved 1114112K
  class space    used 3603K, committed 4032K, reserved 1048576K
}
Event: 14.431 GC heap before
{Heap before GC invocations=15 (full 2):
 PSYoungGen      total 23040K, used 1005K [0x00000000d5580000, 0x00000000d7200000, 0x0000000100000000)
  eden space 22016K, 0% used [0x00000000d5580000,0x00000000d5580000,0x00000000d6b00000)
  from space 1024K, 98% used [0x00000000d7080000,0x00000000d717b7a8,0x00000000d7180000)
  to   space 512K, 0% used [0x00000000d7180000,0x00000000d7180000,0x00000000d7200000)
 ParOldGen       total 68608K, used 17895K [0x0000000080000000, 0x0000000084300000, 0x00000000d5580000)
  object space 68608K, 26% used [0x0000000080000000,0x0000000081179f38,0x0000000084300000)
 Metaspace       used 34846K, committed 35840K, reserved 1114112K
  class space    used 3603K, committed 4032K, reserved 1048576K
}
Event: 14.478 GC heap after
{Heap after GC invocations=15 (full 2):
 PSYoungGen      total 23040K, used 0K [0x00000000d5580000, 0x00000000d7200000, 0x0000000100000000)
  eden space 22016K, 0% used [0x00000000d5580000,0x00000000d5580000,0x00000000d6b00000)
  from space 1024K, 0% used [0x00000000d7080000,0x00000000d7080000,0x00000000d7180000)
  to   space 512K, 0% used [0x00000000d7180000,0x00000000d7180000,0x00000000d7200000)
 ParOldGen       total 68608K, used 18414K [0x0000000080000000, 0x0000000084300000, 0x00000000d5580000)
  object space 68608K, 26% used [0x0000000080000000,0x00000000811fbbd0,0x0000000084300000)
 Metaspace       used 34846K, committed 35840K, reserved 1114112K
  class space    used 3603K, committed 4032K, reserved 1048576K
}
Event: 14.889 GC heap before
{Heap before GC invocations=16 (full 2):
 PSYoungGen      total 23040K, used 22016K [0x00000000d5580000, 0x00000000d7200000, 0x0000000100000000)
  eden space 22016K, 100% used [0x00000000d5580000,0x00000000d6b00000,0x00000000d6b00000)
  from space 1024K, 0% used [0x00000000d7080000,0x00000000d7080000,0x00000000d7180000)
  to   space 512K, 0% used [0x00000000d7180000,0x00000000d7180000,0x00000000d7200000)
 ParOldGen       total 68608K, used 18414K [0x0000000080000000, 0x0000000084300000, 0x00000000d5580000)
  object space 68608K, 26% used [0x0000000080000000,0x00000000811fbbd0,0x0000000084300000)
 Metaspace       used 37861K, committed 38912K, reserved 1114112K
  class space    used 3952K, committed 4416K, reserved 1048576K
}
Event: 14.892 GC heap after
{Heap after GC invocations=16 (full 2):
 PSYoungGen      total 22528K, used 499K [0x00000000d5580000, 0x00000000d7200000, 0x0000000100000000)
  eden space 22016K, 0% used [0x00000000d5580000,0x00000000d5580000,0x00000000d6b00000)
  from space 512K, 97% used [0x00000000d7180000,0x00000000d71fce00,0x00000000d7200000)
  to   space 2048K, 0% used [0x00000000d6e00000,0x00000000d6e00000,0x00000000d7000000)
 ParOldGen       total 68608K, used 19501K [0x0000000080000000, 0x0000000084300000, 0x00000000d5580000)
  object space 68608K, 28% used [0x0000000080000000,0x000000008130b508,0x0000000084300000)
 Metaspace       used 37861K, committed 38912K, reserved 1114112K
  class space    used 3952K, committed 4416K, reserved 1048576K
}
Event: 15.239 GC heap before
{Heap before GC invocations=17 (full 2):
 PSYoungGen      total 22528K, used 22515K [0x00000000d5580000, 0x00000000d7200000, 0x0000000100000000)
  eden space 22016K, 100% used [0x00000000d5580000,0x00000000d6b00000,0x00000000d6b00000)
  from space 512K, 97% used [0x00000000d7180000,0x00000000d71fce00,0x00000000d7200000)
  to   space 2048K, 0% used [0x00000000d6e00000,0x00000000d6e00000,0x00000000d7000000)
 ParOldGen       total 68608K, used 19501K [0x0000000080000000, 0x0000000084300000, 0x00000000d5580000)
  object space 68608K, 28% used [0x0000000080000000,0x000000008130b508,0x0000000084300000)
 Metaspace       used 39972K, committed 41088K, reserved 1114112K
  class space    used 4227K, committed 4736K, reserved 1048576K
}
Event: 15.246 GC heap after
{Heap after GC invocations=17 (full 2):
 PSYoungGen      total 24064K, used 2016K [0x00000000d5580000, 0x00000000d7200000, 0x0000000100000000)
  eden space 22016K, 0% used [0x00000000d5580000,0x00000000d5580000,0x00000000d6b00000)
  from space 2048K, 98% used [0x00000000d6e00000,0x00000000d6ff8338,0x00000000d7000000)
  to   space 2048K, 0% used [0x00000000d7000000,0x00000000d7000000,0x00000000d7200000)
 ParOldGen       total 68608K, used 20709K [0x0000000080000000, 0x0000000084300000, 0x00000000d5580000)
  object space 68608K, 30% used [0x0000000080000000,0x0000000081439728,0x0000000084300000)
 Metaspace       used 39972K, committed 41088K, reserved 1114112K
  class space    used 4227K, committed 4736K, reserved 1048576K
}
Event: 15.518 GC heap before
{Heap before GC invocations=18 (full 2):
 PSYoungGen      total 24064K, used 24032K [0x00000000d5580000, 0x00000000d7200000, 0x0000000100000000)
  eden space 22016K, 100% used [0x00000000d5580000,0x00000000d6b00000,0x00000000d6b00000)
  from space 2048K, 98% used [0x00000000d6e00000,0x00000000d6ff8338,0x00000000d7000000)
  to   space 2048K, 0% used [0x00000000d7000000,0x00000000d7000000,0x00000000d7200000)
 ParOldGen       total 68608K, used 20709K [0x0000000080000000, 0x0000000084300000, 0x00000000d5580000)
  object space 68608K, 30% used [0x0000000080000000,0x0000000081439728,0x0000000084300000)
 Metaspace       used 43098K, committed 44288K, reserved 1114112K
  class space    used 4597K, committed 5184K, reserved 1048576K
}
Event: 15.522 GC heap after
{Heap after GC invocations=18 (full 2):
 PSYoungGen      total 24064K, used 1600K [0x00000000d5580000, 0x00000000d7200000, 0x0000000100000000)
  eden space 22016K, 0% used [0x00000000d5580000,0x00000000d5580000,0x00000000d6b00000)
  from space 2048K, 78% used [0x00000000d7000000,0x00000000d7190000,0x00000000d7200000)
  to   space 2560K, 0% used [0x00000000d6d00000,0x00000000d6d00000,0x00000000d6f80000)
 ParOldGen       total 68608K, used 21322K [0x0000000080000000, 0x0000000084300000, 0x00000000d5580000)
  object space 68608K, 31% used [0x0000000080000000,0x00000000814d29e0,0x0000000084300000)
 Metaspace       used 43098K, committed 44288K, reserved 1114112K
  class space    used 4597K, committed 5184K, reserved 1048576K
}
Event: 15.933 GC heap before
{Heap before GC invocations=19 (full 2):
 PSYoungGen      total 24064K, used 23616K [0x00000000d5580000, 0x00000000d7200000, 0x0000000100000000)
  eden space 22016K, 100% used [0x00000000d5580000,0x00000000d6b00000,0x00000000d6b00000)
  from space 2048K, 78% used [0x00000000d7000000,0x00000000d7190000,0x00000000d7200000)
  to   space 2560K, 0% used [0x00000000d6d00000,0x00000000d6d00000,0x00000000d6f80000)
 ParOldGen       total 68608K, used 21322K [0x0000000080000000, 0x0000000084300000, 0x00000000d5580000)
  object space 68608K, 31% used [0x0000000080000000,0x00000000814d29e0,0x0000000084300000)
 Metaspace       used 46272K, committed 47424K, reserved 1114112K
  class space    used 4997K, committed 5504K, reserved 1048576K
}
Event: 15.937 GC heap after
{Heap after GC invocations=19 (full 2):
 PSYoungGen      total 23552K, used 1162K [0x00000000d5580000, 0x00000000d7080000, 0x0000000100000000)
  eden space 22016K, 0% used [0x00000000d5580000,0x00000000d5580000,0x00000000d6b00000)
  from space 1536K, 75% used [0x00000000d6d00000,0x00000000d6e22b48,0x00000000d6e80000)
  to   space 1536K, 0% used [0x00000000d6f00000,0x00000000d6f00000,0x00000000d7080000)
 ParOldGen       total 68608K, used 22843K [0x0000000080000000, 0x0000000084300000, 0x00000000d5580000)
  object space 68608K, 33% used [0x0000000080000000,0x000000008164ee78,0x0000000084300000)
 Metaspace       used 46272K, committed 47424K, reserved 1114112K
  class space    used 4997K, committed 5504K, reserved 1048576K
}

Dll operation events (12 events):
Event: 0.021 Loaded shared library c:\Users\Administrator\.vscode\extensions\redhat.java-1.45.0-win32-x64\jre\21.0.8-win32-x86_64\bin\java.dll
Event: 0.178 Loaded shared library c:\Users\Administrator\.vscode\extensions\redhat.java-1.45.0-win32-x64\jre\21.0.8-win32-x86_64\bin\zip.dll
Event: 0.923 Loaded shared library C:\Users\Administrator\.vscode\extensions\redhat.java-1.45.0-win32-x64\jre\21.0.8-win32-x86_64\bin\instrument.dll
Event: 0.928 Loaded shared library C:\Users\Administrator\.vscode\extensions\redhat.java-1.45.0-win32-x64\jre\21.0.8-win32-x86_64\bin\net.dll
Event: 0.930 Loaded shared library C:\Users\Administrator\.vscode\extensions\redhat.java-1.45.0-win32-x64\jre\21.0.8-win32-x86_64\bin\nio.dll
Event: 0.934 Loaded shared library C:\Users\Administrator\.vscode\extensions\redhat.java-1.45.0-win32-x64\jre\21.0.8-win32-x86_64\bin\zip.dll
Event: 1.189 Loaded shared library C:\Users\Administrator\.vscode\extensions\redhat.java-1.45.0-win32-x64\jre\21.0.8-win32-x86_64\bin\jimage.dll
Event: 1.390 Loaded shared library c:\Users\Administrator\.vscode\extensions\redhat.java-1.45.0-win32-x64\jre\21.0.8-win32-x86_64\bin\verify.dll
Event: 4.458 Loaded shared library C:\Users\Administrator\AppData\Roaming\Code\User\globalStorage\redhat.java\1.45.0\config_win\org.eclipse.equinox.launcher\org.eclipse.equinox.launcher.win32.win32.x86_64_1.2.1400.v20250801-0854\eclipse_11916.dll
Event: 9.195 Loaded shared library C:\Users\Administrator\AppData\Local\Temp\jna-146731693\jna18230722187825327619.dll
Event: 14.585 Loaded shared library C:\Users\Administrator\.vscode\extensions\redhat.java-1.45.0-win32-x64\jre\21.0.8-win32-x86_64\bin\sunmscapi.dll
Event: 15.585 Loaded shared library C:\Users\Administrator\.vscode\extensions\redhat.java-1.45.0-win32-x64\jre\21.0.8-win32-x86_64\bin\extnet.dll

Deoptimization events (20 events):
Event: 16.051 Thread 0x000001e88c5dddd0 Uncommon trap: trap_request=0xffffff45 fr.pc=0x000001e83efc9ce8 relative=0x0000000000000808
Event: 16.051 Thread 0x000001e88c5dddd0 Uncommon trap: reason=unstable_if action=reinterpret pc=0x000001e83efc9ce8 method=java.lang.CharacterDataLatin1.toLowerCase(I)I @ 23 c2
Event: 16.051 Thread 0x000001e88c5dddd0 DEOPT PACKING pc=0x000001e83efc9ce8 sp=0x0000007874efe290
Event: 16.051 Thread 0x000001e88c5dddd0 DEOPT UNPACKING pc=0x000001e83e9c6da2 sp=0x0000007874efe1c0 mode 2
Event: 16.052 Thread 0x000001e88c5dddd0 Uncommon trap: trap_request=0xffffff45 fr.pc=0x000001e83ef59f34 relative=0x0000000000000114
Event: 16.053 Thread 0x000001e88c5dddd0 Uncommon trap: reason=unstable_if action=reinterpret pc=0x000001e83ef59f34 method=java.lang.String.getBytes([BIB)V @ 5 c2
Event: 16.053 Thread 0x000001e88c5dddd0 DEOPT PACKING pc=0x000001e83ef59f34 sp=0x0000007874efe370
Event: 16.053 Thread 0x000001e88c5dddd0 DEOPT UNPACKING pc=0x000001e83e9c6da2 sp=0x0000007874efe318 mode 2
Event: 16.053 Thread 0x000001e88c5dddd0 Uncommon trap: trap_request=0xffffff45 fr.pc=0x000001e83ef0a3c8 relative=0x00000000000000a8
Event: 16.053 Thread 0x000001e88c5dddd0 Uncommon trap: reason=unstable_if action=reinterpret pc=0x000001e83ef0a3c8 method=java.lang.String.isLatin1()Z @ 10 c2
Event: 16.054 Thread 0x000001e88c5dddd0 DEOPT PACKING pc=0x000001e83ef0a3c8 sp=0x0000007874efe600
Event: 16.054 Thread 0x000001e88c5dddd0 DEOPT UNPACKING pc=0x000001e83e9c6da2 sp=0x0000007874efe538 mode 2
Event: 16.054 Thread 0x000001e88c5dddd0 Uncommon trap: trap_request=0xffffff45 fr.pc=0x000001e83eff23b4 relative=0x00000000000004b4
Event: 16.054 Thread 0x000001e88c5dddd0 Uncommon trap: reason=unstable_if action=reinterpret pc=0x000001e83eff23b4 method=jdk.internal.util.ArraysSupport.vectorizedHashCode(Ljava/lang/Object;IIII)I @ 61 c2
Event: 16.054 Thread 0x000001e88c5dddd0 DEOPT PACKING pc=0x000001e83eff23b4 sp=0x0000007874efe500
Event: 16.056 Thread 0x000001e88c5dddd0 DEOPT UNPACKING pc=0x000001e83e9c6da2 sp=0x0000007874efe4b0 mode 2
Event: 16.088 Thread 0x000001e88c5dddd0 Uncommon trap: trap_request=0xffffff45 fr.pc=0x000001e83ef0bba8 relative=0x0000000000000188
Event: 16.088 Thread 0x000001e88c5dddd0 Uncommon trap: reason=unstable_if action=reinterpret pc=0x000001e83ef0bba8 method=java.lang.String.equals(Ljava/lang/Object;)Z @ 33 c2
Event: 16.088 Thread 0x000001e88c5dddd0 DEOPT PACKING pc=0x000001e83ef0bba8 sp=0x0000007874efdff0
Event: 16.088 Thread 0x000001e88c5dddd0 DEOPT UNPACKING pc=0x000001e83e9c6da2 sp=0x0000007874efdf80 mode 2

Classes loaded (20 events):
Event: 16.098 Loading class java/security/cert/CertPathValidatorException
Event: 16.098 Loading class java/security/cert/CertPathValidatorException done
Event: 16.098 Loading class javax/net/ssl/SSLException
Event: 16.098 Loading class javax/net/ssl/SSLException done
Event: 16.098 Loading class javax/net/ssl/SSLHandshakeException
Event: 16.098 Loading class javax/net/ssl/SSLHandshakeException done
Event: 16.098 Loading class java/util/concurrent/ConcurrentLinkedQueue$Itr
Event: 16.099 Loading class java/util/concurrent/ConcurrentLinkedQueue$Itr done
Event: 16.099 Loading class sun/security/ssl/Alert$Level
Event: 16.099 Loading class sun/security/ssl/Alert$Level done
Event: 16.099 Loading class java/nio/BufferUnderflowException
Event: 16.101 Loading class java/nio/BufferUnderflowException done
Event: 16.101 Loading class java/nio/BufferOverflowException
Event: 16.101 Loading class java/nio/BufferOverflowException done
Event: 16.103 Loading class java/lang/Throwable$WrappedPrintWriter
Event: 16.104 Loading class java/lang/Throwable$PrintStreamOrWriter
Event: 16.105 Loading class java/lang/Throwable$PrintStreamOrWriter done
Event: 16.105 Loading class java/lang/Throwable$WrappedPrintWriter done
Event: 16.141 Loading class sun/nio/ch/WindowsAsynchronousFileChannelImpl$WriteTask
Event: 16.141 Loading class sun/nio/ch/WindowsAsynchronousFileChannelImpl$WriteTask done

Classes unloaded (7 events):
Event: 10.317 Thread 0x000001e83430d520 Unloading class 0x000001e84c1ac800 'java/lang/invoke/LambdaForm$MH+0x000001e84c1ac800'
Event: 10.317 Thread 0x000001e83430d520 Unloading class 0x000001e84c1ac400 'java/lang/invoke/LambdaForm$MH+0x000001e84c1ac400'
Event: 10.317 Thread 0x000001e83430d520 Unloading class 0x000001e84c1ac000 'java/lang/invoke/LambdaForm$MH+0x000001e84c1ac000'
Event: 10.317 Thread 0x000001e83430d520 Unloading class 0x000001e84c1abc00 'java/lang/invoke/LambdaForm$MH+0x000001e84c1abc00'
Event: 10.317 Thread 0x000001e83430d520 Unloading class 0x000001e84c1ab800 'java/lang/invoke/LambdaForm$BMH+0x000001e84c1ab800'
Event: 10.317 Thread 0x000001e83430d520 Unloading class 0x000001e84c1ab400 'java/lang/invoke/LambdaForm$DMH+0x000001e84c1ab400'
Event: 10.317 Thread 0x000001e83430d520 Unloading class 0x000001e84c1aa000 'java/lang/invoke/LambdaForm$DMH+0x000001e84c1aa000'

Classes redefined (0 events):
No events

Internal exceptions (20 events):
Event: 15.009 Thread 0x000001e83424bac0 Exception <a 'java/lang/NoSuchMethodError'{0x00000000d5e1ec78}: 'java.lang.Object java.lang.invoke.DirectMethodHandle$Holder.newInvokeSpecial(java.lang.Object, long)'> (0x00000000d5e1ec78) 
thrown [s\src\hotspot\share\interpreter\linkResolver.cpp, line 773]
Event: 15.023 Thread 0x000001e88c5dc390 Exception <a 'java/io/FileNotFoundException'{0x00000000d5ea5c28}> (0x00000000d5ea5c28) 
thrown [s\src\hotspot\share\prims\jni.cpp, line 520]
Event: 15.159 Thread 0x000001e88c5dc390 Exception <a 'sun/nio/fs/WindowsException'{0x00000000d66bccb8}> (0x00000000d66bccb8) 
thrown [s\src\hotspot\share\prims\jni.cpp, line 520]
Event: 15.159 Thread 0x000001e88c5dc390 Exception <a 'sun/nio/fs/WindowsException'{0x00000000d66bd2e8}> (0x00000000d66bd2e8) 
thrown [s\src\hotspot\share\prims\jni.cpp, line 520]
Event: 15.444 Thread 0x000001e88c5dc390 Exception <a 'sun/nio/fs/WindowsException'{0x00000000d64ce1b0}> (0x00000000d64ce1b0) 
thrown [s\src\hotspot\share\prims\jni.cpp, line 520]
Event: 15.523 Thread 0x000001e88c5dc390 Exception <a 'java/io/FileNotFoundException'{0x00000000d5582bc0}> (0x00000000d5582bc0) 
thrown [s\src\hotspot\share\prims\jni.cpp, line 520]
Event: 15.523 Thread 0x000001e88c5dc390 Exception <a 'java/io/FileNotFoundException'{0x00000000d5583e70}> (0x00000000d5583e70) 
thrown [s\src\hotspot\share\prims\jni.cpp, line 520]
Event: 15.528 Thread 0x000001e88c5dc390 Exception <a 'java/lang/NoSuchMethodError'{0x00000000d55fcea8}: 'java.lang.Object java.lang.invoke.DirectMethodHandle$Holder.newInvokeSpecial(java.lang.Object, java.lang.Object, java.lang.Object, int)'> (0x00000000d55fcea8) 
thrown [s\src\hotspot\share\interpreter\linkResolver.cpp, line 773]
Event: 15.528 Thread 0x000001e88c5dc390 Exception <a 'java/lang/NoSuchMethodError'{0x00000000d5600b60}: 'java.lang.Object java.lang.invoke.DirectMethodHandle$Holder.invokeSpecial(java.lang.Object, java.lang.Object, java.lang.Object, java.lang.Object, int)'> (0x00000000d5600b60) 
thrown [s\src\hotspot\share\interpreter\linkResolver.cpp, line 773]
Event: 15.528 Thread 0x000001e88c5dc390 Exception <a 'java/lang/NoSuchMethodError'{0x00000000d5604008}: 'java.lang.Object java.lang.invoke.Invokers$Holder.linkToTargetMethod(java.lang.Object, java.lang.Object, int, java.lang.Object)'> (0x00000000d5604008) 
thrown [s\src\hotspot\share\interpreter\linkResolver.cpp, line 773]
Event: 15.530 Thread 0x000001e88c5dc390 Exception <a 'java/lang/NoSuchMethodError'{0x00000000d565d2c8}: 'void java.lang.invoke.DirectMethodHandle$Holder.invokeStaticInit(java.lang.Object, java.lang.Object, java.lang.Object)'> (0x00000000d565d2c8) 
thrown [s\src\hotspot\share\interpreter\linkResolver.cpp, line 773]
Event: 15.691 Thread 0x000001e83424bac0 Exception <a 'java/lang/NoSuchMethodError'{0x00000000d62e4308}: 'void java.lang.invoke.DirectMethodHandle$Holder.invokeSpecial(java.lang.Object, java.lang.Object, java.lang.Object, java.lang.Object, java.lang.Object, java.lang.Object)'> (0x00000000d62e4308) 
thrown [s\src\hotspot\share\interpreter\linkResolver.cpp, line 773]
Event: 15.692 Thread 0x000001e83424bac0 Exception <a 'java/lang/IncompatibleClassChangeError'{0x00000000d631cb10}: Found class java.lang.Object, but interface was expected> (0x00000000d631cb10) 
thrown [s\src\hotspot\share\interpreter\linkResolver.cpp, line 840]
Event: 15.692 Thread 0x000001e83424bac0 Exception <a 'java/lang/IncompatibleClassChangeError'{0x00000000d631e800}: Found class java.lang.Object, but interface was expected> (0x00000000d631e800) 
thrown [s\src\hotspot\share\interpreter\linkResolver.cpp, line 840]
Event: 15.715 Thread 0x000001e88c5dca20 Exception <a 'java/lang/ExceptionInInitializerError'{0x00000000d6697ef0}> (0x00000000d6697ef0) 
thrown [s\src\hotspot\share\oops\instanceKlass.cpp, line 1220]
Event: 15.873 Thread 0x000001e88c5dca20 Implicit null exception at 0x000001e83f0d8777 to 0x000001e83f0d89e8
Event: 15.879 Thread 0x000001e88c5dca20 Implicit null exception at 0x000001e83f0581fe to 0x000001e83f058470
Event: 15.879 Thread 0x000001e88c5dca20 Implicit null exception at 0x000001e83efb519c to 0x000001e83efb60c0
Event: 15.882 Thread 0x000001e88c5dca20 Exception <a 'java/lang/NoSuchMethodError'{0x00000000d6a07168}: 'java.lang.Object java.lang.invoke.Invokers$Holder.invokeExact_MT(java.lang.Object, int, java.lang.Object)'> (0x00000000d6a07168) 
thrown [s\src\hotspot\share\interpreter\linkResolver.cpp, line 773]
Event: 16.420 Thread 0x000001e88c5dc390 Exception <a 'java/io/FileNotFoundException'{0x00000000d62b2e80}> (0x00000000d62b2e80) 
thrown [s\src\hotspot\share\prims\jni.cpp, line 520]

ZGC Phase Switch (0 events):
No events

VM Operations (20 events):
Event: 14.918 Executing VM operation: HandshakeAllThreads (Deoptimize)
Event: 14.933 Executing VM operation: HandshakeAllThreads (Deoptimize) done
Event: 15.002 Executing VM operation: HandshakeAllThreads (Deoptimize)
Event: 15.015 Executing VM operation: HandshakeAllThreads (Deoptimize) done
Event: 15.238 Executing VM operation: ParallelGCFailedAllocation (Allocation Failure)
Event: 15.246 Executing VM operation: ParallelGCFailedAllocation (Allocation Failure) done
Event: 15.436 Executing VM operation: HandshakeAllThreads (Deoptimize)
Event: 15.436 Executing VM operation: HandshakeAllThreads (Deoptimize) done
Event: 15.507 Executing VM operation: HandshakeAllThreads (Deoptimize)
Event: 15.510 Executing VM operation: HandshakeAllThreads (Deoptimize) done
Event: 15.518 Executing VM operation: ParallelGCFailedAllocation (Allocation Failure)
Event: 15.522 Executing VM operation: ParallelGCFailedAllocation (Allocation Failure) done
Event: 15.627 Executing VM operation: HandshakeAllThreads (Deoptimize)
Event: 15.630 Executing VM operation: HandshakeAllThreads (Deoptimize) done
Event: 15.680 Executing VM operation: HandshakeAllThreads (Deoptimize)
Event: 15.680 Executing VM operation: HandshakeAllThreads (Deoptimize) done
Event: 15.930 Executing VM operation: ParallelGCFailedAllocation (Allocation Failure)
Event: 15.937 Executing VM operation: ParallelGCFailedAllocation (Allocation Failure) done
Event: 16.066 Executing VM operation: HandshakeAllThreads (Deoptimize)
Event: 16.075 Executing VM operation: HandshakeAllThreads (Deoptimize) done

Memory protections (0 events):
No events

Nmethod flushes (20 events):
Event: 14.453 Thread 0x000001e83430d520 flushing  nmethod 0x000001e837b3f610
Event: 14.453 Thread 0x000001e83430d520 flushing  nmethod 0x000001e837b3fe10
Event: 14.453 Thread 0x000001e83430d520 flushing  nmethod 0x000001e837b41b10
Event: 14.453 Thread 0x000001e83430d520 flushing  nmethod 0x000001e837b42410
Event: 14.453 Thread 0x000001e83430d520 flushing  nmethod 0x000001e837b42c90
Event: 14.453 Thread 0x000001e83430d520 flushing  nmethod 0x000001e837b44710
Event: 14.453 Thread 0x000001e83430d520 flushing  nmethod 0x000001e837b44c10
Event: 14.453 Thread 0x000001e83430d520 flushing  nmethod 0x000001e837b4f690
Event: 14.453 Thread 0x000001e83430d520 flushing  nmethod 0x000001e837b57d10
Event: 14.453 Thread 0x000001e83430d520 flushing  nmethod 0x000001e837b85590
Event: 14.453 Thread 0x000001e83430d520 flushing  nmethod 0x000001e837b88810
Event: 14.453 Thread 0x000001e83430d520 flushing  nmethod 0x000001e837b8c890
Event: 14.453 Thread 0x000001e83430d520 flushing  nmethod 0x000001e837b92a10
Event: 14.453 Thread 0x000001e83430d520 flushing  nmethod 0x000001e837bed310
Event: 14.453 Thread 0x000001e83430d520 flushing osr nmethod 0x000001e837c22710
Event: 14.453 Thread 0x000001e83430d520 flushing  nmethod 0x000001e837c23290
Event: 14.453 Thread 0x000001e83430d520 flushing  nmethod 0x000001e837c24110
Event: 14.453 Thread 0x000001e83430d520 flushing  nmethod 0x000001e837c39490
Event: 14.453 Thread 0x000001e83430d520 flushing  nmethod 0x000001e837c39910
Event: 14.453 Thread 0x000001e83430d520 flushing  nmethod 0x000001e837c40e10

Events (20 events):
Event: 4.473 Thread 0x000001e88c94d8e0 Thread added: 0x000001e88c987330
Event: 4.485 Thread 0x000001e83424bac0 Thread added: 0x000001e88c9df3d0
Event: 5.377 Thread 0x000001e88c9df3d0 Thread added: 0x000001e88ccc7b00
Event: 6.355 Thread 0x000001e88c9df3d0 Thread added: 0x000001e8914612d0
Event: 6.490 Thread 0x000001e88c9df3d0 Thread added: 0x000001e88cd69be0
Event: 7.472 Thread 0x000001e88c9df3d0 Thread added: 0x000001e88c5dd0b0
Event: 9.270 Thread 0x000001e88c9df3d0 Thread added: 0x000001e88c5dd740
Event: 9.434 Thread 0x000001e88c9df3d0 Thread added: 0x000001e88c5dddd0
Event: 9.458 Thread 0x000001e88c9df3d0 Thread added: 0x000001e88c5dca20
Event: 9.692 Thread 0x000001e88c5dca20 Thread added: 0x000001e88c5dc390
Event: 12.317 Thread 0x000001e88c9df3d0 Thread added: 0x000001e88c5dbd00
Event: 14.311 Thread 0x000001e88c5dddd0 Thread added: 0x000001e88c5db670
Event: 14.579 Thread 0x000001e88c5db670 Thread added: 0x000001e88c5dafe0
Event: 15.030 Thread 0x000001e83424bac0 Thread added: 0x000001e8920054d0
Event: 15.030 Thread 0x000001e83424bac0 Thread added: 0x000001e892006f10
Event: 15.030 Thread 0x000001e83424bac0 Thread added: 0x000001e8920047b0
Event: 15.082 Thread 0x000001e83424bac0 Thread added: 0x000001e892004e40
Event: 15.998 Thread 0x000001e83424bac0 Thread added: 0x000001e892006880
Event: 15.998 Thread 0x000001e83424bac0 Thread added: 0x000001e892008950
Event: 16.140 Thread 0x000001e88cd69be0 Thread exited: 0x000001e88cd69be0


Dynamic libraries:
0x00007ff628520000 - 0x00007ff62852e000 	c:\Users\Administrator\.vscode\extensions\redhat.java-1.45.0-win32-x64\jre\21.0.8-win32-x86_64\bin\java.exe
0x00007fffd85e0000 - 0x00007fffd8849000 	C:\Windows\SYSTEM32\ntdll.dll
0x00007fffd7790000 - 0x00007fffd7859000 	C:\Windows\System32\KERNEL32.DLL
0x00007fffd5bc0000 - 0x00007fffd5fb3000 	C:\Windows\System32\KERNELBASE.dll
0x00007fffd5a40000 - 0x00007fffd5b8b000 	C:\Windows\System32\ucrtbase.dll
0x00007fffca4f0000 - 0x00007fffca508000 	c:\Users\Administrator\.vscode\extensions\redhat.java-1.45.0-win32-x64\jre\21.0.8-win32-x86_64\bin\jli.dll
0x00007fffd7410000 - 0x00007fffd75d4000 	C:\Windows\System32\USER32.dll
0x00007fffd5b90000 - 0x00007fffd5bb7000 	C:\Windows\System32\win32u.dll
0x00007fffd83e0000 - 0x00007fffd840b000 	C:\Windows\System32\GDI32.dll
0x00007fffd5fc0000 - 0x00007fffd60ed000 	C:\Windows\System32\gdi32full.dll
0x00007fffd6300000 - 0x00007fffd63a3000 	C:\Windows\System32\msvcp_win.dll
0x00007fffca300000 - 0x00007fffca31e000 	c:\Users\Administrator\.vscode\extensions\redhat.java-1.45.0-win32-x64\jre\21.0.8-win32-x86_64\bin\VCRUNTIME140.dll
0x00007fffc7100000 - 0x00007fffc7393000 	C:\Windows\WinSxS\amd64_microsoft.windows.common-controls_6595b64144ccf1df_6.0.26100.5074_none_3e0d6f78e32fd63f\COMCTL32.dll
0x00007fffd8030000 - 0x00007fffd80d9000 	C:\Windows\System32\msvcrt.dll
0x00007fffd66c0000 - 0x00007fffd66ef000 	C:\Windows\System32\IMM32.DLL
0x00007fffcd800000 - 0x00007fffcd80c000 	c:\Users\Administrator\.vscode\extensions\redhat.java-1.45.0-win32-x64\jre\21.0.8-win32-x86_64\bin\vcruntime140_1.dll
0x00007fffaa570000 - 0x00007fffaa5fd000 	c:\Users\Administrator\.vscode\extensions\redhat.java-1.45.0-win32-x64\jre\21.0.8-win32-x86_64\bin\msvcp140.dll
0x00007fffa6060000 - 0x00007fffa6df7000 	c:\Users\Administrator\.vscode\extensions\redhat.java-1.45.0-win32-x64\jre\21.0.8-win32-x86_64\bin\server\jvm.dll
0x00007fffd8290000 - 0x00007fffd8344000 	C:\Windows\System32\ADVAPI32.dll
0x00007fffd81c0000 - 0x00007fffd8266000 	C:\Windows\System32\sechost.dll
0x00007fffd8410000 - 0x00007fffd8528000 	C:\Windows\System32\RPCRT4.dll
0x00007fffd7fb0000 - 0x00007fffd8024000 	C:\Windows\System32\WS2_32.dll
0x00007fffd5620000 - 0x00007fffd567e000 	C:\Windows\SYSTEM32\POWRPROF.dll
0x00007fffb5900000 - 0x00007fffb5935000 	C:\Windows\SYSTEM32\WINMM.dll
0x00007fffc74b0000 - 0x00007fffc74bb000 	C:\Windows\SYSTEM32\VERSION.dll
0x00007fffd55d0000 - 0x00007fffd55e4000 	C:\Windows\SYSTEM32\UMPDC.dll
0x00007fffd4550000 - 0x00007fffd456b000 	C:\Windows\SYSTEM32\kernel.appcore.dll
0x00007fffcd4e0000 - 0x00007fffcd4ea000 	c:\Users\Administrator\.vscode\extensions\redhat.java-1.45.0-win32-x64\jre\21.0.8-win32-x86_64\bin\jimage.dll
0x00007fffbb510000 - 0x00007fffbb752000 	C:\Windows\SYSTEM32\DBGHELP.DLL
0x00007fffd6840000 - 0x00007fffd6bbb000 	C:\Windows\System32\combase.dll
0x00007fffd7860000 - 0x00007fffd7937000 	C:\Windows\System32\OLEAUT32.dll
0x00007fff84c40000 - 0x00007fff84c7d000 	C:\Windows\SYSTEM32\dbgcore.DLL
0x00007fffd60f0000 - 0x00007fffd6189000 	C:\Windows\System32\bcryptPrimitives.dll
0x00007fffccbd0000 - 0x00007fffccbdf000 	c:\Users\Administrator\.vscode\extensions\redhat.java-1.45.0-win32-x64\jre\21.0.8-win32-x86_64\bin\instrument.dll
0x00007fffc61d0000 - 0x00007fffc61ef000 	c:\Users\Administrator\.vscode\extensions\redhat.java-1.45.0-win32-x64\jre\21.0.8-win32-x86_64\bin\java.dll
0x00007fffd6cc0000 - 0x00007fffd740d000 	C:\Windows\System32\SHELL32.dll
0x00007fffd6190000 - 0x00007fffd62fc000 	C:\Windows\System32\wintypes.dll
0x00007fffd3410000 - 0x00007fffd3c69000 	C:\Windows\SYSTEM32\windows.storage.dll
0x00007fffd6bc0000 - 0x00007fffd6cb0000 	C:\Windows\System32\SHCORE.dll
0x00007fffd8530000 - 0x00007fffd8592000 	C:\Windows\System32\shlwapi.dll
0x00007fffd5690000 - 0x00007fffd56b9000 	C:\Windows\SYSTEM32\profapi.dll
0x00007fffb8110000 - 0x00007fffb8128000 	c:\Users\Administrator\.vscode\extensions\redhat.java-1.45.0-win32-x64\jre\21.0.8-win32-x86_64\bin\zip.dll
0x00007fffcc360000 - 0x00007fffcc370000 	C:\Users\Administrator\.vscode\extensions\redhat.java-1.45.0-win32-x64\jre\21.0.8-win32-x86_64\bin\net.dll
0x00007fffcf6b0000 - 0x00007fffcf7cf000 	C:\Windows\SYSTEM32\WINHTTP.dll
0x00007fffd4ad0000 - 0x00007fffd4b3b000 	C:\Windows\system32\mswsock.dll
0x00007fffbe180000 - 0x00007fffbe196000 	C:\Users\Administrator\.vscode\extensions\redhat.java-1.45.0-win32-x64\jre\21.0.8-win32-x86_64\bin\nio.dll
0x00007fffc7470000 - 0x00007fffc7480000 	c:\Users\Administrator\.vscode\extensions\redhat.java-1.45.0-win32-x64\jre\21.0.8-win32-x86_64\bin\verify.dll
0x00007fffa9760000 - 0x00007fffa97a4000 	C:\Users\Administrator\AppData\Roaming\Code\User\globalStorage\redhat.java\1.45.0\config_win\org.eclipse.equinox.launcher\org.eclipse.equinox.launcher.win32.win32.x86_64_1.2.1400.v20250801-0854\eclipse_11916.dll
0x00007fffd6520000 - 0x00007fffd66b8000 	C:\Windows\System32\ole32.dll
0x00007fffd4d80000 - 0x00007fffd4d9b000 	C:\Windows\SYSTEM32\CRYPTSP.dll
0x00007fffd44b0000 - 0x00007fffd44eb000 	C:\Windows\system32\rsaenh.dll
0x00007fffd4b70000 - 0x00007fffd4b9b000 	C:\Windows\SYSTEM32\USERENV.dll
0x00007fffd55f0000 - 0x00007fffd5616000 	C:\Windows\SYSTEM32\bcrypt.dll
0x00007fffd4d70000 - 0x00007fffd4d7c000 	C:\Windows\SYSTEM32\CRYPTBASE.dll
0x00007fffd3f70000 - 0x00007fffd3fa4000 	C:\Windows\SYSTEM32\IPHLPAPI.DLL
0x00007fffd8380000 - 0x00007fffd838a000 	C:\Windows\System32\NSI.dll
0x00007fffa96c0000 - 0x00007fffa9709000 	C:\Users\Administrator\AppData\Local\Temp\jna-146731693\jna18230722187825327619.dll
0x00007fffd75e0000 - 0x00007fffd75e8000 	C:\Windows\System32\PSAPI.DLL
0x00007fffcf620000 - 0x00007fffcf63e000 	C:\Windows\SYSTEM32\dhcpcsvc6.DLL
0x00007fffcf4a0000 - 0x00007fffcf4c3000 	C:\Windows\SYSTEM32\dhcpcsvc.DLL
0x00007fffc6ab0000 - 0x00007fffc6abe000 	C:\Users\Administrator\.vscode\extensions\redhat.java-1.45.0-win32-x64\jre\21.0.8-win32-x86_64\bin\sunmscapi.dll
0x00007fffd58c0000 - 0x00007fffd5a37000 	C:\Windows\System32\CRYPT32.dll
0x00007fffd4f90000 - 0x00007fffd4fc0000 	C:\Windows\SYSTEM32\ncrypt.dll
0x00007fffd4f40000 - 0x00007fffd4f7f000 	C:\Windows\SYSTEM32\NTASN1.dll
0x00007fffd3fb0000 - 0x00007fffd40d6000 	C:\Windows\SYSTEM32\DNSAPI.dll
0x00007fffcbba0000 - 0x00007fffcbbab000 	C:\Windows\System32\rasadhlp.dll
0x00007fffcde90000 - 0x00007fffcdf16000 	C:\Windows\System32\fwpuclnt.dll
0x00007fffc67f0000 - 0x00007fffc67f9000 	C:\Users\Administrator\.vscode\extensions\redhat.java-1.45.0-win32-x64\jre\21.0.8-win32-x86_64\bin\extnet.dll

JVMTI agents:
c:\Users\Administrator\.vscode\extensions\redhat.java-1.45.0-win32-x64\lombok\lombok-1.18.39-4050.jar path:c:\Users\Administrator\.vscode\extensions\redhat.java-1.45.0-win32-x64\jre\21.0.8-win32-x86_64\bin\instrument.dll, loaded, initialized, instrumentlib options:none

dbghelp: loaded successfully - version: 4.0.5 - missing functions: none
symbol engine: initialized successfully - sym options: 0x614 - pdb path: .;c:\Users\Administrator\.vscode\extensions\redhat.java-1.45.0-win32-x64\jre\21.0.8-win32-x86_64\bin;C:\Windows\SYSTEM32;C:\Windows\WinSxS\amd64_microsoft.windows.common-controls_6595b64144ccf1df_6.0.26100.5074_none_3e0d6f78e32fd63f;c:\Users\Administrator\.vscode\extensions\redhat.java-1.45.0-win32-x64\jre\21.0.8-win32-x86_64\bin\server;C:\Users\Administrator\AppData\Roaming\Code\User\globalStorage\redhat.java\1.45.0\config_win\org.eclipse.equinox.launcher\org.eclipse.equinox.launcher.win32.win32.x86_64_1.2.1400.v20250801-0854;C:\Users\Administrator\AppData\Local\Temp\jna-146731693

VM Arguments:
jvm_args: --add-modules=ALL-SYSTEM --add-opens=java.base/java.util=ALL-UNNAMED --add-opens=java.base/java.lang=ALL-UNNAMED --add-opens=java.base/sun.nio.fs=ALL-UNNAMED -Declipse.application=org.eclipse.jdt.ls.core.id1 -Dosgi.bundles.defaultStartLevel=4 -Declipse.product=org.eclipse.jdt.ls.core.product -Djava.import.generatesMetadataFilesAtProjectRoot=false -DDetectVMInstallationsJob.disabled=true -Dfile.encoding=utf8 -XX:+UseParallelGC -XX:GCTimeRatio=4 -XX:AdaptiveSizePolicyWeight=90 -Dsun.zip.disableMemoryMapping=true -Xmx2G -Xms100m -Xlog:disable -javaagent:c:\Users\Administrator\.vscode\extensions\redhat.java-1.45.0-win32-x64\lombok\lombok-1.18.39-4050.jar -XX:+HeapDumpOnOutOfMemoryError -XX:HeapDumpPath=c:\Users\Administrator\AppData\Roaming\Code\User\workspaceStorage\9f562e75b6faa5378a3157675aea7a30\redhat.java -Daether.dependencyCollector.impl=bf 
java_command: c:\Users\Administrator\.vscode\extensions\redhat.java-1.45.0-win32-x64\server\plugins\org.eclipse.equinox.launcher_1.7.0.v20250519-0528.jar -configuration c:\Users\Administrator\AppData\Roaming\Code\User\globalStorage\redhat.java\1.45.0\config_win -data c:\Users\Administrator\AppData\Roaming\Code\User\workspaceStorage\9f562e75b6faa5378a3157675aea7a30\redhat.java\jdt_ws --pipe=\\.\pipe\lsp-70db3cbdd4f6b6433ff992b6225b97d9-sock
java_class_path (initial): c:\Users\Administrator\.vscode\extensions\redhat.java-1.45.0-win32-x64\server\plugins\org.eclipse.equinox.launcher_1.7.0.v20250519-0528.jar
Launcher Type: SUN_STANDARD

[Global flags]
    uintx AdaptiveSizePolicyWeight                 = 90                                        {product} {command line}
     intx CICompilerCount                          = 2                                         {product} {ergonomic}
    uintx GCTimeRatio                              = 4                                         {product} {command line}
     bool HeapDumpOnOutOfMemoryError               = true                                   {manageable} {command line}
    ccstr HeapDumpPath                             = c:\Users\Administrator\AppData\Roaming\Code\User\workspaceStorage\9f562e75b6faa5378a3157675aea7a30\redhat.java         {manageable} {command line}
   size_t InitialHeapSize                          = 104857600                                 {product} {command line}
   size_t MaxHeapSize                              = 2147483648                                {product} {command line}
   size_t MaxNewSize                               = 715653120                                 {product} {ergonomic}
   size_t MinHeapDeltaBytes                        = 524288                                    {product} {ergonomic}
   size_t MinHeapSize                              = 104857600                                 {product} {command line}
   size_t NewSize                                  = 34603008                                  {product} {ergonomic}
    uintx NonNMethodCodeHeapSize                   = 5826188                                {pd product} {ergonomic}
    uintx NonProfiledCodeHeapSize                  = 122916026                              {pd product} {ergonomic}
   size_t OldSize                                  = 70254592                                  {product} {ergonomic}
    uintx ProfiledCodeHeapSize                     = 122916026                              {pd product} {ergonomic}
    uintx ReservedCodeCacheSize                    = 251658240                              {pd product} {ergonomic}
     bool SegmentedCodeCache                       = true                                      {product} {ergonomic}
   size_t SoftMaxHeapSize                          = 2147483648                             {manageable} {ergonomic}
     bool UseCompressedOops                        = true                           {product lp64_product} {ergonomic}
     bool UseLargePagesIndividualAllocation        = false                                  {pd product} {ergonomic}
     bool UseParallelGC                            = true                                      {product} {command line}

Logging:
Log output configuration:
 #0: stdout all=off uptime,level,tags foldmultilines=false
 #1: stderr all=off uptime,level,tags foldmultilines=false

Environment Variables:
PATH=C:\Program Files\Common Files\Oracle\Java\javapath;C:\Python313\Scripts\;C:\Python313\;C:\Program Files\Python313\Scripts\;C:\Program Files\Python313\;C:\Windows\system32;C:\Windows;C:\Windows\System32\Wbem;C:\Windows\System32\WindowsPowerShell\v1.0\;C:\Windows\System32\OpenSSH\;C:\Program Files\Microsoft SQL Server\150\Tools\Binn\;C:\Program Files\Microsoft SQL Server\Client SDK\ODBC\170\Tools\Binn\;C:\Program Files\dotnet\;C:\Program Files\Git\cmd;C:\Program Files\Azure Data Studio\bin;C:\ProgramData\chocolatey\bin;C:\Program Files\Git\usr\bin;C:\Program Files (x86)\Windows Kits\10\Windows Performance Toolkit\;C:\Program Files\Microsoft VS Code\bin;C:\ProgramData\chocolatey\lib\maven\apache-maven-3.9.11\bin;C:\Program Files\Java\jdk-24\bin;C:\Program Files\PostgreSQL\17\bin;C:\Users\Administrator\AppData\Local\nvm;C:\nvm4w\nodejs;C:\Users\Administrator\AppData\Local\Microsoft\WindowsApps;C:\Users\Administrator\AppData\Roaming\npm;C:\Users\Administrator\AppData\Local\nvm;C:\nvm4w\nodejs
USERNAME=Administrator
OS=Windows_NT
PROCESSOR_IDENTIFIER=Intel64 Family 6 Model 85 Stepping 6, GenuineIntel
TMP=C:\Users\ADMINI~1\AppData\Local\Temp
TEMP=C:\Users\ADMINI~1\AppData\Local\Temp




Periodic native trim disabled

---------------  S Y S T E M  ---------------

OS:
 Windows 11 , 64 bit Build 26100 (10.0.26100.5074)
OS uptime: 6 days 6:22 hours
KVM virtualization detected

CPU: total 2 (initial active 2) (2 cores per cpu, 1 threads per core) family 6 model 85 stepping 6 microcode 0x1, cx8, cmov, fxsr, mmx, 3dnowpref, sse, sse2, sse3, ssse3, sse4.1, sse4.2, popcnt, lzcnt, tsc, avx, avx2, aes, erms, clmul, bmi1, bmi2, adx, avx512f, avx512dq, avx512cd, avx512bw, avx512vl, fma, vzeroupper, avx512_vnni, clflush, clflushopt, clwb, hv, rdtscp, f16c
Processor Information for the first 2 processors :
  Max Mhz: 3392, Current Mhz: 3392, Mhz Limit: 3392

Memory: 4k page, system-wide physical 6060M (193M free)
TotalPageFile size 18745M (AvailPageFile size 2M)
current process WorkingSet (physical memory assigned to process): 211M, peak: 211M
current process commit charge ("private bytes"): 308M, peak: 310M

vm_info: OpenJDK 64-Bit Server VM (21.0.8+9-LTS) for windows-amd64 JRE (21.0.8+9-LTS), built on 2025-07-15T00:00:00Z by "admin" with MS VC++ 17.7 (VS2022)

END.
