#
# There is insufficient memory for the Java Runtime Environment to continue.
# Native memory allocation (malloc) failed to allocate 1063936 bytes. Error detail: Chunk::new
# Possible reasons:
#   The system is out of physical RAM or swap space
#   This process is running with CompressedOops enabled, and the Java Heap may be blocking the growth of the native heap
# Possible solutions:
#   Reduce memory load on the system
#   Increase physical memory or swap space
#   Check if swap backing store is full
#   Decrease Java heap size (-Xmx/-Xms)
#   Decrease number of Java threads
#   Decrease Java thread stack sizes (-Xss)
#   Set larger code cache with -XX:ReservedCodeCacheSize=
#   JVM is running with Unscaled Compressed Oops mode in which the Java heap is
#     placed in the first 4GB address space. The Java Heap base address is the
#     maximum limit for the native heap growth. Please use -XX:HeapBaseMinAddress
#     to set the Java Heap base and to place the Java Heap above 4GB virtual address.
# This output file may be truncated or incomplete.
#
#  Out of Memory Error (arena.cpp:168), pid=8116, tid=7688
#
# JRE version: OpenJDK Runtime Environment Temurin-21.0.8+9 (21.0.8+9) (build 21.0.8+9-LTS)
# Java VM: OpenJDK 64-Bit Server VM Temurin-21.0.8+9 (21.0.8+9-LTS, mixed mode, sharing, tiered, compressed oops, compressed class ptrs, parallel gc, windows-amd64)
# No core dump will be written. Minidumps are not enabled by default on client versions of Windows
#

---------------  S U M M A R Y ------------

Command Line: --add-modules=ALL-SYSTEM --add-opens=java.base/java.util=ALL-UNNAMED --add-opens=java.base/java.lang=ALL-UNNAMED --add-opens=java.base/sun.nio.fs=ALL-UNNAMED -Declipse.application=org.eclipse.jdt.ls.core.id1 -Dosgi.bundles.defaultStartLevel=4 -Declipse.product=org.eclipse.jdt.ls.core.product -Djava.import.generatesMetadataFilesAtProjectRoot=false -DDetectVMInstallationsJob.disabled=true -Dfile.encoding=utf8 -XX:+UseParallelGC -XX:GCTimeRatio=4 -XX:AdaptiveSizePolicyWeight=90 -Dsun.zip.disableMemoryMapping=true -Xmx2G -Xms100m -Xlog:disable -javaagent:c:\Users\Administrator\.vscode\extensions\redhat.java-1.45.0-win32-x64\lombok\lombok-1.18.39-4050.jar c:\Users\Administrator\.vscode\extensions\redhat.java-1.45.0-win32-x64\server\plugins\org.eclipse.equinox.launcher_1.7.0.v20250519-0528.jar -configuration c:\Users\Administrator\AppData\Roaming\Code\User\globalStorage\redhat.java\1.45.0\config_ss_win -data c:\Users\Administrator\AppData\Roaming\Code\User\workspaceStorage\9f562e75b6faa5378a3157675aea7a30\redhat.java\ss_ws --pipe=\\.\pipe\lsp-2e6590109706ad042153d5e84a4c022c-sock

Host: Intel Xeon Processor (Cascadelake), 2 cores, 5G,  Windows 11 , 64 bit Build 26100 (10.0.26100.5074)
Time: Tue Sep 16 08:26:55 2025 GMT Summer Time elapsed time: 13.024024 seconds (0d 0h 0m 13s)

---------------  T H R E A D  ---------------

Current thread (0x0000022fec094680):  JavaThread "C2 CompilerThread0" daemon [_thread_in_native, id=7688, stack(0x0000005a4e400000,0x0000005a4e500000) (1024K)]


Current CompileTask:
C2:13024 4565       4       org.lombokweb.asm.ClassReader::readMethod (1070 bytes)

Stack: [0x0000005a4e400000,0x0000005a4e500000]
Native frames: (J=compiled Java code, j=interpreted, Vv=VM code, C=native code)
V  [jvm.dll+0x6d2449]
V  [jvm.dll+0x8ae341]
V  [jvm.dll+0x8b08be]
V  [jvm.dll+0x8b0fa3]
V  [jvm.dll+0x280c96]
V  [jvm.dll+0xc581d]
V  [jvm.dll+0xc5d53]
V  [jvm.dll+0x2f539d]
V  [jvm.dll+0x5fa00a]
V  [jvm.dll+0x252092]
V  [jvm.dll+0x25244f]
V  [jvm.dll+0x24ad14]
V  [jvm.dll+0x2483a4]
V  [jvm.dll+0x1c89ee]
V  [jvm.dll+0x257d4d]
V  [jvm.dll+0x2562ea]
V  [jvm.dll+0x3f2d16]
V  [jvm.dll+0x857e6b]
V  [jvm.dll+0x6d0b0d]
C  [ucrtbase.dll+0x37b0]
C  [KERNEL32.DLL+0x2e8d7]
C  [ntdll.dll+0x8d9c]


---------------  P R O C E S S  ---------------

Threads class SMR info:
_java_thread_list=0x0000022fcaf6dab0, length=25, elements={
0x0000022fec1db400, 0x0000022fec2990c0, 0x0000022fec29d580, 0x0000022fec29dfd0,
0x0000022fec08dfa0, 0x0000022fec08fac0, 0x0000022fec090770, 0x0000022fec094680,
0x0000022fec0b5080, 0x0000022fec24a600, 0x0000022fff2492c0, 0x0000022fff72bc30,
0x0000022fff825920, 0x0000022fff826250, 0x0000022fff8c4220, 0x0000022fffb49690,
0x0000022fc910c1f0, 0x0000022fff132830, 0x0000022fff2b37c0, 0x0000022fff2b44e0,
0x0000022fff2b2aa0, 0x0000022fff2b1060, 0x0000022fff2b3130, 0x0000022fff2b16f0,
0x0000022fff2b3e50
}

Java Threads: ( => current thread )
  0x0000022fec1db400 JavaThread "main"                              [_thread_blocked, id=9912, stack(0x0000005a4da00000,0x0000005a4db00000) (1024K)]
  0x0000022fec2990c0 JavaThread "Reference Handler"          daemon [_thread_blocked, id=4404, stack(0x0000005a4de00000,0x0000005a4df00000) (1024K)]
  0x0000022fec29d580 JavaThread "Finalizer"                  daemon [_thread_blocked, id=7528, stack(0x0000005a4df00000,0x0000005a4e000000) (1024K)]
  0x0000022fec29dfd0 JavaThread "Signal Dispatcher"          daemon [_thread_blocked, id=7532, stack(0x0000005a4e000000,0x0000005a4e100000) (1024K)]
  0x0000022fec08dfa0 JavaThread "Attach Listener"            daemon [_thread_blocked, id=7584, stack(0x0000005a4e100000,0x0000005a4e200000) (1024K)]
  0x0000022fec08fac0 JavaThread "Service Thread"             daemon [_thread_blocked, id=19904, stack(0x0000005a4e200000,0x0000005a4e300000) (1024K)]
  0x0000022fec090770 JavaThread "Monitor Deflation Thread"   daemon [_thread_blocked, id=7624, stack(0x0000005a4e300000,0x0000005a4e400000) (1024K)]
=>0x0000022fec094680 JavaThread "C2 CompilerThread0"         daemon [_thread_in_native, id=7688, stack(0x0000005a4e400000,0x0000005a4e500000) (1024K)]
  0x0000022fec0b5080 JavaThread "C1 CompilerThread0"         daemon [_thread_blocked, id=7680, stack(0x0000005a4e500000,0x0000005a4e600000) (1024K)]
  0x0000022fec24a600 JavaThread "Common-Cleaner"             daemon [_thread_blocked, id=7684, stack(0x0000005a4e600000,0x0000005a4e700000) (1024K)]
  0x0000022fff2492c0 JavaThread "Notification Thread"        daemon [_thread_blocked, id=6612, stack(0x0000005a4e700000,0x0000005a4e800000) (1024K)]
  0x0000022fff72bc30 JavaThread "Active Thread: Equinox Container: 80658157-6615-4d85-acc7-cca73449e302"        [_thread_blocked, id=7024, stack(0x0000005a4e900000,0x0000005a4ea00000) (1024K)]
  0x0000022fff825920 JavaThread "Framework Event Dispatcher: Equinox Container: 80658157-6615-4d85-acc7-cca73449e302" daemon [_thread_blocked, id=10164, stack(0x0000005a4ea00000,0x0000005a4eb00000) (1024K)]
  0x0000022fff826250 JavaThread "Start Level: Equinox Container: 80658157-6615-4d85-acc7-cca73449e302" daemon [_thread_blocked, id=10964, stack(0x0000005a4eb00000,0x0000005a4ec00000) (1024K)]
  0x0000022fff8c4220 JavaThread "SCR Component Actor"        daemon [_thread_blocked, id=11744, stack(0x0000005a4ec00000,0x0000005a4ed00000) (1024K)]
  0x0000022fffb49690 JavaThread "Worker-JM"                         [_thread_blocked, id=18392, stack(0x0000005a4ee00000,0x0000005a4ef00000) (1024K)]
  0x0000022fc910c1f0 JavaThread "JNA Cleaner"                daemon [_thread_blocked, id=16008, stack(0x0000005a4ef00000,0x0000005a4f000000) (1024K)]
  0x0000022fff132830 JavaThread "Worker-0"                          [_thread_blocked, id=7996, stack(0x0000005a4f000000,0x0000005a4f100000) (1024K)]
  0x0000022fff2b37c0 JavaThread "Worker-1"                          [_thread_blocked, id=8248, stack(0x0000005a4f100000,0x0000005a4f200000) (1024K)]
  0x0000022fff2b44e0 JavaThread "Thread-2"                   daemon [_thread_in_native, id=9672, stack(0x0000005a4f400000,0x0000005a4f500000) (1024K)]
  0x0000022fff2b2aa0 JavaThread "Thread-3"                   daemon [_thread_in_native, id=7556, stack(0x0000005a4f500000,0x0000005a4f600000) (1024K)]
  0x0000022fff2b1060 JavaThread "Thread-4"                   daemon [_thread_in_native, id=9544, stack(0x0000005a4f600000,0x0000005a4f700000) (1024K)]
  0x0000022fff2b3130 JavaThread "pool-2-thread-1"                   [_thread_blocked, id=8692, stack(0x0000005a4f700000,0x0000005a4f800000) (1024K)]
  0x0000022fff2b16f0 JavaThread "WorkspaceEventsHandler"            [_thread_blocked, id=12328, stack(0x0000005a4f800000,0x0000005a4f900000) (1024K)]
  0x0000022fff2b3e50 JavaThread "pool-1-thread-1"                   [_thread_in_native, id=8020, stack(0x0000005a4f900000,0x0000005a4fa00000) (1024K)]
Total: 25

Other Threads:
  0x0000022fec08daa0 VMThread "VM Thread"                           [id=6284, stack(0x0000005a4dd00000,0x0000005a4de00000) (1024K)]
  0x0000022fec249570 WatcherThread "VM Periodic Task Thread"        [id=7616, stack(0x0000005a4dc00000,0x0000005a4dd00000) (1024K)]
  0x0000022fec1f89c0 WorkerThread "GC Thread#0"                     [id=5172, stack(0x0000005a4db00000,0x0000005a4dc00000) (1024K)]
  0x0000022fff786b00 WorkerThread "GC Thread#1"                     [id=2500, stack(0x0000005a4e800000,0x0000005a4e900000) (1024K)]
Total: 4

Threads with active compile tasks:
C2 CompilerThread0  13047 4565       4       org.lombokweb.asm.ClassReader::readMethod (1070 bytes)
Total: 1

VM state: not at safepoint (normal execution)

VM Mutex/Monitor currently owned by a thread: None

Heap address: 0x0000000080000000, size: 2048 MB, Compressed Oops mode: 32-bit

CDS archive(s) mapped at: [0x0000022f84000000-0x0000022f84ba0000-0x0000022f84ba0000), size 12189696, SharedBaseAddress: 0x0000022f84000000, ArchiveRelocationMode: 1.
Compressed class space mapped at: 0x0000022f85000000-0x0000022fc5000000, reserved size: 1073741824
Narrow klass base: 0x0000022f84000000, Narrow klass shift: 0, Narrow klass range: 0x100000000

GC Precious Log:
 CardTable entry size: 512
 CPUs: 2 total, 2 available
 Memory: 6060M
 Large Page Support: Disabled
 NUMA Support: Disabled
 Compressed Oops: Enabled (32-bit)
 Alignments: Space 512K, Generation 512K, Heap 2M
 Heap Min Capacity: 100M
 Heap Initial Capacity: 100M
 Heap Max Capacity: 2G
 Pre-touch: Disabled
 Parallel Workers: 2

Heap:
 PSYoungGen      total 22016K, used 17364K [0x00000000d5580000, 0x00000000d6d00000, 0x0000000100000000)
  eden space 20992K, 78% used [0x00000000d5580000,0x00000000d6592d78,0x00000000d6a00000)
  from space 1024K, 88% used [0x00000000d6c00000,0x00000000d6ce2540,0x00000000d6d00000)
  to   space 1536K, 0% used [0x00000000d6a00000,0x00000000d6a00000,0x00000000d6b80000)
 ParOldGen       total 68608K, used 29221K [0x0000000080000000, 0x0000000084300000, 0x00000000d5580000)
  object space 68608K, 42% used [0x0000000080000000,0x0000000081c896a8,0x0000000084300000)
 Metaspace       used 37634K, committed 38592K, reserved 1114112K
  class space    used 3795K, committed 4224K, reserved 1048576K

Card table byte_map: [0x0000022febb80000,0x0000022febf90000] _byte_map_base: 0x0000022feb780000

Marking Bits: (ParMarkBitMap*) 0x00007fffa6d1a340
 Begin Bits: [0x0000022f80000000, 0x0000022f82000000)
 End Bits:   [0x0000022f82000000, 0x0000022f84000000)

Polling page: 0x0000022fe9f20000

Metaspace:

Usage:
  Non-class:     33.05 MB used.
      Class:      3.71 MB used.
       Both:     36.75 MB used.

Virtual space:
  Non-class space:       64.00 MB reserved,      33.56 MB ( 52%) committed,  1 nodes.
      Class space:        1.00 GB reserved,       4.12 MB ( <1%) committed,  1 nodes.
             Both:        1.06 GB reserved,      37.69 MB (  3%) committed. 

Chunk freelists:
   Non-Class:  13.97 MB
       Class:  11.89 MB
        Both:  25.86 MB

MaxMetaspaceSize: unlimited
CompressedClassSpaceSize: 1.00 GB
Initial GC threshold: 21.00 MB
Current GC threshold: 58.38 MB
CDS: on
 - commit_granule_bytes: 65536.
 - commit_granule_words: 8192.
 - virtual_space_node_default_size: 8388608.
 - enlarge_chunks_in_place: 1.
 - use_allocation_guard: 0.


Internal statistics:

num_allocs_failed_limit: 6.
num_arena_births: 686.
num_arena_deaths: 14.
num_vsnodes_births: 2.
num_vsnodes_deaths: 0.
num_space_committed: 603.
num_space_uncommitted: 0.
num_chunks_returned_to_freelist: 20.
num_chunks_taken_from_freelist: 2184.
num_chunk_merges: 11.
num_chunk_splits: 1438.
num_chunks_enlarged: 944.
num_inconsistent_stats: 0.

CodeHeap 'non-profiled nmethods': size=120064Kb used=2240Kb max_used=2329Kb free=117824Kb
 bounds [0x0000022ff6e90000, 0x0000022ff7100000, 0x0000022ffe3d0000]
CodeHeap 'profiled nmethods': size=120000Kb used=9052Kb max_used=9489Kb free=110947Kb
 bounds [0x0000022fef3d0000, 0x0000022fefd30000, 0x0000022ff6900000]
CodeHeap 'non-nmethods': size=5696Kb used=1388Kb max_used=1441Kb free=4307Kb
 bounds [0x0000022ff6900000, 0x0000022ff6b70000, 0x0000022ff6e90000]
CodeCache: size=245760Kb, used=12680Kb, max_used=13259Kb, free=233078Kb
 total_blobs=4889, nmethods=4209, adapters=586, full_count=0
Compilation: enabled, stopped_count=0, restarted_count=0

Compilation events (20 events):
Event: 12.943 Thread 0x0000022fec0b5080 4581       2       java.lang.Class::getDeclaredFields (27 bytes)
Event: 12.944 Thread 0x0000022fec0b5080 nmethod 4581 0x0000022fef5c7390 code [0x0000022fef5c7540, 0x0000022fef5c7688]
Event: 12.944 Thread 0x0000022fec0b5080 4582       2       lombok.core.LombokImmutableList$1::hasNext (19 bytes)
Event: 12.944 Thread 0x0000022fec0b5080 nmethod 4582 0x0000022fef623c90 code [0x0000022fef623e40, 0x0000022fef623f98]
Event: 12.944 Thread 0x0000022fec0b5080 4583       2       lombok.eclipse.EclipseNode::calculateIsStructurallySignificant (9 bytes)
Event: 12.945 Thread 0x0000022fec0b5080 nmethod 4583 0x0000022fef670590 code [0x0000022fef670740, 0x0000022fef6708a0]
Event: 12.945 Thread 0x0000022fec0b5080 4584       2       lombok.core.LombokImmutableList$1::next (43 bytes)
Event: 12.945 Thread 0x0000022fec0b5080 nmethod 4584 0x0000022fef4cea90 code [0x0000022fef4cec40, 0x0000022fef4cee50]
Event: 12.947 Thread 0x0000022fec0b5080 4585       2       lombok.core.LombokImmutableList::iterator (9 bytes)
Event: 12.948 Thread 0x0000022fec0b5080 nmethod 4585 0x0000022fef689e10 code [0x0000022fef689fa0, 0x0000022fef68a120]
Event: 12.948 Thread 0x0000022fec0b5080 4586       2       lombok.eclipse.EclipseNode::traverse (800 bytes)
Event: 12.949 Thread 0x0000022fec0b5080 nmethod 4586 0x0000022fef3db110 code [0x0000022fef3db660, 0x0000022fef3dd708]
Event: 12.949 Thread 0x0000022fec0b5080 4587       2       lombok.core.LombokImmutableList::get (7 bytes)
Event: 12.950 Thread 0x0000022fec0b5080 nmethod 4587 0x0000022fef72d390 code [0x0000022fef72d520, 0x0000022fef72d650]
Event: 12.950 Thread 0x0000022fec0b5080 4588       2       lombok.core.LombokImmutableList::size (6 bytes)
Event: 12.950 Thread 0x0000022fec0b5080 nmethod 4588 0x0000022fef6f4790 code [0x0000022fef6f4920, 0x0000022fef6f4a30]
Event: 12.950 Thread 0x0000022fec0b5080 4589       2       lombok.eclipse.EclipseNode::getAst (5 bytes)
Event: 12.950 Thread 0x0000022fec0b5080 nmethod 4589 0x0000022fef845710 code [0x0000022fef8458a0, 0x0000022fef8459a8]
Event: 12.950 Thread 0x0000022fec0b5080 4590       2       lombok.eclipse.EclipseAST::traverseChildren (41 bytes)
Event: 12.950 Thread 0x0000022fec0b5080 nmethod 4590 0x0000022fef6dc690 code [0x0000022fef6dc840, 0x0000022fef6dca90]

GC Heap History (20 events):
Event: 10.633 GC heap before
{Heap before GC invocations=13 (full 1):
 PSYoungGen      total 24064K, used 24000K [0x00000000d5580000, 0x00000000d7180000, 0x0000000100000000)
  eden space 22016K, 100% used [0x00000000d5580000,0x00000000d6b00000,0x00000000d6b00000)
  from space 2048K, 96% used [0x00000000d6c00000,0x00000000d6df0010,0x00000000d6e00000)
  to   space 2560K, 0% used [0x00000000d6f00000,0x00000000d6f00000,0x00000000d7180000)
 ParOldGen       total 68608K, used 16079K [0x0000000080000000, 0x0000000084300000, 0x00000000d5580000)
  object space 68608K, 23% used [0x0000000080000000,0x0000000080fb3ed0,0x0000000084300000)
 Metaspace       used 32065K, committed 32960K, reserved 1114112K
  class space    used 3234K, committed 3648K, reserved 1048576K
}
Event: 10.640 GC heap after
{Heap after GC invocations=13 (full 1):
 PSYoungGen      total 24576K, used 2338K [0x00000000d5580000, 0x00000000d7180000, 0x0000000100000000)
  eden space 22016K, 0% used [0x00000000d5580000,0x00000000d5580000,0x00000000d6b00000)
  from space 2560K, 91% used [0x00000000d6f00000,0x00000000d7148820,0x00000000d7180000)
  to   space 2560K, 0% used [0x00000000d6c80000,0x00000000d6c80000,0x00000000d6f00000)
 ParOldGen       total 68608K, used 17975K [0x0000000080000000, 0x0000000084300000, 0x00000000d5580000)
  object space 68608K, 26% used [0x0000000080000000,0x000000008118ded0,0x0000000084300000)
 Metaspace       used 32065K, committed 32960K, reserved 1114112K
  class space    used 3234K, committed 3648K, reserved 1048576K
}
Event: 10.758 GC heap before
{Heap before GC invocations=14 (full 1):
 PSYoungGen      total 24576K, used 24354K [0x00000000d5580000, 0x00000000d7180000, 0x0000000100000000)
  eden space 22016K, 100% used [0x00000000d5580000,0x00000000d6b00000,0x00000000d6b00000)
  from space 2560K, 91% used [0x00000000d6f00000,0x00000000d7148820,0x00000000d7180000)
  to   space 2560K, 0% used [0x00000000d6c80000,0x00000000d6c80000,0x00000000d6f00000)
 ParOldGen       total 68608K, used 17975K [0x0000000080000000, 0x0000000084300000, 0x00000000d5580000)
  object space 68608K, 26% used [0x0000000080000000,0x000000008118ded0,0x0000000084300000)
 Metaspace       used 32080K, committed 32960K, reserved 1114112K
  class space    used 3234K, committed 3648K, reserved 1048576K
}
Event: 10.764 GC heap after
{Heap after GC invocations=14 (full 1):
 PSYoungGen      total 24064K, used 1984K [0x00000000d5580000, 0x00000000d7000000, 0x0000000100000000)
  eden space 22016K, 0% used [0x00000000d5580000,0x00000000d5580000,0x00000000d6b00000)
  from space 2048K, 96% used [0x00000000d6c80000,0x00000000d6e70000,0x00000000d6e80000)
  to   space 1536K, 0% used [0x00000000d6e80000,0x00000000d6e80000,0x00000000d7000000)
 ParOldGen       total 68608K, used 20222K [0x0000000080000000, 0x0000000084300000, 0x00000000d5580000)
  object space 68608K, 29% used [0x0000000080000000,0x00000000813bf870,0x0000000084300000)
 Metaspace       used 32080K, committed 32960K, reserved 1114112K
  class space    used 3234K, committed 3648K, reserved 1048576K
}
Event: 10.888 GC heap before
{Heap before GC invocations=15 (full 1):
 PSYoungGen      total 24064K, used 24000K [0x00000000d5580000, 0x00000000d7000000, 0x0000000100000000)
  eden space 22016K, 100% used [0x00000000d5580000,0x00000000d6b00000,0x00000000d6b00000)
  from space 2048K, 96% used [0x00000000d6c80000,0x00000000d6e70000,0x00000000d6e80000)
  to   space 1536K, 0% used [0x00000000d6e80000,0x00000000d6e80000,0x00000000d7000000)
 ParOldGen       total 68608K, used 20222K [0x0000000080000000, 0x0000000084300000, 0x00000000d5580000)
  object space 68608K, 29% used [0x0000000080000000,0x00000000813bf870,0x0000000084300000)
 Metaspace       used 32084K, committed 32960K, reserved 1114112K
  class space    used 3234K, committed 3648K, reserved 1048576K
}
Event: 10.894 GC heap after
{Heap after GC invocations=15 (full 1):
 PSYoungGen      total 22528K, used 1508K [0x00000000d5580000, 0x00000000d7400000, 0x0000000100000000)
  eden space 20992K, 0% used [0x00000000d5580000,0x00000000d5580000,0x00000000d6a00000)
  from space 1536K, 98% used [0x00000000d6e80000,0x00000000d6ff9000,0x00000000d7000000)
  to   space 4608K, 0% used [0x00000000d6a00000,0x00000000d6a00000,0x00000000d6e80000)
 ParOldGen       total 68608K, used 22654K [0x0000000080000000, 0x0000000084300000, 0x00000000d5580000)
  object space 68608K, 33% used [0x0000000080000000,0x000000008161fa38,0x0000000084300000)
 Metaspace       used 32084K, committed 32960K, reserved 1114112K
  class space    used 3234K, committed 3648K, reserved 1048576K
}
Event: 11.056 GC heap before
{Heap before GC invocations=16 (full 1):
 PSYoungGen      total 22528K, used 22500K [0x00000000d5580000, 0x00000000d7400000, 0x0000000100000000)
  eden space 20992K, 100% used [0x00000000d5580000,0x00000000d6a00000,0x00000000d6a00000)
  from space 1536K, 98% used [0x00000000d6e80000,0x00000000d6ff9000,0x00000000d7000000)
  to   space 4608K, 0% used [0x00000000d6a00000,0x00000000d6a00000,0x00000000d6e80000)
 ParOldGen       total 68608K, used 22654K [0x0000000080000000, 0x0000000084300000, 0x00000000d5580000)
  object space 68608K, 33% used [0x0000000080000000,0x000000008161fa38,0x0000000084300000)
 Metaspace       used 32137K, committed 33024K, reserved 1114112K
  class space    used 3237K, committed 3648K, reserved 1048576K
}
Event: 11.061 GC heap after
{Heap after GC invocations=16 (full 1):
 PSYoungGen      total 23040K, used 2016K [0x00000000d5580000, 0x00000000d7000000, 0x0000000100000000)
  eden space 20992K, 0% used [0x00000000d5580000,0x00000000d5580000,0x00000000d6a00000)
  from space 2048K, 98% used [0x00000000d6a00000,0x00000000d6bf8010,0x00000000d6c00000)
  to   space 3072K, 0% used [0x00000000d6d00000,0x00000000d6d00000,0x00000000d7000000)
 ParOldGen       total 68608K, used 24178K [0x0000000080000000, 0x0000000084300000, 0x00000000d5580000)
  object space 68608K, 35% used [0x0000000080000000,0x000000008179ca38,0x0000000084300000)
 Metaspace       used 32137K, committed 33024K, reserved 1114112K
  class space    used 3237K, committed 3648K, reserved 1048576K
}
Event: 11.171 GC heap before
{Heap before GC invocations=17 (full 1):
 PSYoungGen      total 23040K, used 23008K [0x00000000d5580000, 0x00000000d7000000, 0x0000000100000000)
  eden space 20992K, 100% used [0x00000000d5580000,0x00000000d6a00000,0x00000000d6a00000)
  from space 2048K, 98% used [0x00000000d6a00000,0x00000000d6bf8010,0x00000000d6c00000)
  to   space 3072K, 0% used [0x00000000d6d00000,0x00000000d6d00000,0x00000000d7000000)
 ParOldGen       total 68608K, used 24178K [0x0000000080000000, 0x0000000084300000, 0x00000000d5580000)
  object space 68608K, 35% used [0x0000000080000000,0x000000008179ca38,0x0000000084300000)
 Metaspace       used 32218K, committed 33088K, reserved 1114112K
  class space    used 3238K, committed 3648K, reserved 1048576K
}
Event: 11.176 GC heap after
{Heap after GC invocations=17 (full 1):
 PSYoungGen      total 23040K, used 1752K [0x00000000d5580000, 0x00000000d6f00000, 0x0000000100000000)
  eden space 20992K, 0% used [0x00000000d5580000,0x00000000d5580000,0x00000000d6a00000)
  from space 2048K, 85% used [0x00000000d6d00000,0x00000000d6eb6200,0x00000000d6f00000)
  to   space 2048K, 0% used [0x00000000d6a00000,0x00000000d6a00000,0x00000000d6c00000)
 ParOldGen       total 68608K, used 26186K [0x0000000080000000, 0x0000000084300000, 0x00000000d5580000)
  object space 68608K, 38% used [0x0000000080000000,0x0000000081992a48,0x0000000084300000)
 Metaspace       used 32218K, committed 33088K, reserved 1114112K
  class space    used 3238K, committed 3648K, reserved 1048576K
}
Event: 11.859 GC heap before
{Heap before GC invocations=18 (full 1):
 PSYoungGen      total 23040K, used 22744K [0x00000000d5580000, 0x00000000d6f00000, 0x0000000100000000)
  eden space 20992K, 100% used [0x00000000d5580000,0x00000000d6a00000,0x00000000d6a00000)
  from space 2048K, 85% used [0x00000000d6d00000,0x00000000d6eb6200,0x00000000d6f00000)
  to   space 2048K, 0% used [0x00000000d6a00000,0x00000000d6a00000,0x00000000d6c00000)
 ParOldGen       total 68608K, used 26186K [0x0000000080000000, 0x0000000084300000, 0x00000000d5580000)
  object space 68608K, 38% used [0x0000000080000000,0x0000000081992a48,0x0000000084300000)
 Metaspace       used 34589K, committed 35520K, reserved 1114112K
  class space    used 3510K, committed 3968K, reserved 1048576K
}
Event: 11.863 GC heap after
{Heap after GC invocations=18 (full 1):
 PSYoungGen      total 23040K, used 724K [0x00000000d5580000, 0x00000000d6d80000, 0x0000000100000000)
  eden space 20992K, 0% used [0x00000000d5580000,0x00000000d5580000,0x00000000d6a00000)
  from space 2048K, 35% used [0x00000000d6a00000,0x00000000d6ab53c8,0x00000000d6c00000)
  to   space 1536K, 0% used [0x00000000d6c00000,0x00000000d6c00000,0x00000000d6d80000)
 ParOldGen       total 68608K, used 27923K [0x0000000080000000, 0x0000000084300000, 0x00000000d5580000)
  object space 68608K, 40% used [0x0000000080000000,0x0000000081b44fc0,0x0000000084300000)
 Metaspace       used 34589K, committed 35520K, reserved 1114112K
  class space    used 3510K, committed 3968K, reserved 1048576K
}
Event: 12.007 GC heap before
{Heap before GC invocations=19 (full 1):
 PSYoungGen      total 23040K, used 8265K [0x00000000d5580000, 0x00000000d6d80000, 0x0000000100000000)
  eden space 20992K, 35% used [0x00000000d5580000,0x00000000d5cdd038,0x00000000d6a00000)
  from space 2048K, 35% used [0x00000000d6a00000,0x00000000d6ab53c8,0x00000000d6c00000)
  to   space 1536K, 0% used [0x00000000d6c00000,0x00000000d6c00000,0x00000000d6d80000)
 ParOldGen       total 68608K, used 27923K [0x0000000080000000, 0x0000000084300000, 0x00000000d5580000)
  object space 68608K, 40% used [0x0000000080000000,0x0000000081b44fc0,0x0000000084300000)
 Metaspace       used 34948K, committed 35840K, reserved 1114112K
  class space    used 3550K, committed 3968K, reserved 1048576K
}
Event: 12.010 GC heap after
{Heap after GC invocations=19 (full 1):
 PSYoungGen      total 21504K, used 256K [0x00000000d5580000, 0x00000000d6c80000, 0x0000000100000000)
  eden space 20992K, 0% used [0x00000000d5580000,0x00000000d5580000,0x00000000d6a00000)
  from space 512K, 50% used [0x00000000d6c00000,0x00000000d6c40010,0x00000000d6c80000)
  to   space 512K, 0% used [0x00000000d6b80000,0x00000000d6b80000,0x00000000d6c00000)
 ParOldGen       total 68608K, used 28577K [0x0000000080000000, 0x0000000084300000, 0x00000000d5580000)
  object space 68608K, 41% used [0x0000000080000000,0x0000000081be87c0,0x0000000084300000)
 Metaspace       used 34948K, committed 35840K, reserved 1114112K
  class space    used 3550K, committed 3968K, reserved 1048576K
}
Event: 12.010 GC heap before
{Heap before GC invocations=20 (full 2):
 PSYoungGen      total 21504K, used 256K [0x00000000d5580000, 0x00000000d6c80000, 0x0000000100000000)
  eden space 20992K, 0% used [0x00000000d5580000,0x00000000d5580000,0x00000000d6a00000)
  from space 512K, 50% used [0x00000000d6c00000,0x00000000d6c40010,0x00000000d6c80000)
  to   space 512K, 0% used [0x00000000d6b80000,0x00000000d6b80000,0x00000000d6c00000)
 ParOldGen       total 68608K, used 28577K [0x0000000080000000, 0x0000000084300000, 0x00000000d5580000)
  object space 68608K, 41% used [0x0000000080000000,0x0000000081be87c0,0x0000000084300000)
 Metaspace       used 34948K, committed 35840K, reserved 1114112K
  class space    used 3550K, committed 3968K, reserved 1048576K
}
Event: 12.083 GC heap after
{Heap after GC invocations=20 (full 2):
 PSYoungGen      total 21504K, used 0K [0x00000000d5580000, 0x00000000d6c80000, 0x0000000100000000)
  eden space 20992K, 0% used [0x00000000d5580000,0x00000000d5580000,0x00000000d6a00000)
  from space 512K, 0% used [0x00000000d6c00000,0x00000000d6c00000,0x00000000d6c80000)
  to   space 512K, 0% used [0x00000000d6b80000,0x00000000d6b80000,0x00000000d6c00000)
 ParOldGen       total 68608K, used 27652K [0x0000000080000000, 0x0000000084300000, 0x00000000d5580000)
  object space 68608K, 40% used [0x0000000080000000,0x0000000081b010f8,0x0000000084300000)
 Metaspace       used 34948K, committed 35840K, reserved 1114112K
  class space    used 3550K, committed 3968K, reserved 1048576K
}
Event: 12.466 GC heap before
{Heap before GC invocations=21 (full 2):
 PSYoungGen      total 21504K, used 20821K [0x00000000d5580000, 0x00000000d6c80000, 0x0000000100000000)
  eden space 20992K, 99% used [0x00000000d5580000,0x00000000d69d56c8,0x00000000d6a00000)
  from space 512K, 0% used [0x00000000d6c00000,0x00000000d6c00000,0x00000000d6c80000)
  to   space 512K, 0% used [0x00000000d6b80000,0x00000000d6b80000,0x00000000d6c00000)
 ParOldGen       total 68608K, used 27652K [0x0000000080000000, 0x0000000084300000, 0x00000000d5580000)
  object space 68608K, 40% used [0x0000000080000000,0x0000000081b010f8,0x0000000084300000)
 Metaspace       used 36312K, committed 37248K, reserved 1114112K
  class space    used 3671K, committed 4096K, reserved 1048576K
}
Event: 12.468 GC heap after
{Heap after GC invocations=21 (full 2):
 PSYoungGen      total 21504K, used 508K [0x00000000d5580000, 0x00000000d6e00000, 0x0000000100000000)
  eden space 20992K, 0% used [0x00000000d5580000,0x00000000d5580000,0x00000000d6a00000)
  from space 512K, 99% used [0x00000000d6b80000,0x00000000d6bff208,0x00000000d6c00000)
  to   space 2048K, 0% used [0x00000000d6c00000,0x00000000d6c00000,0x00000000d6e00000)
 ParOldGen       total 68608K, used 28705K [0x0000000080000000, 0x0000000084300000, 0x00000000d5580000)
  object space 68608K, 41% used [0x0000000080000000,0x0000000081c084a0,0x0000000084300000)
 Metaspace       used 36312K, committed 37248K, reserved 1114112K
  class space    used 3671K, committed 4096K, reserved 1048576K
}
Event: 12.707 GC heap before
{Heap before GC invocations=22 (full 2):
 PSYoungGen      total 21504K, used 21449K [0x00000000d5580000, 0x00000000d6e00000, 0x0000000100000000)
  eden space 20992K, 99% used [0x00000000d5580000,0x00000000d69f35f0,0x00000000d6a00000)
  from space 512K, 99% used [0x00000000d6b80000,0x00000000d6bff208,0x00000000d6c00000)
  to   space 2048K, 0% used [0x00000000d6c00000,0x00000000d6c00000,0x00000000d6e00000)
 ParOldGen       total 68608K, used 28705K [0x0000000080000000, 0x0000000084300000, 0x00000000d5580000)
  object space 68608K, 41% used [0x0000000080000000,0x0000000081c084a0,0x0000000084300000)
 Metaspace       used 36331K, committed 37248K, reserved 1114112K
  class space    used 3671K, committed 4096K, reserved 1048576K
}
Event: 12.709 GC heap after
{Heap after GC invocations=22 (full 2):
 PSYoungGen      total 22016K, used 905K [0x00000000d5580000, 0x00000000d6d00000, 0x0000000100000000)
  eden space 20992K, 0% used [0x00000000d5580000,0x00000000d5580000,0x00000000d6a00000)
  from space 1024K, 88% used [0x00000000d6c00000,0x00000000d6ce2540,0x00000000d6d00000)
  to   space 1536K, 0% used [0x00000000d6a00000,0x00000000d6a00000,0x00000000d6b80000)
 ParOldGen       total 68608K, used 29221K [0x0000000080000000, 0x0000000084300000, 0x00000000d5580000)
  object space 68608K, 42% used [0x0000000080000000,0x0000000081c896a8,0x0000000084300000)
 Metaspace       used 36331K, committed 37248K, reserved 1114112K
  class space    used 3671K, committed 4096K, reserved 1048576K
}

Dll operation events (10 events):
Event: 0.011 Loaded shared library c:\Users\Administrator\.vscode\extensions\redhat.java-1.45.0-win32-x64\jre\21.0.8-win32-x86_64\bin\java.dll
Event: 0.118 Loaded shared library c:\Users\Administrator\.vscode\extensions\redhat.java-1.45.0-win32-x64\jre\21.0.8-win32-x86_64\bin\zip.dll
Event: 0.267 Loaded shared library C:\Users\Administrator\.vscode\extensions\redhat.java-1.45.0-win32-x64\jre\21.0.8-win32-x86_64\bin\instrument.dll
Event: 0.276 Loaded shared library C:\Users\Administrator\.vscode\extensions\redhat.java-1.45.0-win32-x64\jre\21.0.8-win32-x86_64\bin\net.dll
Event: 0.277 Loaded shared library C:\Users\Administrator\.vscode\extensions\redhat.java-1.45.0-win32-x64\jre\21.0.8-win32-x86_64\bin\nio.dll
Event: 0.280 Loaded shared library C:\Users\Administrator\.vscode\extensions\redhat.java-1.45.0-win32-x64\jre\21.0.8-win32-x86_64\bin\zip.dll
Event: 0.332 Loaded shared library C:\Users\Administrator\.vscode\extensions\redhat.java-1.45.0-win32-x64\jre\21.0.8-win32-x86_64\bin\jimage.dll
Event: 0.917 Loaded shared library c:\Users\Administrator\.vscode\extensions\redhat.java-1.45.0-win32-x64\jre\21.0.8-win32-x86_64\bin\verify.dll
Event: 4.850 Loaded shared library C:\Users\Administrator\AppData\Roaming\Code\User\globalStorage\redhat.java\1.45.0\config_ss_win\org.eclipse.equinox.launcher\org.eclipse.equinox.launcher.win32.win32.x86_64_1.2.1400.v20250801-0854\eclipse_11916.dll
Event: 6.458 Loaded shared library C:\Users\Administrator\AppData\Local\Temp\jna-146731693\jna10888991893472137717.dll

Deoptimization events (20 events):
Event: 12.562 Thread 0x0000022fff2b3e50 DEOPT PACKING pc=0x0000022ff6fbefd4 sp=0x0000005a4f9f9d90
Event: 12.562 Thread 0x0000022fff2b3e50 DEOPT UNPACKING pc=0x0000022ff6956da2 sp=0x0000005a4f9f9d38 mode 2
Event: 12.562 Thread 0x0000022fff2b3e50 Uncommon trap: trap_request=0xffffffde fr.pc=0x0000022ff6fbefd4 relative=0x0000000000007a94
Event: 12.562 Thread 0x0000022fff2b3e50 Uncommon trap: reason=class_check action=maybe_recompile pc=0x0000022ff6fbefd4 method=lombok.patcher.PatchScript$MethodPatcher.visitMethod(ILjava/lang/String;Ljava/lang/String;Ljava/lang/String;[Ljava/lang/String;)Lorg/lombokweb/asm/MethodVisitor; @ 101 c
Event: 12.562 Thread 0x0000022fff2b3e50 DEOPT PACKING pc=0x0000022ff6fbefd4 sp=0x0000005a4f9f9d90
Event: 12.562 Thread 0x0000022fff2b3e50 DEOPT UNPACKING pc=0x0000022ff6956da2 sp=0x0000005a4f9f9d38 mode 2
Event: 12.695 Thread 0x0000022fff2b3e50 DEOPT PACKING pc=0x0000022fef900489 sp=0x0000005a4f9f9e60
Event: 12.695 Thread 0x0000022fff2b3e50 DEOPT UNPACKING pc=0x0000022ff69578e2 sp=0x0000005a4f9f9408 mode 0
Event: 12.704 Thread 0x0000022fff2b3e50 DEOPT PACKING pc=0x0000022fef900489 sp=0x0000005a4f9f9e60
Event: 12.704 Thread 0x0000022fff2b3e50 DEOPT UNPACKING pc=0x0000022ff69578e2 sp=0x0000005a4f9f9408 mode 0
Event: 12.709 Thread 0x0000022fff2b3e50 DEOPT PACKING pc=0x0000022fef900489 sp=0x0000005a4f9f9e60
Event: 12.709 Thread 0x0000022fff2b3e50 DEOPT UNPACKING pc=0x0000022ff69578e2 sp=0x0000005a4f9f9408 mode 0
Event: 12.711 Thread 0x0000022fff2b3e50 DEOPT PACKING pc=0x0000022fef900489 sp=0x0000005a4f9f9e60
Event: 12.711 Thread 0x0000022fff2b3e50 DEOPT UNPACKING pc=0x0000022ff69578e2 sp=0x0000005a4f9f9408 mode 0
Event: 12.713 Thread 0x0000022fff2b3e50 DEOPT PACKING pc=0x0000022fef900489 sp=0x0000005a4f9f9e60
Event: 12.713 Thread 0x0000022fff2b3e50 DEOPT UNPACKING pc=0x0000022ff69578e2 sp=0x0000005a4f9f9408 mode 0
Event: 12.714 Thread 0x0000022fff2b3e50 DEOPT PACKING pc=0x0000022fef900489 sp=0x0000005a4f9f9e60
Event: 12.714 Thread 0x0000022fff2b3e50 DEOPT UNPACKING pc=0x0000022ff69578e2 sp=0x0000005a4f9f9408 mode 0
Event: 12.721 Thread 0x0000022fff2b3e50 DEOPT PACKING pc=0x0000022fef900489 sp=0x0000005a4f9f9e60
Event: 12.721 Thread 0x0000022fff2b3e50 DEOPT UNPACKING pc=0x0000022ff69578e2 sp=0x0000005a4f9f9408 mode 0

Classes loaded (20 events):
Event: 10.545 Loading class java/nio/channels/NonWritableChannelException
Event: 10.545 Loading class java/nio/channels/NonWritableChannelException done
Event: 11.297 Loading class java/lang/ExceptionInInitializerError
Event: 11.297 Loading class java/lang/ExceptionInInitializerError done
Event: 11.473 Loading class sun/misc/Unsafe
Event: 11.473 Loading class sun/misc/Unsafe done
Event: 11.937 Loading class java/util/Vector$1
Event: 11.937 Loading class java/util/Vector$1 done
Event: 12.286 Loading class java/util/regex/Pattern$Caret
Event: 12.286 Loading class java/util/regex/Pattern$Caret done
Event: 12.912 Loading class java/util/stream/ReferencePipeline$4
Event: 12.912 Loading class java/util/stream/ReferencePipeline$4 done
Event: 12.912 Loading class java/util/stream/Nodes$IntFixedNodeBuilder
Event: 12.913 Loading class java/util/stream/Node$Builder$OfInt
Event: 12.913 Loading class java/util/stream/Node$Builder$OfInt done
Event: 12.913 Loading class java/util/stream/Nodes$IntArrayNode
Event: 12.913 Loading class java/util/stream/Nodes$IntArrayNode done
Event: 12.913 Loading class java/util/stream/Nodes$IntFixedNodeBuilder done
Event: 12.913 Loading class java/util/stream/ReferencePipeline$4$1
Event: 12.913 Loading class java/util/stream/ReferencePipeline$4$1 done

Classes unloaded (7 events):
Event: 7.735 Thread 0x0000022fec08daa0 Unloading class 0x0000022f8518d000 'java/lang/invoke/LambdaForm$MH+0x0000022f8518d000'
Event: 7.735 Thread 0x0000022fec08daa0 Unloading class 0x0000022f8518cc00 'java/lang/invoke/LambdaForm$MH+0x0000022f8518cc00'
Event: 7.735 Thread 0x0000022fec08daa0 Unloading class 0x0000022f8518c800 'java/lang/invoke/LambdaForm$MH+0x0000022f8518c800'
Event: 7.735 Thread 0x0000022fec08daa0 Unloading class 0x0000022f8518c400 'java/lang/invoke/LambdaForm$MH+0x0000022f8518c400'
Event: 7.735 Thread 0x0000022fec08daa0 Unloading class 0x0000022f8518c000 'java/lang/invoke/LambdaForm$BMH+0x0000022f8518c000'
Event: 7.735 Thread 0x0000022fec08daa0 Unloading class 0x0000022f8518bc00 'java/lang/invoke/LambdaForm$DMH+0x0000022f8518bc00'
Event: 7.735 Thread 0x0000022fec08daa0 Unloading class 0x0000022f8518a800 'java/lang/invoke/LambdaForm$DMH+0x0000022f8518a800'

Classes redefined (0 events):
No events

Internal exceptions (20 events):
Event: 9.608 Thread 0x0000022fec1db400 Exception <a 'java/lang/IncompatibleClassChangeError'{0x00000000d60721e0}: Found class java.lang.Object, but interface was expected> (0x00000000d60721e0) 
thrown [s\src\hotspot\share\interpreter\linkResolver.cpp, line 840]
Event: 9.608 Thread 0x0000022fec1db400 Exception <a 'java/lang/IncompatibleClassChangeError'{0x00000000d6073f38}: Found class java.lang.Object, but interface was expected> (0x00000000d6073f38) 
thrown [s\src\hotspot\share\interpreter\linkResolver.cpp, line 840]
Event: 9.791 Thread 0x0000022fec1db400 Exception <a 'java/lang/NoSuchMethodError'{0x00000000d6189b50}: 'java.lang.Object java.lang.invoke.DirectMethodHandle$Holder.invokeStatic(java.lang.Object, int, java.lang.Object)'> (0x00000000d6189b50) 
thrown [s\src\hotspot\share\interpreter\linkResolver.cpp, line 773]
Event: 9.907 Thread 0x0000022fff2b3e50 Exception <a 'java/lang/NoSuchMethodError'{0x00000000d6621790}: 'java.lang.Object java.lang.invoke.DirectMethodHandle$Holder.invokeInterface(java.lang.Object, java.lang.Object, java.lang.Object)'> (0x00000000d6621790) 
thrown [s\src\hotspot\share\interpreter\linkResolver.cpp, line 773]
Event: 9.930 Thread 0x0000022fff2b3e50 Exception <a 'java/io/FileNotFoundException'{0x00000000d66b87c0}> (0x00000000d66b87c0) 
thrown [s\src\hotspot\share\prims\jni.cpp, line 520]
Event: 9.975 Thread 0x0000022fff2b3e50 Exception <a 'sun/nio/fs/WindowsException'{0x00000000d56855c0}> (0x00000000d56855c0) 
thrown [s\src\hotspot\share\prims\jni.cpp, line 520]
Event: 10.051 Thread 0x0000022fff2b3e50 Exception <a 'java/lang/IncompatibleClassChangeError'{0x00000000d5948e48}: Found class java.lang.Object, but interface was expected> (0x00000000d5948e48) 
thrown [s\src\hotspot\share\interpreter\linkResolver.cpp, line 840]
Event: 10.175 Thread 0x0000022fff2b3e50 Implicit null exception at 0x0000022ff7000877 to 0x0000022ff7000ae8
Event: 10.176 Thread 0x0000022fff2b3e50 Exception <a 'java/lang/NoSuchMethodError'{0x00000000d5df5568}: 'long java.lang.invoke.DirectMethodHandle$Holder.invokeStatic(java.lang.Object, java.lang.Object, int)'> (0x00000000d5df5568) 
thrown [s\src\hotspot\share\interpreter\linkResolver.cpp, line 773]
Event: 10.176 Thread 0x0000022fff2b3e50 Exception <a 'java/lang/NoSuchMethodError'{0x00000000d5dffb68}: 'java.lang.Object java.lang.invoke.DelegatingMethodHandle$Holder.reinvoke_L(java.lang.Object, int, long, java.lang.Object, java.lang.Object, int, java.lang.Object)'> (0x00000000d5dffb68) 
thrown [s\src\hotspot\share\interpreter\linkResolver.cpp, line 773]
Event: 10.331 Thread 0x0000022fff2b3e50 Exception <a 'java/lang/NoSuchMethodError'{0x00000000d63d1578}: 'java.lang.Object java.lang.invoke.DirectMethodHandle$Holder.invokeStaticInit(java.lang.Object, java.lang.Object, java.lang.Object, java.lang.Object, java.lang.Object, java.lang.Object, java.lang.Object)'> (0x00000000d63d1578) 
thrown [s\src\hotspot\share\interpreter\linkResolver.cpp, line 773]
Event: 10.331 Thread 0x0000022fff2b3e50 Exception <a 'java/lang/NoSuchMethodError'{0x00000000d63d6788}: 'java.lang.Object java.lang.invoke.Invokers$Holder.invoke_MT(java.lang.Object, java.lang.Object, java.lang.Object, java.lang.Object, java.lang.Object, java.lang.Object, java.lang.Object, java.lang.Object, java.lang.Object, java.lang.Object)'> (0x00000000d63d6788) 
thrown [s\src\hotspot\share\interpreter\linkResolver.cpp, line 773]
Event: 10.337 Thread 0x0000022fff2b3e50 Exception <a 'java/lang/NoSuchMethodError'{0x00000000d64167e8}: 'int java.lang.invoke.DirectMethodHandle$Holder.invokeVirtual(java.lang.Object, java.lang.Object, java.lang.Object)'> (0x00000000d64167e8) 
thrown [s\src\hotspot\share\interpreter\linkResolver.cpp, line 773]
Event: 10.339 Thread 0x0000022fff2b3e50 Exception <a 'java/lang/NoSuchMethodError'{0x00000000d641ab90}: 'int java.lang.invoke.DirectMethodHandle$Holder.invokeStaticInit(java.lang.Object, int, int)'> (0x00000000d641ab90) 
thrown [s\src\hotspot\share\interpreter\linkResolver.cpp, line 773]
Event: 10.339 Thread 0x0000022fff2b3e50 Exception <a 'java/lang/NoSuchMethodError'{0x00000000d6422338}: 'int java.lang.invoke.DirectMethodHandle$Holder.invokeStaticInit(java.lang.Object, long, long)'> (0x00000000d6422338) 
thrown [s\src\hotspot\share\interpreter\linkResolver.cpp, line 773]
Event: 10.340 Thread 0x0000022fff2b3e50 Exception <a 'java/lang/NoSuchMethodError'{0x00000000d6429080}: 'int java.lang.invoke.DirectMethodHandle$Holder.invokeStaticInit(java.lang.Object, float, float)'> (0x00000000d6429080) 
thrown [s\src\hotspot\share\interpreter\linkResolver.cpp, line 773]
Event: 10.341 Thread 0x0000022fff2b3e50 Exception <a 'java/lang/NoSuchMethodError'{0x00000000d642fdc0}: 'int java.lang.invoke.DirectMethodHandle$Holder.invokeStaticInit(java.lang.Object, double, double)'> (0x00000000d642fdc0) 
thrown [s\src\hotspot\share\interpreter\linkResolver.cpp, line 773]
Event: 10.341 Thread 0x0000022fff2b3e50 Exception <a 'java/lang/NoSuchMethodError'{0x00000000d6434868}: 'int java.lang.invoke.DirectMethodHandle$Holder.invokeStatic(java.lang.Object, long)'> (0x00000000d6434868) 
thrown [s\src\hotspot\share\interpreter\linkResolver.cpp, line 773]
Event: 10.354 Thread 0x0000022fff2b3e50 Exception <a 'java/lang/NoSuchMethodError'{0x00000000d6453570}: 'int java.lang.invoke.Invokers$Holder.linkToTargetMethod(java.lang.Object, java.lang.Object)'> (0x00000000d6453570) 
thrown [s\src\hotspot\share\interpreter\linkResolver.cpp, line 773]
Event: 12.244 Thread 0x0000022fff2b3e50 Implicit null exception at 0x0000022ff70d2c9e to 0x0000022ff70d383c

ZGC Phase Switch (0 events):
No events

VM Operations (20 events):
Event: 10.758 Executing VM operation: ParallelGCFailedAllocation (Allocation Failure)
Event: 10.764 Executing VM operation: ParallelGCFailedAllocation (Allocation Failure) done
Event: 10.888 Executing VM operation: ParallelGCFailedAllocation (Allocation Failure)
Event: 10.894 Executing VM operation: ParallelGCFailedAllocation (Allocation Failure) done
Event: 11.056 Executing VM operation: ParallelGCFailedAllocation (Allocation Failure)
Event: 11.061 Executing VM operation: ParallelGCFailedAllocation (Allocation Failure) done
Event: 11.171 Executing VM operation: ParallelGCFailedAllocation (Allocation Failure)
Event: 11.176 Executing VM operation: ParallelGCFailedAllocation (Allocation Failure) done
Event: 11.492 Executing VM operation: HandshakeAllThreads (Deoptimize)
Event: 11.492 Executing VM operation: HandshakeAllThreads (Deoptimize) done
Event: 11.859 Executing VM operation: ParallelGCFailedAllocation (Allocation Failure)
Event: 11.863 Executing VM operation: ParallelGCFailedAllocation (Allocation Failure) done
Event: 12.007 Executing VM operation: CollectForMetadataAllocation (Metadata GC Threshold)
Event: 12.083 Executing VM operation: CollectForMetadataAllocation (Metadata GC Threshold) done
Event: 12.466 Executing VM operation: ParallelGCFailedAllocation (Allocation Failure)
Event: 12.468 Executing VM operation: ParallelGCFailedAllocation (Allocation Failure) done
Event: 12.707 Executing VM operation: ParallelGCFailedAllocation (Allocation Failure)
Event: 12.709 Executing VM operation: ParallelGCFailedAllocation (Allocation Failure) done
Event: 12.909 Executing VM operation: HandshakeAllThreads (Deoptimize)
Event: 12.909 Executing VM operation: HandshakeAllThreads (Deoptimize) done

Memory protections (0 events):
No events

Nmethod flushes (20 events):
Event: 12.038 Thread 0x0000022fec08daa0 flushing  nmethod 0x0000022fef6e7d10
Event: 12.038 Thread 0x0000022fec08daa0 flushing  nmethod 0x0000022fef6ed490
Event: 12.038 Thread 0x0000022fec08daa0 flushing  nmethod 0x0000022fef6ede10
Event: 12.038 Thread 0x0000022fec08daa0 flushing  nmethod 0x0000022fef6f1010
Event: 12.038 Thread 0x0000022fec08daa0 flushing  nmethod 0x0000022fef6f3790
Event: 12.038 Thread 0x0000022fec08daa0 flushing  nmethod 0x0000022fef6f4790
Event: 12.038 Thread 0x0000022fec08daa0 flushing  nmethod 0x0000022fef6fa690
Event: 12.038 Thread 0x0000022fec08daa0 flushing  nmethod 0x0000022fef725c90
Event: 12.038 Thread 0x0000022fec08daa0 flushing  nmethod 0x0000022fef725f90
Event: 12.038 Thread 0x0000022fec08daa0 flushing  nmethod 0x0000022fef72d390
Event: 12.038 Thread 0x0000022fec08daa0 flushing  nmethod 0x0000022fef77ef10
Event: 12.038 Thread 0x0000022fec08daa0 flushing  nmethod 0x0000022fef80ff10
Event: 12.038 Thread 0x0000022fec08daa0 flushing  nmethod 0x0000022fef810390
Event: 12.038 Thread 0x0000022fec08daa0 flushing  nmethod 0x0000022fef840410
Event: 12.038 Thread 0x0000022fec08daa0 flushing  nmethod 0x0000022fef840e10
Event: 12.038 Thread 0x0000022fec08daa0 flushing  nmethod 0x0000022fef845710
Event: 12.038 Thread 0x0000022fec08daa0 flushing  nmethod 0x0000022fef887f90
Event: 12.038 Thread 0x0000022fec08daa0 flushing  nmethod 0x0000022fef8b3010
Event: 12.038 Thread 0x0000022fec08daa0 flushing  nmethod 0x0000022fef8c5810
Event: 12.038 Thread 0x0000022fec08daa0 flushing  nmethod 0x0000022fef8cc510

Events (20 events):
Event: 0.080 Thread 0x0000022fec1db400 Thread added: 0x0000022fec24a600
Event: 1.224 Thread 0x0000022fec1db400 Thread added: 0x0000022fff2492c0
Event: 4.296 Thread 0x0000022fec1db400 Thread added: 0x0000022fff72bc30
Event: 4.835 Thread 0x0000022fec1db400 Thread added: 0x0000022fff825920
Event: 4.839 Thread 0x0000022fec1db400 Thread added: 0x0000022fff826250
Event: 4.889 Thread 0x0000022fff826250 Thread added: 0x0000022fff8c4220
Event: 5.177 Thread 0x0000022fff826250 Thread added: 0x0000022fff8601e0
Event: 5.672 Thread 0x0000022fff826250 Thread added: 0x0000022fffb49690
Event: 6.493 Thread 0x0000022fff826250 Thread added: 0x0000022fc910c1f0
Event: 6.548 Thread 0x0000022fff826250 Thread added: 0x0000022fff132830
Event: 6.567 Thread 0x0000022fff826250 Thread added: 0x0000022fff2b37c0
Event: 8.402 Thread 0x0000022fff826250 Thread added: 0x0000022fff2b3e50
Event: 8.538 Thread 0x0000022fff2b3e50 Thread exited: 0x0000022fff2b3e50
Event: 9.091 Thread 0x0000022fec1db400 Thread added: 0x0000022fff2b44e0
Event: 9.091 Thread 0x0000022fec1db400 Thread added: 0x0000022fff2b2aa0
Event: 9.091 Thread 0x0000022fec1db400 Thread added: 0x0000022fff2b1060
Event: 9.105 Thread 0x0000022fec1db400 Thread added: 0x0000022fff2b3130
Event: 9.764 Thread 0x0000022fec1db400 Thread added: 0x0000022fff2b16f0
Event: 9.764 Thread 0x0000022fec1db400 Thread added: 0x0000022fff2b3e50
Event: 11.679 Thread 0x0000022fff8601e0 Thread exited: 0x0000022fff8601e0


Dynamic libraries:
0x00007ff628520000 - 0x00007ff62852e000 	c:\Users\Administrator\.vscode\extensions\redhat.java-1.45.0-win32-x64\jre\21.0.8-win32-x86_64\bin\java.exe
0x00007fffd85e0000 - 0x00007fffd8849000 	C:\Windows\SYSTEM32\ntdll.dll
0x00007fffd7790000 - 0x00007fffd7859000 	C:\Windows\System32\KERNEL32.DLL
0x00007fffd5bc0000 - 0x00007fffd5fb3000 	C:\Windows\System32\KERNELBASE.dll
0x00007fffd5a40000 - 0x00007fffd5b8b000 	C:\Windows\System32\ucrtbase.dll
0x00007fffca4f0000 - 0x00007fffca508000 	c:\Users\Administrator\.vscode\extensions\redhat.java-1.45.0-win32-x64\jre\21.0.8-win32-x86_64\bin\jli.dll
0x00007fffd7410000 - 0x00007fffd75d4000 	C:\Windows\System32\USER32.dll
0x00007fffd5b90000 - 0x00007fffd5bb7000 	C:\Windows\System32\win32u.dll
0x00007fffd83e0000 - 0x00007fffd840b000 	C:\Windows\System32\GDI32.dll
0x00007fffd5fc0000 - 0x00007fffd60ed000 	C:\Windows\System32\gdi32full.dll
0x00007fffd6300000 - 0x00007fffd63a3000 	C:\Windows\System32\msvcp_win.dll
0x00007fffca300000 - 0x00007fffca31e000 	c:\Users\Administrator\.vscode\extensions\redhat.java-1.45.0-win32-x64\jre\21.0.8-win32-x86_64\bin\VCRUNTIME140.dll
0x00007fffc7100000 - 0x00007fffc7393000 	C:\Windows\WinSxS\amd64_microsoft.windows.common-controls_6595b64144ccf1df_6.0.26100.5074_none_3e0d6f78e32fd63f\COMCTL32.dll
0x00007fffd8030000 - 0x00007fffd80d9000 	C:\Windows\System32\msvcrt.dll
0x00007fffd66c0000 - 0x00007fffd66ef000 	C:\Windows\System32\IMM32.DLL
0x00007fffcd800000 - 0x00007fffcd80c000 	c:\Users\Administrator\.vscode\extensions\redhat.java-1.45.0-win32-x64\jre\21.0.8-win32-x86_64\bin\vcruntime140_1.dll
0x00007fffaa570000 - 0x00007fffaa5fd000 	c:\Users\Administrator\.vscode\extensions\redhat.java-1.45.0-win32-x64\jre\21.0.8-win32-x86_64\bin\msvcp140.dll
0x00007fffa6060000 - 0x00007fffa6df7000 	c:\Users\Administrator\.vscode\extensions\redhat.java-1.45.0-win32-x64\jre\21.0.8-win32-x86_64\bin\server\jvm.dll
0x00007fffd8290000 - 0x00007fffd8344000 	C:\Windows\System32\ADVAPI32.dll
0x00007fffd81c0000 - 0x00007fffd8266000 	C:\Windows\System32\sechost.dll
0x00007fffd8410000 - 0x00007fffd8528000 	C:\Windows\System32\RPCRT4.dll
0x00007fffd7fb0000 - 0x00007fffd8024000 	C:\Windows\System32\WS2_32.dll
0x00007fffd5620000 - 0x00007fffd567e000 	C:\Windows\SYSTEM32\POWRPROF.dll
0x00007fffb5900000 - 0x00007fffb5935000 	C:\Windows\SYSTEM32\WINMM.dll
0x00007fffc74b0000 - 0x00007fffc74bb000 	C:\Windows\SYSTEM32\VERSION.dll
0x00007fffd55d0000 - 0x00007fffd55e4000 	C:\Windows\SYSTEM32\UMPDC.dll
0x00007fffd4550000 - 0x00007fffd456b000 	C:\Windows\SYSTEM32\kernel.appcore.dll
0x00007fffcd4e0000 - 0x00007fffcd4ea000 	c:\Users\Administrator\.vscode\extensions\redhat.java-1.45.0-win32-x64\jre\21.0.8-win32-x86_64\bin\jimage.dll
0x00007fffbb510000 - 0x00007fffbb752000 	C:\Windows\SYSTEM32\DBGHELP.DLL
0x00007fffd6840000 - 0x00007fffd6bbb000 	C:\Windows\System32\combase.dll
0x00007fffd7860000 - 0x00007fffd7937000 	C:\Windows\System32\OLEAUT32.dll
0x00007fff84c40000 - 0x00007fff84c7d000 	C:\Windows\SYSTEM32\dbgcore.DLL
0x00007fffd60f0000 - 0x00007fffd6189000 	C:\Windows\System32\bcryptPrimitives.dll
0x00007fffccbd0000 - 0x00007fffccbdf000 	c:\Users\Administrator\.vscode\extensions\redhat.java-1.45.0-win32-x64\jre\21.0.8-win32-x86_64\bin\instrument.dll
0x00007fffc61d0000 - 0x00007fffc61ef000 	c:\Users\Administrator\.vscode\extensions\redhat.java-1.45.0-win32-x64\jre\21.0.8-win32-x86_64\bin\java.dll
0x00007fffd6cc0000 - 0x00007fffd740d000 	C:\Windows\System32\SHELL32.dll
0x00007fffd6190000 - 0x00007fffd62fc000 	C:\Windows\System32\wintypes.dll
0x00007fffd3410000 - 0x00007fffd3c69000 	C:\Windows\SYSTEM32\windows.storage.dll
0x00007fffd6bc0000 - 0x00007fffd6cb0000 	C:\Windows\System32\SHCORE.dll
0x00007fffd8530000 - 0x00007fffd8592000 	C:\Windows\System32\shlwapi.dll
0x00007fffd5690000 - 0x00007fffd56b9000 	C:\Windows\SYSTEM32\profapi.dll
0x00007fffb8110000 - 0x00007fffb8128000 	c:\Users\Administrator\.vscode\extensions\redhat.java-1.45.0-win32-x64\jre\21.0.8-win32-x86_64\bin\zip.dll
0x00007fffcc360000 - 0x00007fffcc370000 	C:\Users\Administrator\.vscode\extensions\redhat.java-1.45.0-win32-x64\jre\21.0.8-win32-x86_64\bin\net.dll
0x00007fffcf6b0000 - 0x00007fffcf7cf000 	C:\Windows\SYSTEM32\WINHTTP.dll
0x00007fffd4ad0000 - 0x00007fffd4b3b000 	C:\Windows\system32\mswsock.dll
0x00007fffbe180000 - 0x00007fffbe196000 	C:\Users\Administrator\.vscode\extensions\redhat.java-1.45.0-win32-x64\jre\21.0.8-win32-x86_64\bin\nio.dll
0x00007fffc7470000 - 0x00007fffc7480000 	c:\Users\Administrator\.vscode\extensions\redhat.java-1.45.0-win32-x64\jre\21.0.8-win32-x86_64\bin\verify.dll
0x00007fffbdac0000 - 0x00007fffbdb04000 	C:\Users\Administrator\AppData\Roaming\Code\User\globalStorage\redhat.java\1.45.0\config_ss_win\org.eclipse.equinox.launcher\org.eclipse.equinox.launcher.win32.win32.x86_64_1.2.1400.v20250801-0854\eclipse_11916.dll
0x00007fffd6520000 - 0x00007fffd66b8000 	C:\Windows\System32\ole32.dll
0x00007fffd4d80000 - 0x00007fffd4d9b000 	C:\Windows\SYSTEM32\CRYPTSP.dll
0x00007fffd44b0000 - 0x00007fffd44eb000 	C:\Windows\system32\rsaenh.dll
0x00007fffd4b70000 - 0x00007fffd4b9b000 	C:\Windows\SYSTEM32\USERENV.dll
0x00007fffd55f0000 - 0x00007fffd5616000 	C:\Windows\SYSTEM32\bcrypt.dll
0x00007fffd4d70000 - 0x00007fffd4d7c000 	C:\Windows\SYSTEM32\CRYPTBASE.dll
0x00007fffd3f70000 - 0x00007fffd3fa4000 	C:\Windows\SYSTEM32\IPHLPAPI.DLL
0x00007fffd8380000 - 0x00007fffd838a000 	C:\Windows\System32\NSI.dll
0x00007fffbda70000 - 0x00007fffbdab9000 	C:\Users\Administrator\AppData\Local\Temp\jna-146731693\jna10888991893472137717.dll
0x00007fffd75e0000 - 0x00007fffd75e8000 	C:\Windows\System32\PSAPI.DLL
0x00007fffcf620000 - 0x00007fffcf63e000 	C:\Windows\SYSTEM32\dhcpcsvc6.DLL
0x00007fffcf4a0000 - 0x00007fffcf4c3000 	C:\Windows\SYSTEM32\dhcpcsvc.DLL

JVMTI agents:
c:\Users\Administrator\.vscode\extensions\redhat.java-1.45.0-win32-x64\lombok\lombok-1.18.39-4050.jar path:c:\Users\Administrator\.vscode\extensions\redhat.java-1.45.0-win32-x64\jre\21.0.8-win32-x86_64\bin\instrument.dll, loaded, initialized, instrumentlib options:none

dbghelp: loaded successfully - version: 4.0.5 - missing functions: none
symbol engine: initialized successfully - sym options: 0x614 - pdb path: .;c:\Users\Administrator\.vscode\extensions\redhat.java-1.45.0-win32-x64\jre\21.0.8-win32-x86_64\bin;C:\Windows\SYSTEM32;C:\Windows\WinSxS\amd64_microsoft.windows.common-controls_6595b64144ccf1df_6.0.26100.5074_none_3e0d6f78e32fd63f;c:\Users\Administrator\.vscode\extensions\redhat.java-1.45.0-win32-x64\jre\21.0.8-win32-x86_64\bin\server;C:\Users\Administrator\AppData\Roaming\Code\User\globalStorage\redhat.java\1.45.0\config_ss_win\org.eclipse.equinox.launcher\org.eclipse.equinox.launcher.win32.win32.x86_64_1.2.1400.v20250801-0854;C:\Users\Administrator\AppData\Local\Temp\jna-146731693

VM Arguments:
jvm_args: --add-modules=ALL-SYSTEM --add-opens=java.base/java.util=ALL-UNNAMED --add-opens=java.base/java.lang=ALL-UNNAMED --add-opens=java.base/sun.nio.fs=ALL-UNNAMED -Declipse.application=org.eclipse.jdt.ls.core.id1 -Dosgi.bundles.defaultStartLevel=4 -Declipse.product=org.eclipse.jdt.ls.core.product -Djava.import.generatesMetadataFilesAtProjectRoot=false -DDetectVMInstallationsJob.disabled=true -Dfile.encoding=utf8 -XX:+UseParallelGC -XX:GCTimeRatio=4 -XX:AdaptiveSizePolicyWeight=90 -Dsun.zip.disableMemoryMapping=true -Xmx2G -Xms100m -Xlog:disable -javaagent:c:\Users\Administrator\.vscode\extensions\redhat.java-1.45.0-win32-x64\lombok\lombok-1.18.39-4050.jar 
java_command: c:\Users\Administrator\.vscode\extensions\redhat.java-1.45.0-win32-x64\server\plugins\org.eclipse.equinox.launcher_1.7.0.v20250519-0528.jar -configuration c:\Users\Administrator\AppData\Roaming\Code\User\globalStorage\redhat.java\1.45.0\config_ss_win -data c:\Users\Administrator\AppData\Roaming\Code\User\workspaceStorage\9f562e75b6faa5378a3157675aea7a30\redhat.java\ss_ws --pipe=\\.\pipe\lsp-2e6590109706ad042153d5e84a4c022c-sock
java_class_path (initial): c:\Users\Administrator\.vscode\extensions\redhat.java-1.45.0-win32-x64\server\plugins\org.eclipse.equinox.launcher_1.7.0.v20250519-0528.jar
Launcher Type: SUN_STANDARD

[Global flags]
    uintx AdaptiveSizePolicyWeight                 = 90                                        {product} {command line}
     intx CICompilerCount                          = 2                                         {product} {ergonomic}
    uintx GCTimeRatio                              = 4                                         {product} {command line}
   size_t InitialHeapSize                          = 104857600                                 {product} {command line}
   size_t MaxHeapSize                              = 2147483648                                {product} {command line}
   size_t MaxNewSize                               = 715653120                                 {product} {ergonomic}
   size_t MinHeapDeltaBytes                        = 524288                                    {product} {ergonomic}
   size_t MinHeapSize                              = 104857600                                 {product} {command line}
   size_t NewSize                                  = 34603008                                  {product} {ergonomic}
    uintx NonNMethodCodeHeapSize                   = 5826188                                {pd product} {ergonomic}
    uintx NonProfiledCodeHeapSize                  = 122916026                              {pd product} {ergonomic}
   size_t OldSize                                  = 70254592                                  {product} {ergonomic}
    uintx ProfiledCodeHeapSize                     = 122916026                              {pd product} {ergonomic}
    uintx ReservedCodeCacheSize                    = 251658240                              {pd product} {ergonomic}
     bool SegmentedCodeCache                       = true                                      {product} {ergonomic}
   size_t SoftMaxHeapSize                          = 2147483648                             {manageable} {ergonomic}
     bool UseCompressedOops                        = true                           {product lp64_product} {ergonomic}
     bool UseLargePagesIndividualAllocation        = false                                  {pd product} {ergonomic}
     bool UseParallelGC                            = true                                      {product} {command line}

Logging:
Log output configuration:
 #0: stdout all=off uptime,level,tags foldmultilines=false
 #1: stderr all=off uptime,level,tags foldmultilines=false

Environment Variables:
PATH=C:\Program Files\Common Files\Oracle\Java\javapath;C:\Python313\Scripts\;C:\Python313\;C:\Program Files\Python313\Scripts\;C:\Program Files\Python313\;C:\Windows\system32;C:\Windows;C:\Windows\System32\Wbem;C:\Windows\System32\WindowsPowerShell\v1.0\;C:\Windows\System32\OpenSSH\;C:\Program Files\Microsoft SQL Server\150\Tools\Binn\;C:\Program Files\Microsoft SQL Server\Client SDK\ODBC\170\Tools\Binn\;C:\Program Files\dotnet\;C:\Program Files\Git\cmd;C:\Program Files\Azure Data Studio\bin;C:\ProgramData\chocolatey\bin;C:\Program Files\Git\usr\bin;C:\Program Files (x86)\Windows Kits\10\Windows Performance Toolkit\;C:\Program Files\Microsoft VS Code\bin;C:\ProgramData\chocolatey\lib\maven\apache-maven-3.9.11\bin;C:\Program Files\Java\jdk-24\bin;C:\Program Files\PostgreSQL\17\bin;C:\Users\Administrator\AppData\Local\nvm;C:\nvm4w\nodejs;C:\Users\Administrator\AppData\Local\Microsoft\WindowsApps;C:\Users\Administrator\AppData\Roaming\npm;C:\Users\Administrator\AppData\Local\nvm;C:\nvm4w\nodejs
USERNAME=Administrator
OS=Windows_NT
PROCESSOR_IDENTIFIER=Intel64 Family 6 Model 85 Stepping 6, GenuineIntel
TMP=C:\Users\ADMINI~1\AppData\Local\Temp
TEMP=C:\Users\ADMINI~1\AppData\Local\Temp




Periodic native trim disabled

---------------  S Y S T E M  ---------------

OS:
 Windows 11 , 64 bit Build 26100 (10.0.26100.5074)
OS uptime: 6 days 6:23 hours
KVM virtualization detected

CPU: total 2 (initial active 2) (2 cores per cpu, 1 threads per core) family 6 model 85 stepping 6 microcode 0x1, cx8, cmov, fxsr, mmx, 3dnowpref, sse, sse2, sse3, ssse3, sse4.1, sse4.2, popcnt, lzcnt, tsc, avx, avx2, aes, erms, clmul, bmi1, bmi2, adx, avx512f, avx512dq, avx512cd, avx512bw, avx512vl, fma, vzeroupper, avx512_vnni, clflush, clflushopt, clwb, hv, rdtscp, f16c
Processor Information for the first 2 processors :
  Max Mhz: 3392, Current Mhz: 3392, Mhz Limit: 3392

Memory: 4k page, system-wide physical 6060M (205M free)
TotalPageFile size 18745M (AvailPageFile size 3M)
current process WorkingSet (physical memory assigned to process): 189M, peak: 194M
current process commit charge ("private bytes"): 281M, peak: 285M

vm_info: OpenJDK 64-Bit Server VM (21.0.8+9-LTS) for windows-amd64 JRE (21.0.8+9-LTS), built on 2025-07-15T00:00:00Z by "admin" with MS VC++ 17.7 (VS2022)

END.
